[0.131s] DEBUG:colcon:Command line arguments: ['/usr/bin/colcon', 'build', '--packages-select', 'fastbev_ros', '--symlink-install']
[0.131s] DEBUG:colcon:Parsed command line arguments: Namespace(log_base=None, log_level=None, verb_name='build', build_base='build', install_base='install', merge_install=False, symlink_install=True, test_result_base=None, continue_on_error=False, executor='parallel', parallel_workers=16, event_handlers=None, ignore_user_meta=False, metas=['./colcon.meta'], base_paths=['.'], packages_ignore=None, packages_ignore_regex=None, paths=None, packages_up_to=None, packages_up_to_regex=None, packages_above=None, packages_above_and_dependencies=None, packages_above_depth=None, packages_select_by_dep=None, packages_skip_by_dep=None, packages_skip_up_to=None, packages_select_build_failed=False, packages_skip_build_finished=False, packages_select_test_failures=False, packages_skip_test_passed=False, packages_select=['fastbev_ros'], packages_skip=None, packages_select_regex=None, packages_skip_regex=None, packages_start=None, packages_end=None, allow_overriding=[], cmake_args=None, cmake_target=None, cmake_target_skip_unavailable=False, cmake_clean_cache=False, cmake_clean_first=False, cmake_force_configure=False, ament_cmake_args=None, catkin_cmake_args=None, catkin_skip_building_tests=False, verb_parser=<colcon_defaults.argument_parser.defaults.DefaultArgumentsDecorator object at 0x7b8d9fc27910>, verb_extension=<colcon_core.verb.build.BuildVerb object at 0x7b8d9fc27400>, main=<bound method BuildVerb.main of <colcon_core.verb.build.BuildVerb object at 0x7b8d9fc27400>>)
[0.255s] Level 1:colcon.colcon_core.package_discovery:discover_packages(colcon_meta) check parameters
[0.255s] Level 1:colcon.colcon_core.package_discovery:discover_packages(recursive) check parameters
[0.255s] Level 1:colcon.colcon_core.package_discovery:discover_packages(ignore) check parameters
[0.255s] Level 1:colcon.colcon_core.package_discovery:discover_packages(path) check parameters
[0.255s] Level 1:colcon.colcon_core.package_discovery:discover_packages(colcon_meta) discover
[0.255s] Level 1:colcon.colcon_core.package_discovery:discover_packages(recursive) discover
[0.255s] INFO:colcon.colcon_core.package_discovery:Crawling recursively for packages in '/home/kenta/ros2_ws'
[0.255s] Level 1:colcon.colcon_core.package_identification:_identify(.) by extensions ['ignore', 'ignore_ament_install']
[0.255s] Level 1:colcon.colcon_core.package_identification:_identify(.) by extension 'ignore'
[0.255s] Level 1:colcon.colcon_core.package_identification:_identify(.) by extension 'ignore_ament_install'
[0.255s] Level 1:colcon.colcon_core.package_identification:_identify(.) by extensions ['colcon_pkg']
[0.255s] Level 1:colcon.colcon_core.package_identification:_identify(.) by extension 'colcon_pkg'
[0.255s] Level 1:colcon.colcon_core.package_identification:_identify(.) by extensions ['colcon_meta']
[0.255s] Level 1:colcon.colcon_core.package_identification:_identify(.) by extension 'colcon_meta'
[0.255s] Level 1:colcon.colcon_core.package_identification:_identify(.) by extensions ['ros']
[0.256s] Level 1:colcon.colcon_core.package_identification:_identify(.) by extension 'ros'
[0.268s] Level 1:colcon.colcon_core.package_identification:_identify(.) by extensions ['cmake', 'python']
[0.268s] Level 1:colcon.colcon_core.package_identification:_identify(.) by extension 'cmake'
[0.268s] Level 1:colcon.colcon_core.package_identification:_identify(.) by extension 'python'
[0.268s] Level 1:colcon.colcon_core.package_identification:_identify(.) by extensions ['python_setup_py']
[0.268s] Level 1:colcon.colcon_core.package_identification:_identify(.) by extension 'python_setup_py'
[0.268s] Level 1:colcon.colcon_core.package_identification:_identify(build) by extensions ['ignore', 'ignore_ament_install']
[0.268s] Level 1:colcon.colcon_core.package_identification:_identify(build) by extension 'ignore'
[0.268s] Level 1:colcon.colcon_core.package_identification:_identify(build) ignored
[0.268s] Level 1:colcon.colcon_core.package_identification:_identify(data_nuscenes) by extensions ['ignore', 'ignore_ament_install']
[0.268s] Level 1:colcon.colcon_core.package_identification:_identify(data_nuscenes) by extension 'ignore'
[0.268s] Level 1:colcon.colcon_core.package_identification:_identify(data_nuscenes) by extension 'ignore_ament_install'
[0.268s] Level 1:colcon.colcon_core.package_identification:_identify(data_nuscenes) by extensions ['colcon_pkg']
[0.269s] Level 1:colcon.colcon_core.package_identification:_identify(data_nuscenes) by extension 'colcon_pkg'
[0.269s] Level 1:colcon.colcon_core.package_identification:_identify(data_nuscenes) by extensions ['colcon_meta']
[0.269s] Level 1:colcon.colcon_core.package_identification:_identify(data_nuscenes) by extension 'colcon_meta'
[0.269s] Level 1:colcon.colcon_core.package_identification:_identify(data_nuscenes) by extensions ['ros']
[0.269s] Level 1:colcon.colcon_core.package_identification:_identify(data_nuscenes) by extension 'ros'
[0.269s] Level 1:colcon.colcon_core.package_identification:_identify(data_nuscenes) by extensions ['cmake', 'python']
[0.269s] Level 1:colcon.colcon_core.package_identification:_identify(data_nuscenes) by extension 'cmake'
[0.269s] Level 1:colcon.colcon_core.package_identification:_identify(data_nuscenes) by extension 'python'
[0.269s] Level 1:colcon.colcon_core.package_identification:_identify(data_nuscenes) by extensions ['python_setup_py']
[0.269s] Level 1:colcon.colcon_core.package_identification:_identify(data_nuscenes) by extension 'python_setup_py'
[0.273s] Level 1:colcon.colcon_core.package_identification:_identify(data_nuscenes/can_bus) by extensions ['ignore', 'ignore_ament_install']
[0.273s] Level 1:colcon.colcon_core.package_identification:_identify(data_nuscenes/can_bus) by extension 'ignore'
[0.273s] Level 1:colcon.colcon_core.package_identification:_identify(data_nuscenes/can_bus) by extension 'ignore_ament_install'
[0.273s] Level 1:colcon.colcon_core.package_identification:_identify(data_nuscenes/can_bus) by extensions ['colcon_pkg']
[0.273s] Level 1:colcon.colcon_core.package_identification:_identify(data_nuscenes/can_bus) by extension 'colcon_pkg'
[0.273s] Level 1:colcon.colcon_core.package_identification:_identify(data_nuscenes/can_bus) by extensions ['colcon_meta']
[0.273s] Level 1:colcon.colcon_core.package_identification:_identify(data_nuscenes/can_bus) by extension 'colcon_meta'
[0.273s] Level 1:colcon.colcon_core.package_identification:_identify(data_nuscenes/can_bus) by extensions ['ros']
[0.273s] Level 1:colcon.colcon_core.package_identification:_identify(data_nuscenes/can_bus) by extension 'ros'
[0.273s] Level 1:colcon.colcon_core.package_identification:_identify(data_nuscenes/can_bus) by extensions ['cmake', 'python']
[0.273s] Level 1:colcon.colcon_core.package_identification:_identify(data_nuscenes/can_bus) by extension 'cmake'
[0.273s] Level 1:colcon.colcon_core.package_identification:_identify(data_nuscenes/can_bus) by extension 'python'
[0.273s] Level 1:colcon.colcon_core.package_identification:_identify(data_nuscenes/can_bus) by extensions ['python_setup_py']
[0.274s] Level 1:colcon.colcon_core.package_identification:_identify(data_nuscenes/can_bus) by extension 'python_setup_py'
[0.274s] Level 1:colcon.colcon_core.package_identification:_identify(data_nuscenes/nuscenes) by extensions ['ignore', 'ignore_ament_install']
[0.274s] Level 1:colcon.colcon_core.package_identification:_identify(data_nuscenes/nuscenes) by extension 'ignore'
[0.274s] Level 1:colcon.colcon_core.package_identification:_identify(data_nuscenes/nuscenes) by extension 'ignore_ament_install'
[0.274s] Level 1:colcon.colcon_core.package_identification:_identify(data_nuscenes/nuscenes) by extensions ['colcon_pkg']
[0.274s] Level 1:colcon.colcon_core.package_identification:_identify(data_nuscenes/nuscenes) by extension 'colcon_pkg'
[0.274s] Level 1:colcon.colcon_core.package_identification:_identify(data_nuscenes/nuscenes) by extensions ['colcon_meta']
[0.274s] Level 1:colcon.colcon_core.package_identification:_identify(data_nuscenes/nuscenes) by extension 'colcon_meta'
[0.274s] Level 1:colcon.colcon_core.package_identification:_identify(data_nuscenes/nuscenes) by extensions ['ros']
[0.274s] Level 1:colcon.colcon_core.package_identification:_identify(data_nuscenes/nuscenes) by extension 'ros'
[0.274s] Level 1:colcon.colcon_core.package_identification:_identify(data_nuscenes/nuscenes) by extensions ['cmake', 'python']
[0.274s] Level 1:colcon.colcon_core.package_identification:_identify(data_nuscenes/nuscenes) by extension 'cmake'
[0.274s] Level 1:colcon.colcon_core.package_identification:_identify(data_nuscenes/nuscenes) by extension 'python'
[0.274s] Level 1:colcon.colcon_core.package_identification:_identify(data_nuscenes/nuscenes) by extensions ['python_setup_py']
[0.274s] Level 1:colcon.colcon_core.package_identification:_identify(data_nuscenes/nuscenes) by extension 'python_setup_py'
[0.737s] Level 1:colcon.colcon_core.package_identification:_identify(data_nuscenes/nuscenes/bevdetv3-nuscenes_gt_database) by extensions ['ignore', 'ignore_ament_install']
[0.737s] Level 1:colcon.colcon_core.package_identification:_identify(data_nuscenes/nuscenes/bevdetv3-nuscenes_gt_database) by extension 'ignore'
[0.737s] Level 1:colcon.colcon_core.package_identification:_identify(data_nuscenes/nuscenes/bevdetv3-nuscenes_gt_database) by extension 'ignore_ament_install'
[0.737s] Level 1:colcon.colcon_core.package_identification:_identify(data_nuscenes/nuscenes/bevdetv3-nuscenes_gt_database) by extensions ['colcon_pkg']
[0.737s] Level 1:colcon.colcon_core.package_identification:_identify(data_nuscenes/nuscenes/bevdetv3-nuscenes_gt_database) by extension 'colcon_pkg'
[0.737s] Level 1:colcon.colcon_core.package_identification:_identify(data_nuscenes/nuscenes/bevdetv3-nuscenes_gt_database) by extensions ['colcon_meta']
[0.741s] Level 1:colcon.colcon_core.package_identification:_identify(data_nuscenes/nuscenes/bevdetv3-nuscenes_gt_database) by extension 'colcon_meta'
[0.741s] Level 1:colcon.colcon_core.package_identification:_identify(data_nuscenes/nuscenes/bevdetv3-nuscenes_gt_database) by extensions ['ros']
[0.741s] Level 1:colcon.colcon_core.package_identification:_identify(data_nuscenes/nuscenes/bevdetv3-nuscenes_gt_database) by extension 'ros'
[0.741s] Level 1:colcon.colcon_core.package_identification:_identify(data_nuscenes/nuscenes/bevdetv3-nuscenes_gt_database) by extensions ['cmake', 'python']
[0.741s] Level 1:colcon.colcon_core.package_identification:_identify(data_nuscenes/nuscenes/bevdetv3-nuscenes_gt_database) by extension 'cmake'
[0.741s] Level 1:colcon.colcon_core.package_identification:_identify(data_nuscenes/nuscenes/bevdetv3-nuscenes_gt_database) by extension 'python'
[0.741s] Level 1:colcon.colcon_core.package_identification:_identify(data_nuscenes/nuscenes/bevdetv3-nuscenes_gt_database) by extensions ['python_setup_py']
[0.741s] Level 1:colcon.colcon_core.package_identification:_identify(data_nuscenes/nuscenes/bevdetv3-nuscenes_gt_database) by extension 'python_setup_py'
[0.756s] Level 1:colcon.colcon_core.package_identification:_identify(data_nuscenes/nuscenes/bevdetv3_full) by extensions ['ignore', 'ignore_ament_install']
[0.756s] Level 1:colcon.colcon_core.package_identification:_identify(data_nuscenes/nuscenes/bevdetv3_full) by extension 'ignore'
[0.756s] Level 1:colcon.colcon_core.package_identification:_identify(data_nuscenes/nuscenes/bevdetv3_full) by extension 'ignore_ament_install'
[0.757s] Level 1:colcon.colcon_core.package_identification:_identify(data_nuscenes/nuscenes/bevdetv3_full) by extensions ['colcon_pkg']
[0.757s] Level 1:colcon.colcon_core.package_identification:_identify(data_nuscenes/nuscenes/bevdetv3_full) by extension 'colcon_pkg'
[0.757s] Level 1:colcon.colcon_core.package_identification:_identify(data_nuscenes/nuscenes/bevdetv3_full) by extensions ['colcon_meta']
[0.757s] Level 1:colcon.colcon_core.package_identification:_identify(data_nuscenes/nuscenes/bevdetv3_full) by extension 'colcon_meta'
[0.757s] Level 1:colcon.colcon_core.package_identification:_identify(data_nuscenes/nuscenes/bevdetv3_full) by extensions ['ros']
[0.757s] Level 1:colcon.colcon_core.package_identification:_identify(data_nuscenes/nuscenes/bevdetv3_full) by extension 'ros'
[0.757s] Level 1:colcon.colcon_core.package_identification:_identify(data_nuscenes/nuscenes/bevdetv3_full) by extensions ['cmake', 'python']
[0.757s] Level 1:colcon.colcon_core.package_identification:_identify(data_nuscenes/nuscenes/bevdetv3_full) by extension 'cmake'
[0.757s] Level 1:colcon.colcon_core.package_identification:_identify(data_nuscenes/nuscenes/bevdetv3_full) by extension 'python'
[0.757s] Level 1:colcon.colcon_core.package_identification:_identify(data_nuscenes/nuscenes/bevdetv3_full) by extensions ['python_setup_py']
[0.757s] Level 1:colcon.colcon_core.package_identification:_identify(data_nuscenes/nuscenes/bevdetv3_full) by extension 'python_setup_py'
[0.757s] Level 1:colcon.colcon_core.package_identification:_identify(data_nuscenes/nuscenes/bevdetv3_full/0302) by extensions ['ignore', 'ignore_ament_install']
[0.757s] Level 1:colcon.colcon_core.package_identification:_identify(data_nuscenes/nuscenes/bevdetv3_full/0302) by extension 'ignore'
[0.757s] Level 1:colcon.colcon_core.package_identification:_identify(data_nuscenes/nuscenes/bevdetv3_full/0302) by extension 'ignore_ament_install'
[0.757s] Level 1:colcon.colcon_core.package_identification:_identify(data_nuscenes/nuscenes/bevdetv3_full/0302) by extensions ['colcon_pkg']
[0.757s] Level 1:colcon.colcon_core.package_identification:_identify(data_nuscenes/nuscenes/bevdetv3_full/0302) by extension 'colcon_pkg'
[0.757s] Level 1:colcon.colcon_core.package_identification:_identify(data_nuscenes/nuscenes/bevdetv3_full/0302) by extensions ['colcon_meta']
[0.758s] Level 1:colcon.colcon_core.package_identification:_identify(data_nuscenes/nuscenes/bevdetv3_full/0302) by extension 'colcon_meta'
[0.758s] Level 1:colcon.colcon_core.package_identification:_identify(data_nuscenes/nuscenes/bevdetv3_full/0302) by extensions ['ros']
[0.758s] Level 1:colcon.colcon_core.package_identification:_identify(data_nuscenes/nuscenes/bevdetv3_full/0302) by extension 'ros'
[0.758s] Level 1:colcon.colcon_core.package_identification:_identify(data_nuscenes/nuscenes/bevdetv3_full/0302) by extensions ['cmake', 'python']
[0.758s] Level 1:colcon.colcon_core.package_identification:_identify(data_nuscenes/nuscenes/bevdetv3_full/0302) by extension 'cmake'
[0.758s] Level 1:colcon.colcon_core.package_identification:_identify(data_nuscenes/nuscenes/bevdetv3_full/0302) by extension 'python'
[0.758s] Level 1:colcon.colcon_core.package_identification:_identify(data_nuscenes/nuscenes/bevdetv3_full/0302) by extensions ['python_setup_py']
[0.758s] Level 1:colcon.colcon_core.package_identification:_identify(data_nuscenes/nuscenes/bevdetv3_full/0302) by extension 'python_setup_py'
[0.758s] Level 1:colcon.colcon_core.package_identification:_identify(data_nuscenes/nuscenes/bevdetv3_mini) by extensions ['ignore', 'ignore_ament_install']
[0.758s] Level 1:colcon.colcon_core.package_identification:_identify(data_nuscenes/nuscenes/bevdetv3_mini) by extension 'ignore'
[0.758s] Level 1:colcon.colcon_core.package_identification:_identify(data_nuscenes/nuscenes/bevdetv3_mini) by extension 'ignore_ament_install'
[0.758s] Level 1:colcon.colcon_core.package_identification:_identify(data_nuscenes/nuscenes/bevdetv3_mini) by extensions ['colcon_pkg']
[0.758s] Level 1:colcon.colcon_core.package_identification:_identify(data_nuscenes/nuscenes/bevdetv3_mini) by extension 'colcon_pkg'
[0.758s] Level 1:colcon.colcon_core.package_identification:_identify(data_nuscenes/nuscenes/bevdetv3_mini) by extensions ['colcon_meta']
[0.758s] Level 1:colcon.colcon_core.package_identification:_identify(data_nuscenes/nuscenes/bevdetv3_mini) by extension 'colcon_meta'
[0.758s] Level 1:colcon.colcon_core.package_identification:_identify(data_nuscenes/nuscenes/bevdetv3_mini) by extensions ['ros']
[0.758s] Level 1:colcon.colcon_core.package_identification:_identify(data_nuscenes/nuscenes/bevdetv3_mini) by extension 'ros'
[0.758s] Level 1:colcon.colcon_core.package_identification:_identify(data_nuscenes/nuscenes/bevdetv3_mini) by extensions ['cmake', 'python']
[0.758s] Level 1:colcon.colcon_core.package_identification:_identify(data_nuscenes/nuscenes/bevdetv3_mini) by extension 'cmake'
[0.758s] Level 1:colcon.colcon_core.package_identification:_identify(data_nuscenes/nuscenes/bevdetv3_mini) by extension 'python'
[0.758s] Level 1:colcon.colcon_core.package_identification:_identify(data_nuscenes/nuscenes/bevdetv3_mini) by extensions ['python_setup_py']
[0.758s] Level 1:colcon.colcon_core.package_identification:_identify(data_nuscenes/nuscenes/bevdetv3_mini) by extension 'python_setup_py'
[0.759s] Level 1:colcon.colcon_core.package_identification:_identify(data_nuscenes/nuscenes/maps) by extensions ['ignore', 'ignore_ament_install']
[0.759s] Level 1:colcon.colcon_core.package_identification:_identify(data_nuscenes/nuscenes/maps) by extension 'ignore'
[0.759s] Level 1:colcon.colcon_core.package_identification:_identify(data_nuscenes/nuscenes/maps) by extension 'ignore_ament_install'
[0.759s] Level 1:colcon.colcon_core.package_identification:_identify(data_nuscenes/nuscenes/maps) by extensions ['colcon_pkg']
[0.759s] Level 1:colcon.colcon_core.package_identification:_identify(data_nuscenes/nuscenes/maps) by extension 'colcon_pkg'
[0.759s] Level 1:colcon.colcon_core.package_identification:_identify(data_nuscenes/nuscenes/maps) by extensions ['colcon_meta']
[0.759s] Level 1:colcon.colcon_core.package_identification:_identify(data_nuscenes/nuscenes/maps) by extension 'colcon_meta'
[0.759s] Level 1:colcon.colcon_core.package_identification:_identify(data_nuscenes/nuscenes/maps) by extensions ['ros']
[0.759s] Level 1:colcon.colcon_core.package_identification:_identify(data_nuscenes/nuscenes/maps) by extension 'ros'
[0.759s] Level 1:colcon.colcon_core.package_identification:_identify(data_nuscenes/nuscenes/maps) by extensions ['cmake', 'python']
[0.759s] Level 1:colcon.colcon_core.package_identification:_identify(data_nuscenes/nuscenes/maps) by extension 'cmake'
[0.759s] Level 1:colcon.colcon_core.package_identification:_identify(data_nuscenes/nuscenes/maps) by extension 'python'
[0.759s] Level 1:colcon.colcon_core.package_identification:_identify(data_nuscenes/nuscenes/maps) by extensions ['python_setup_py']
[0.759s] Level 1:colcon.colcon_core.package_identification:_identify(data_nuscenes/nuscenes/maps) by extension 'python_setup_py'
[0.759s] Level 1:colcon.colcon_core.package_identification:_identify(data_nuscenes/nuscenes/maps/basemap) by extensions ['ignore', 'ignore_ament_install']
[0.760s] Level 1:colcon.colcon_core.package_identification:_identify(data_nuscenes/nuscenes/maps/basemap) by extension 'ignore'
[0.760s] Level 1:colcon.colcon_core.package_identification:_identify(data_nuscenes/nuscenes/maps/basemap) by extension 'ignore_ament_install'
[0.760s] Level 1:colcon.colcon_core.package_identification:_identify(data_nuscenes/nuscenes/maps/basemap) by extensions ['colcon_pkg']
[0.760s] Level 1:colcon.colcon_core.package_identification:_identify(data_nuscenes/nuscenes/maps/basemap) by extension 'colcon_pkg'
[0.760s] Level 1:colcon.colcon_core.package_identification:_identify(data_nuscenes/nuscenes/maps/basemap) by extensions ['colcon_meta']
[0.760s] Level 1:colcon.colcon_core.package_identification:_identify(data_nuscenes/nuscenes/maps/basemap) by extension 'colcon_meta'
[0.760s] Level 1:colcon.colcon_core.package_identification:_identify(data_nuscenes/nuscenes/maps/basemap) by extensions ['ros']
[0.760s] Level 1:colcon.colcon_core.package_identification:_identify(data_nuscenes/nuscenes/maps/basemap) by extension 'ros'
[0.760s] Level 1:colcon.colcon_core.package_identification:_identify(data_nuscenes/nuscenes/maps/basemap) by extensions ['cmake', 'python']
[0.760s] Level 1:colcon.colcon_core.package_identification:_identify(data_nuscenes/nuscenes/maps/basemap) by extension 'cmake'
[0.760s] Level 1:colcon.colcon_core.package_identification:_identify(data_nuscenes/nuscenes/maps/basemap) by extension 'python'
[0.760s] Level 1:colcon.colcon_core.package_identification:_identify(data_nuscenes/nuscenes/maps/basemap) by extensions ['python_setup_py']
[0.760s] Level 1:colcon.colcon_core.package_identification:_identify(data_nuscenes/nuscenes/maps/basemap) by extension 'python_setup_py'
[0.760s] Level 1:colcon.colcon_core.package_identification:_identify(data_nuscenes/nuscenes/maps/expansion) by extensions ['ignore', 'ignore_ament_install']
[0.760s] Level 1:colcon.colcon_core.package_identification:_identify(data_nuscenes/nuscenes/maps/expansion) by extension 'ignore'
[0.760s] Level 1:colcon.colcon_core.package_identification:_identify(data_nuscenes/nuscenes/maps/expansion) by extension 'ignore_ament_install'
[0.760s] Level 1:colcon.colcon_core.package_identification:_identify(data_nuscenes/nuscenes/maps/expansion) by extensions ['colcon_pkg']
[0.760s] Level 1:colcon.colcon_core.package_identification:_identify(data_nuscenes/nuscenes/maps/expansion) by extension 'colcon_pkg'
[0.760s] Level 1:colcon.colcon_core.package_identification:_identify(data_nuscenes/nuscenes/maps/expansion) by extensions ['colcon_meta']
[0.760s] Level 1:colcon.colcon_core.package_identification:_identify(data_nuscenes/nuscenes/maps/expansion) by extension 'colcon_meta'
[0.760s] Level 1:colcon.colcon_core.package_identification:_identify(data_nuscenes/nuscenes/maps/expansion) by extensions ['ros']
[0.760s] Level 1:colcon.colcon_core.package_identification:_identify(data_nuscenes/nuscenes/maps/expansion) by extension 'ros'
[0.761s] Level 1:colcon.colcon_core.package_identification:_identify(data_nuscenes/nuscenes/maps/expansion) by extensions ['cmake', 'python']
[0.761s] Level 1:colcon.colcon_core.package_identification:_identify(data_nuscenes/nuscenes/maps/expansion) by extension 'cmake'
[0.761s] Level 1:colcon.colcon_core.package_identification:_identify(data_nuscenes/nuscenes/maps/expansion) by extension 'python'
[0.761s] Level 1:colcon.colcon_core.package_identification:_identify(data_nuscenes/nuscenes/maps/expansion) by extensions ['python_setup_py']
[0.761s] Level 1:colcon.colcon_core.package_identification:_identify(data_nuscenes/nuscenes/maps/expansion) by extension 'python_setup_py'
[0.761s] Level 1:colcon.colcon_core.package_identification:_identify(data_nuscenes/nuscenes/maps/nuScenes-map-expansion-v1.3) by extensions ['ignore', 'ignore_ament_install']
[0.761s] Level 1:colcon.colcon_core.package_identification:_identify(data_nuscenes/nuscenes/maps/nuScenes-map-expansion-v1.3) by extension 'ignore'
[0.761s] Level 1:colcon.colcon_core.package_identification:_identify(data_nuscenes/nuscenes/maps/nuScenes-map-expansion-v1.3) by extension 'ignore_ament_install'
[0.761s] Level 1:colcon.colcon_core.package_identification:_identify(data_nuscenes/nuscenes/maps/nuScenes-map-expansion-v1.3) by extensions ['colcon_pkg']
[0.761s] Level 1:colcon.colcon_core.package_identification:_identify(data_nuscenes/nuscenes/maps/nuScenes-map-expansion-v1.3) by extension 'colcon_pkg'
[0.761s] Level 1:colcon.colcon_core.package_identification:_identify(data_nuscenes/nuscenes/maps/nuScenes-map-expansion-v1.3) by extensions ['colcon_meta']
[0.761s] Level 1:colcon.colcon_core.package_identification:_identify(data_nuscenes/nuscenes/maps/nuScenes-map-expansion-v1.3) by extension 'colcon_meta'
[0.761s] Level 1:colcon.colcon_core.package_identification:_identify(data_nuscenes/nuscenes/maps/nuScenes-map-expansion-v1.3) by extensions ['ros']
[0.761s] Level 1:colcon.colcon_core.package_identification:_identify(data_nuscenes/nuscenes/maps/nuScenes-map-expansion-v1.3) by extension 'ros'
[0.761s] Level 1:colcon.colcon_core.package_identification:_identify(data_nuscenes/nuscenes/maps/nuScenes-map-expansion-v1.3) by extensions ['cmake', 'python']
[0.761s] Level 1:colcon.colcon_core.package_identification:_identify(data_nuscenes/nuscenes/maps/nuScenes-map-expansion-v1.3) by extension 'cmake'
[0.761s] Level 1:colcon.colcon_core.package_identification:_identify(data_nuscenes/nuscenes/maps/nuScenes-map-expansion-v1.3) by extension 'python'
[0.761s] Level 1:colcon.colcon_core.package_identification:_identify(data_nuscenes/nuscenes/maps/nuScenes-map-expansion-v1.3) by extensions ['python_setup_py']
[0.761s] Level 1:colcon.colcon_core.package_identification:_identify(data_nuscenes/nuscenes/maps/nuScenes-map-expansion-v1.3) by extension 'python_setup_py'
[0.762s] Level 1:colcon.colcon_core.package_identification:_identify(data_nuscenes/nuscenes/maps/nuScenes-map-expansion-v1.3/basemap) by extensions ['ignore', 'ignore_ament_install']
[0.762s] Level 1:colcon.colcon_core.package_identification:_identify(data_nuscenes/nuscenes/maps/nuScenes-map-expansion-v1.3/basemap) by extension 'ignore'
[0.762s] Level 1:colcon.colcon_core.package_identification:_identify(data_nuscenes/nuscenes/maps/nuScenes-map-expansion-v1.3/basemap) by extension 'ignore_ament_install'
[0.762s] Level 1:colcon.colcon_core.package_identification:_identify(data_nuscenes/nuscenes/maps/nuScenes-map-expansion-v1.3/basemap) by extensions ['colcon_pkg']
[0.762s] Level 1:colcon.colcon_core.package_identification:_identify(data_nuscenes/nuscenes/maps/nuScenes-map-expansion-v1.3/basemap) by extension 'colcon_pkg'
[0.762s] Level 1:colcon.colcon_core.package_identification:_identify(data_nuscenes/nuscenes/maps/nuScenes-map-expansion-v1.3/basemap) by extensions ['colcon_meta']
[0.762s] Level 1:colcon.colcon_core.package_identification:_identify(data_nuscenes/nuscenes/maps/nuScenes-map-expansion-v1.3/basemap) by extension 'colcon_meta'
[0.762s] Level 1:colcon.colcon_core.package_identification:_identify(data_nuscenes/nuscenes/maps/nuScenes-map-expansion-v1.3/basemap) by extensions ['ros']
[0.762s] Level 1:colcon.colcon_core.package_identification:_identify(data_nuscenes/nuscenes/maps/nuScenes-map-expansion-v1.3/basemap) by extension 'ros'
[0.762s] Level 1:colcon.colcon_core.package_identification:_identify(data_nuscenes/nuscenes/maps/nuScenes-map-expansion-v1.3/basemap) by extensions ['cmake', 'python']
[0.762s] Level 1:colcon.colcon_core.package_identification:_identify(data_nuscenes/nuscenes/maps/nuScenes-map-expansion-v1.3/basemap) by extension 'cmake'
[0.762s] Level 1:colcon.colcon_core.package_identification:_identify(data_nuscenes/nuscenes/maps/nuScenes-map-expansion-v1.3/basemap) by extension 'python'
[0.762s] Level 1:colcon.colcon_core.package_identification:_identify(data_nuscenes/nuscenes/maps/nuScenes-map-expansion-v1.3/basemap) by extensions ['python_setup_py']
[0.762s] Level 1:colcon.colcon_core.package_identification:_identify(data_nuscenes/nuscenes/maps/nuScenes-map-expansion-v1.3/basemap) by extension 'python_setup_py'
[0.762s] Level 1:colcon.colcon_core.package_identification:_identify(data_nuscenes/nuscenes/maps/nuScenes-map-expansion-v1.3/expansion) by extensions ['ignore', 'ignore_ament_install']
[0.762s] Level 1:colcon.colcon_core.package_identification:_identify(data_nuscenes/nuscenes/maps/nuScenes-map-expansion-v1.3/expansion) by extension 'ignore'
[0.762s] Level 1:colcon.colcon_core.package_identification:_identify(data_nuscenes/nuscenes/maps/nuScenes-map-expansion-v1.3/expansion) by extension 'ignore_ament_install'
[0.762s] Level 1:colcon.colcon_core.package_identification:_identify(data_nuscenes/nuscenes/maps/nuScenes-map-expansion-v1.3/expansion) by extensions ['colcon_pkg']
[0.762s] Level 1:colcon.colcon_core.package_identification:_identify(data_nuscenes/nuscenes/maps/nuScenes-map-expansion-v1.3/expansion) by extension 'colcon_pkg'
[0.762s] Level 1:colcon.colcon_core.package_identification:_identify(data_nuscenes/nuscenes/maps/nuScenes-map-expansion-v1.3/expansion) by extensions ['colcon_meta']
[0.763s] Level 1:colcon.colcon_core.package_identification:_identify(data_nuscenes/nuscenes/maps/nuScenes-map-expansion-v1.3/expansion) by extension 'colcon_meta'
[0.763s] Level 1:colcon.colcon_core.package_identification:_identify(data_nuscenes/nuscenes/maps/nuScenes-map-expansion-v1.3/expansion) by extensions ['ros']
[0.763s] Level 1:colcon.colcon_core.package_identification:_identify(data_nuscenes/nuscenes/maps/nuScenes-map-expansion-v1.3/expansion) by extension 'ros'
[0.763s] Level 1:colcon.colcon_core.package_identification:_identify(data_nuscenes/nuscenes/maps/nuScenes-map-expansion-v1.3/expansion) by extensions ['cmake', 'python']
[0.763s] Level 1:colcon.colcon_core.package_identification:_identify(data_nuscenes/nuscenes/maps/nuScenes-map-expansion-v1.3/expansion) by extension 'cmake'
[0.763s] Level 1:colcon.colcon_core.package_identification:_identify(data_nuscenes/nuscenes/maps/nuScenes-map-expansion-v1.3/expansion) by extension 'python'
[0.763s] Level 1:colcon.colcon_core.package_identification:_identify(data_nuscenes/nuscenes/maps/nuScenes-map-expansion-v1.3/expansion) by extensions ['python_setup_py']
[0.763s] Level 1:colcon.colcon_core.package_identification:_identify(data_nuscenes/nuscenes/maps/nuScenes-map-expansion-v1.3/expansion) by extension 'python_setup_py'
[0.763s] Level 1:colcon.colcon_core.package_identification:_identify(data_nuscenes/nuscenes/maps/nuScenes-map-expansion-v1.3/prediction) by extensions ['ignore', 'ignore_ament_install']
[0.763s] Level 1:colcon.colcon_core.package_identification:_identify(data_nuscenes/nuscenes/maps/nuScenes-map-expansion-v1.3/prediction) by extension 'ignore'
[0.763s] Level 1:colcon.colcon_core.package_identification:_identify(data_nuscenes/nuscenes/maps/nuScenes-map-expansion-v1.3/prediction) by extension 'ignore_ament_install'
[0.763s] Level 1:colcon.colcon_core.package_identification:_identify(data_nuscenes/nuscenes/maps/nuScenes-map-expansion-v1.3/prediction) by extensions ['colcon_pkg']
[0.763s] Level 1:colcon.colcon_core.package_identification:_identify(data_nuscenes/nuscenes/maps/nuScenes-map-expansion-v1.3/prediction) by extension 'colcon_pkg'
[0.763s] Level 1:colcon.colcon_core.package_identification:_identify(data_nuscenes/nuscenes/maps/nuScenes-map-expansion-v1.3/prediction) by extensions ['colcon_meta']
[0.763s] Level 1:colcon.colcon_core.package_identification:_identify(data_nuscenes/nuscenes/maps/nuScenes-map-expansion-v1.3/prediction) by extension 'colcon_meta'
[0.763s] Level 1:colcon.colcon_core.package_identification:_identify(data_nuscenes/nuscenes/maps/nuScenes-map-expansion-v1.3/prediction) by extensions ['ros']
[0.763s] Level 1:colcon.colcon_core.package_identification:_identify(data_nuscenes/nuscenes/maps/nuScenes-map-expansion-v1.3/prediction) by extension 'ros'
[0.763s] Level 1:colcon.colcon_core.package_identification:_identify(data_nuscenes/nuscenes/maps/nuScenes-map-expansion-v1.3/prediction) by extensions ['cmake', 'python']
[0.763s] Level 1:colcon.colcon_core.package_identification:_identify(data_nuscenes/nuscenes/maps/nuScenes-map-expansion-v1.3/prediction) by extension 'cmake'
[0.763s] Level 1:colcon.colcon_core.package_identification:_identify(data_nuscenes/nuscenes/maps/nuScenes-map-expansion-v1.3/prediction) by extension 'python'
[0.763s] Level 1:colcon.colcon_core.package_identification:_identify(data_nuscenes/nuscenes/maps/nuScenes-map-expansion-v1.3/prediction) by extensions ['python_setup_py']
[0.763s] Level 1:colcon.colcon_core.package_identification:_identify(data_nuscenes/nuscenes/maps/nuScenes-map-expansion-v1.3/prediction) by extension 'python_setup_py'
[0.764s] Level 1:colcon.colcon_core.package_identification:_identify(data_nuscenes/nuscenes/maps/prediction) by extensions ['ignore', 'ignore_ament_install']
[0.764s] Level 1:colcon.colcon_core.package_identification:_identify(data_nuscenes/nuscenes/maps/prediction) by extension 'ignore'
[0.764s] Level 1:colcon.colcon_core.package_identification:_identify(data_nuscenes/nuscenes/maps/prediction) by extension 'ignore_ament_install'
[0.764s] Level 1:colcon.colcon_core.package_identification:_identify(data_nuscenes/nuscenes/maps/prediction) by extensions ['colcon_pkg']
[0.764s] Level 1:colcon.colcon_core.package_identification:_identify(data_nuscenes/nuscenes/maps/prediction) by extension 'colcon_pkg'
[0.764s] Level 1:colcon.colcon_core.package_identification:_identify(data_nuscenes/nuscenes/maps/prediction) by extensions ['colcon_meta']
[0.764s] Level 1:colcon.colcon_core.package_identification:_identify(data_nuscenes/nuscenes/maps/prediction) by extension 'colcon_meta'
[0.764s] Level 1:colcon.colcon_core.package_identification:_identify(data_nuscenes/nuscenes/maps/prediction) by extensions ['ros']
[0.764s] Level 1:colcon.colcon_core.package_identification:_identify(data_nuscenes/nuscenes/maps/prediction) by extension 'ros'
[0.764s] Level 1:colcon.colcon_core.package_identification:_identify(data_nuscenes/nuscenes/maps/prediction) by extensions ['cmake', 'python']
[0.764s] Level 1:colcon.colcon_core.package_identification:_identify(data_nuscenes/nuscenes/maps/prediction) by extension 'cmake'
[0.764s] Level 1:colcon.colcon_core.package_identification:_identify(data_nuscenes/nuscenes/maps/prediction) by extension 'python'
[0.764s] Level 1:colcon.colcon_core.package_identification:_identify(data_nuscenes/nuscenes/maps/prediction) by extensions ['python_setup_py']
[0.764s] Level 1:colcon.colcon_core.package_identification:_identify(data_nuscenes/nuscenes/maps/prediction) by extension 'python_setup_py'
[0.764s] Level 1:colcon.colcon_core.package_identification:_identify(data_nuscenes/nuscenes/samples) by extensions ['ignore', 'ignore_ament_install']
[0.765s] Level 1:colcon.colcon_core.package_identification:_identify(data_nuscenes/nuscenes/samples) by extension 'ignore'
[0.765s] Level 1:colcon.colcon_core.package_identification:_identify(data_nuscenes/nuscenes/samples) by extension 'ignore_ament_install'
[0.765s] Level 1:colcon.colcon_core.package_identification:_identify(data_nuscenes/nuscenes/samples) by extensions ['colcon_pkg']
[0.765s] Level 1:colcon.colcon_core.package_identification:_identify(data_nuscenes/nuscenes/samples) by extension 'colcon_pkg'
[0.765s] Level 1:colcon.colcon_core.package_identification:_identify(data_nuscenes/nuscenes/samples) by extensions ['colcon_meta']
[0.765s] Level 1:colcon.colcon_core.package_identification:_identify(data_nuscenes/nuscenes/samples) by extension 'colcon_meta'
[0.765s] Level 1:colcon.colcon_core.package_identification:_identify(data_nuscenes/nuscenes/samples) by extensions ['ros']
[0.765s] Level 1:colcon.colcon_core.package_identification:_identify(data_nuscenes/nuscenes/samples) by extension 'ros'
[0.765s] Level 1:colcon.colcon_core.package_identification:_identify(data_nuscenes/nuscenes/samples) by extensions ['cmake', 'python']
[0.765s] Level 1:colcon.colcon_core.package_identification:_identify(data_nuscenes/nuscenes/samples) by extension 'cmake'
[0.765s] Level 1:colcon.colcon_core.package_identification:_identify(data_nuscenes/nuscenes/samples) by extension 'python'
[0.765s] Level 1:colcon.colcon_core.package_identification:_identify(data_nuscenes/nuscenes/samples) by extensions ['python_setup_py']
[0.765s] Level 1:colcon.colcon_core.package_identification:_identify(data_nuscenes/nuscenes/samples) by extension 'python_setup_py'
[0.783s] Level 1:colcon.colcon_core.package_identification:_identify(data_nuscenes/nuscenes/samples/CAM_BACK) by extensions ['ignore', 'ignore_ament_install']
[0.783s] Level 1:colcon.colcon_core.package_identification:_identify(data_nuscenes/nuscenes/samples/CAM_BACK) by extension 'ignore'
[0.783s] Level 1:colcon.colcon_core.package_identification:_identify(data_nuscenes/nuscenes/samples/CAM_BACK) by extension 'ignore_ament_install'
[0.783s] Level 1:colcon.colcon_core.package_identification:_identify(data_nuscenes/nuscenes/samples/CAM_BACK) by extensions ['colcon_pkg']
[0.783s] Level 1:colcon.colcon_core.package_identification:_identify(data_nuscenes/nuscenes/samples/CAM_BACK) by extension 'colcon_pkg'
[0.783s] Level 1:colcon.colcon_core.package_identification:_identify(data_nuscenes/nuscenes/samples/CAM_BACK) by extensions ['colcon_meta']
[0.783s] Level 1:colcon.colcon_core.package_identification:_identify(data_nuscenes/nuscenes/samples/CAM_BACK) by extension 'colcon_meta'
[0.783s] Level 1:colcon.colcon_core.package_identification:_identify(data_nuscenes/nuscenes/samples/CAM_BACK) by extensions ['ros']
[0.783s] Level 1:colcon.colcon_core.package_identification:_identify(data_nuscenes/nuscenes/samples/CAM_BACK) by extension 'ros'
[0.783s] Level 1:colcon.colcon_core.package_identification:_identify(data_nuscenes/nuscenes/samples/CAM_BACK) by extensions ['cmake', 'python']
[0.783s] Level 1:colcon.colcon_core.package_identification:_identify(data_nuscenes/nuscenes/samples/CAM_BACK) by extension 'cmake'
[0.783s] Level 1:colcon.colcon_core.package_identification:_identify(data_nuscenes/nuscenes/samples/CAM_BACK) by extension 'python'
[0.783s] Level 1:colcon.colcon_core.package_identification:_identify(data_nuscenes/nuscenes/samples/CAM_BACK) by extensions ['python_setup_py']
[0.783s] Level 1:colcon.colcon_core.package_identification:_identify(data_nuscenes/nuscenes/samples/CAM_BACK) by extension 'python_setup_py'
[0.812s] Level 1:colcon.colcon_core.package_identification:_identify(data_nuscenes/nuscenes/samples/CAM_BACK_LEFT) by extensions ['ignore', 'ignore_ament_install']
[0.812s] Level 1:colcon.colcon_core.package_identification:_identify(data_nuscenes/nuscenes/samples/CAM_BACK_LEFT) by extension 'ignore'
[0.812s] Level 1:colcon.colcon_core.package_identification:_identify(data_nuscenes/nuscenes/samples/CAM_BACK_LEFT) by extension 'ignore_ament_install'
[0.812s] Level 1:colcon.colcon_core.package_identification:_identify(data_nuscenes/nuscenes/samples/CAM_BACK_LEFT) by extensions ['colcon_pkg']
[0.812s] Level 1:colcon.colcon_core.package_identification:_identify(data_nuscenes/nuscenes/samples/CAM_BACK_LEFT) by extension 'colcon_pkg'
[0.812s] Level 1:colcon.colcon_core.package_identification:_identify(data_nuscenes/nuscenes/samples/CAM_BACK_LEFT) by extensions ['colcon_meta']
[0.812s] Level 1:colcon.colcon_core.package_identification:_identify(data_nuscenes/nuscenes/samples/CAM_BACK_LEFT) by extension 'colcon_meta'
[0.812s] Level 1:colcon.colcon_core.package_identification:_identify(data_nuscenes/nuscenes/samples/CAM_BACK_LEFT) by extensions ['ros']
[0.812s] Level 1:colcon.colcon_core.package_identification:_identify(data_nuscenes/nuscenes/samples/CAM_BACK_LEFT) by extension 'ros'
[0.812s] Level 1:colcon.colcon_core.package_identification:_identify(data_nuscenes/nuscenes/samples/CAM_BACK_LEFT) by extensions ['cmake', 'python']
[0.812s] Level 1:colcon.colcon_core.package_identification:_identify(data_nuscenes/nuscenes/samples/CAM_BACK_LEFT) by extension 'cmake'
[0.812s] Level 1:colcon.colcon_core.package_identification:_identify(data_nuscenes/nuscenes/samples/CAM_BACK_LEFT) by extension 'python'
[0.812s] Level 1:colcon.colcon_core.package_identification:_identify(data_nuscenes/nuscenes/samples/CAM_BACK_LEFT) by extensions ['python_setup_py']
[0.812s] Level 1:colcon.colcon_core.package_identification:_identify(data_nuscenes/nuscenes/samples/CAM_BACK_LEFT) by extension 'python_setup_py'
[0.832s] Level 1:colcon.colcon_core.package_identification:_identify(data_nuscenes/nuscenes/samples/CAM_BACK_RIGHT) by extensions ['ignore', 'ignore_ament_install']
[0.832s] Level 1:colcon.colcon_core.package_identification:_identify(data_nuscenes/nuscenes/samples/CAM_BACK_RIGHT) by extension 'ignore'
[0.832s] Level 1:colcon.colcon_core.package_identification:_identify(data_nuscenes/nuscenes/samples/CAM_BACK_RIGHT) by extension 'ignore_ament_install'
[0.832s] Level 1:colcon.colcon_core.package_identification:_identify(data_nuscenes/nuscenes/samples/CAM_BACK_RIGHT) by extensions ['colcon_pkg']
[0.832s] Level 1:colcon.colcon_core.package_identification:_identify(data_nuscenes/nuscenes/samples/CAM_BACK_RIGHT) by extension 'colcon_pkg'
[0.832s] Level 1:colcon.colcon_core.package_identification:_identify(data_nuscenes/nuscenes/samples/CAM_BACK_RIGHT) by extensions ['colcon_meta']
[0.832s] Level 1:colcon.colcon_core.package_identification:_identify(data_nuscenes/nuscenes/samples/CAM_BACK_RIGHT) by extension 'colcon_meta'
[0.832s] Level 1:colcon.colcon_core.package_identification:_identify(data_nuscenes/nuscenes/samples/CAM_BACK_RIGHT) by extensions ['ros']
[0.832s] Level 1:colcon.colcon_core.package_identification:_identify(data_nuscenes/nuscenes/samples/CAM_BACK_RIGHT) by extension 'ros'
[0.832s] Level 1:colcon.colcon_core.package_identification:_identify(data_nuscenes/nuscenes/samples/CAM_BACK_RIGHT) by extensions ['cmake', 'python']
[0.832s] Level 1:colcon.colcon_core.package_identification:_identify(data_nuscenes/nuscenes/samples/CAM_BACK_RIGHT) by extension 'cmake'
[0.832s] Level 1:colcon.colcon_core.package_identification:_identify(data_nuscenes/nuscenes/samples/CAM_BACK_RIGHT) by extension 'python'
[0.832s] Level 1:colcon.colcon_core.package_identification:_identify(data_nuscenes/nuscenes/samples/CAM_BACK_RIGHT) by extensions ['python_setup_py']
[0.833s] Level 1:colcon.colcon_core.package_identification:_identify(data_nuscenes/nuscenes/samples/CAM_BACK_RIGHT) by extension 'python_setup_py'
[0.851s] Level 1:colcon.colcon_core.package_identification:_identify(data_nuscenes/nuscenes/samples/CAM_FRONT) by extensions ['ignore', 'ignore_ament_install']
[0.851s] Level 1:colcon.colcon_core.package_identification:_identify(data_nuscenes/nuscenes/samples/CAM_FRONT) by extension 'ignore'
[0.851s] Level 1:colcon.colcon_core.package_identification:_identify(data_nuscenes/nuscenes/samples/CAM_FRONT) by extension 'ignore_ament_install'
[0.851s] Level 1:colcon.colcon_core.package_identification:_identify(data_nuscenes/nuscenes/samples/CAM_FRONT) by extensions ['colcon_pkg']
[0.851s] Level 1:colcon.colcon_core.package_identification:_identify(data_nuscenes/nuscenes/samples/CAM_FRONT) by extension 'colcon_pkg'
[0.851s] Level 1:colcon.colcon_core.package_identification:_identify(data_nuscenes/nuscenes/samples/CAM_FRONT) by extensions ['colcon_meta']
[0.851s] Level 1:colcon.colcon_core.package_identification:_identify(data_nuscenes/nuscenes/samples/CAM_FRONT) by extension 'colcon_meta'
[0.851s] Level 1:colcon.colcon_core.package_identification:_identify(data_nuscenes/nuscenes/samples/CAM_FRONT) by extensions ['ros']
[0.851s] Level 1:colcon.colcon_core.package_identification:_identify(data_nuscenes/nuscenes/samples/CAM_FRONT) by extension 'ros'
[0.851s] Level 1:colcon.colcon_core.package_identification:_identify(data_nuscenes/nuscenes/samples/CAM_FRONT) by extensions ['cmake', 'python']
[0.851s] Level 1:colcon.colcon_core.package_identification:_identify(data_nuscenes/nuscenes/samples/CAM_FRONT) by extension 'cmake'
[0.851s] Level 1:colcon.colcon_core.package_identification:_identify(data_nuscenes/nuscenes/samples/CAM_FRONT) by extension 'python'
[0.851s] Level 1:colcon.colcon_core.package_identification:_identify(data_nuscenes/nuscenes/samples/CAM_FRONT) by extensions ['python_setup_py']
[0.851s] Level 1:colcon.colcon_core.package_identification:_identify(data_nuscenes/nuscenes/samples/CAM_FRONT) by extension 'python_setup_py'
[0.874s] Level 1:colcon.colcon_core.package_identification:_identify(data_nuscenes/nuscenes/samples/CAM_FRONT_LEFT) by extensions ['ignore', 'ignore_ament_install']
[0.874s] Level 1:colcon.colcon_core.package_identification:_identify(data_nuscenes/nuscenes/samples/CAM_FRONT_LEFT) by extension 'ignore'
[0.874s] Level 1:colcon.colcon_core.package_identification:_identify(data_nuscenes/nuscenes/samples/CAM_FRONT_LEFT) by extension 'ignore_ament_install'
[0.874s] Level 1:colcon.colcon_core.package_identification:_identify(data_nuscenes/nuscenes/samples/CAM_FRONT_LEFT) by extensions ['colcon_pkg']
[0.874s] Level 1:colcon.colcon_core.package_identification:_identify(data_nuscenes/nuscenes/samples/CAM_FRONT_LEFT) by extension 'colcon_pkg'
[0.874s] Level 1:colcon.colcon_core.package_identification:_identify(data_nuscenes/nuscenes/samples/CAM_FRONT_LEFT) by extensions ['colcon_meta']
[0.874s] Level 1:colcon.colcon_core.package_identification:_identify(data_nuscenes/nuscenes/samples/CAM_FRONT_LEFT) by extension 'colcon_meta'
[0.874s] Level 1:colcon.colcon_core.package_identification:_identify(data_nuscenes/nuscenes/samples/CAM_FRONT_LEFT) by extensions ['ros']
[0.874s] Level 1:colcon.colcon_core.package_identification:_identify(data_nuscenes/nuscenes/samples/CAM_FRONT_LEFT) by extension 'ros'
[0.874s] Level 1:colcon.colcon_core.package_identification:_identify(data_nuscenes/nuscenes/samples/CAM_FRONT_LEFT) by extensions ['cmake', 'python']
[0.874s] Level 1:colcon.colcon_core.package_identification:_identify(data_nuscenes/nuscenes/samples/CAM_FRONT_LEFT) by extension 'cmake'
[0.874s] Level 1:colcon.colcon_core.package_identification:_identify(data_nuscenes/nuscenes/samples/CAM_FRONT_LEFT) by extension 'python'
[0.874s] Level 1:colcon.colcon_core.package_identification:_identify(data_nuscenes/nuscenes/samples/CAM_FRONT_LEFT) by extensions ['python_setup_py']
[0.874s] Level 1:colcon.colcon_core.package_identification:_identify(data_nuscenes/nuscenes/samples/CAM_FRONT_LEFT) by extension 'python_setup_py'
[0.894s] Level 1:colcon.colcon_core.package_identification:_identify(data_nuscenes/nuscenes/samples/CAM_FRONT_RIGHT) by extensions ['ignore', 'ignore_ament_install']
[0.894s] Level 1:colcon.colcon_core.package_identification:_identify(data_nuscenes/nuscenes/samples/CAM_FRONT_RIGHT) by extension 'ignore'
[0.894s] Level 1:colcon.colcon_core.package_identification:_identify(data_nuscenes/nuscenes/samples/CAM_FRONT_RIGHT) by extension 'ignore_ament_install'
[0.894s] Level 1:colcon.colcon_core.package_identification:_identify(data_nuscenes/nuscenes/samples/CAM_FRONT_RIGHT) by extensions ['colcon_pkg']
[0.894s] Level 1:colcon.colcon_core.package_identification:_identify(data_nuscenes/nuscenes/samples/CAM_FRONT_RIGHT) by extension 'colcon_pkg'
[0.895s] Level 1:colcon.colcon_core.package_identification:_identify(data_nuscenes/nuscenes/samples/CAM_FRONT_RIGHT) by extensions ['colcon_meta']
[0.895s] Level 1:colcon.colcon_core.package_identification:_identify(data_nuscenes/nuscenes/samples/CAM_FRONT_RIGHT) by extension 'colcon_meta'
[0.895s] Level 1:colcon.colcon_core.package_identification:_identify(data_nuscenes/nuscenes/samples/CAM_FRONT_RIGHT) by extensions ['ros']
[0.895s] Level 1:colcon.colcon_core.package_identification:_identify(data_nuscenes/nuscenes/samples/CAM_FRONT_RIGHT) by extension 'ros'
[0.895s] Level 1:colcon.colcon_core.package_identification:_identify(data_nuscenes/nuscenes/samples/CAM_FRONT_RIGHT) by extensions ['cmake', 'python']
[0.895s] Level 1:colcon.colcon_core.package_identification:_identify(data_nuscenes/nuscenes/samples/CAM_FRONT_RIGHT) by extension 'cmake'
[0.895s] Level 1:colcon.colcon_core.package_identification:_identify(data_nuscenes/nuscenes/samples/CAM_FRONT_RIGHT) by extension 'python'
[0.895s] Level 1:colcon.colcon_core.package_identification:_identify(data_nuscenes/nuscenes/samples/CAM_FRONT_RIGHT) by extensions ['python_setup_py']
[0.895s] Level 1:colcon.colcon_core.package_identification:_identify(data_nuscenes/nuscenes/samples/CAM_FRONT_RIGHT) by extension 'python_setup_py'
[0.924s] Level 1:colcon.colcon_core.package_identification:_identify(data_nuscenes/nuscenes/samples/LIDAR_TOP) by extensions ['ignore', 'ignore_ament_install']
[0.924s] Level 1:colcon.colcon_core.package_identification:_identify(data_nuscenes/nuscenes/samples/LIDAR_TOP) by extension 'ignore'
[0.924s] Level 1:colcon.colcon_core.package_identification:_identify(data_nuscenes/nuscenes/samples/LIDAR_TOP) by extension 'ignore_ament_install'
[0.924s] Level 1:colcon.colcon_core.package_identification:_identify(data_nuscenes/nuscenes/samples/LIDAR_TOP) by extensions ['colcon_pkg']
[0.924s] Level 1:colcon.colcon_core.package_identification:_identify(data_nuscenes/nuscenes/samples/LIDAR_TOP) by extension 'colcon_pkg'
[0.924s] Level 1:colcon.colcon_core.package_identification:_identify(data_nuscenes/nuscenes/samples/LIDAR_TOP) by extensions ['colcon_meta']
[0.924s] Level 1:colcon.colcon_core.package_identification:_identify(data_nuscenes/nuscenes/samples/LIDAR_TOP) by extension 'colcon_meta'
[0.924s] Level 1:colcon.colcon_core.package_identification:_identify(data_nuscenes/nuscenes/samples/LIDAR_TOP) by extensions ['ros']
[0.924s] Level 1:colcon.colcon_core.package_identification:_identify(data_nuscenes/nuscenes/samples/LIDAR_TOP) by extension 'ros'
[0.924s] Level 1:colcon.colcon_core.package_identification:_identify(data_nuscenes/nuscenes/samples/LIDAR_TOP) by extensions ['cmake', 'python']
[0.924s] Level 1:colcon.colcon_core.package_identification:_identify(data_nuscenes/nuscenes/samples/LIDAR_TOP) by extension 'cmake'
[0.924s] Level 1:colcon.colcon_core.package_identification:_identify(data_nuscenes/nuscenes/samples/LIDAR_TOP) by extension 'python'
[0.924s] Level 1:colcon.colcon_core.package_identification:_identify(data_nuscenes/nuscenes/samples/LIDAR_TOP) by extensions ['python_setup_py']
[0.924s] Level 1:colcon.colcon_core.package_identification:_identify(data_nuscenes/nuscenes/samples/LIDAR_TOP) by extension 'python_setup_py'
[0.925s] Level 1:colcon.colcon_core.package_identification:_identify(data_nuscenes/nuscenes/sweeps) by extensions ['ignore', 'ignore_ament_install']
[0.925s] Level 1:colcon.colcon_core.package_identification:_identify(data_nuscenes/nuscenes/sweeps) by extension 'ignore'
[0.925s] Level 1:colcon.colcon_core.package_identification:_identify(data_nuscenes/nuscenes/sweeps) by extension 'ignore_ament_install'
[0.925s] Level 1:colcon.colcon_core.package_identification:_identify(data_nuscenes/nuscenes/sweeps) by extensions ['colcon_pkg']
[0.925s] Level 1:colcon.colcon_core.package_identification:_identify(data_nuscenes/nuscenes/sweeps) by extension 'colcon_pkg'
[0.925s] Level 1:colcon.colcon_core.package_identification:_identify(data_nuscenes/nuscenes/sweeps) by extensions ['colcon_meta']
[0.925s] Level 1:colcon.colcon_core.package_identification:_identify(data_nuscenes/nuscenes/sweeps) by extension 'colcon_meta'
[0.925s] Level 1:colcon.colcon_core.package_identification:_identify(data_nuscenes/nuscenes/sweeps) by extensions ['ros']
[0.925s] Level 1:colcon.colcon_core.package_identification:_identify(data_nuscenes/nuscenes/sweeps) by extension 'ros'
[0.925s] Level 1:colcon.colcon_core.package_identification:_identify(data_nuscenes/nuscenes/sweeps) by extensions ['cmake', 'python']
[0.925s] Level 1:colcon.colcon_core.package_identification:_identify(data_nuscenes/nuscenes/sweeps) by extension 'cmake'
[0.925s] Level 1:colcon.colcon_core.package_identification:_identify(data_nuscenes/nuscenes/sweeps) by extension 'python'
[0.925s] Level 1:colcon.colcon_core.package_identification:_identify(data_nuscenes/nuscenes/sweeps) by extensions ['python_setup_py']
[0.925s] Level 1:colcon.colcon_core.package_identification:_identify(data_nuscenes/nuscenes/sweeps) by extension 'python_setup_py'
[0.927s] Level 1:colcon.colcon_core.package_identification:_identify(data_nuscenes/nuscenes/sweeps/CAM_BACK) by extensions ['ignore', 'ignore_ament_install']
[0.927s] Level 1:colcon.colcon_core.package_identification:_identify(data_nuscenes/nuscenes/sweeps/CAM_BACK) by extension 'ignore'
[0.927s] Level 1:colcon.colcon_core.package_identification:_identify(data_nuscenes/nuscenes/sweeps/CAM_BACK) by extension 'ignore_ament_install'
[0.927s] Level 1:colcon.colcon_core.package_identification:_identify(data_nuscenes/nuscenes/sweeps/CAM_BACK) by extensions ['colcon_pkg']
[0.927s] Level 1:colcon.colcon_core.package_identification:_identify(data_nuscenes/nuscenes/sweeps/CAM_BACK) by extension 'colcon_pkg'
[0.927s] Level 1:colcon.colcon_core.package_identification:_identify(data_nuscenes/nuscenes/sweeps/CAM_BACK) by extensions ['colcon_meta']
[0.927s] Level 1:colcon.colcon_core.package_identification:_identify(data_nuscenes/nuscenes/sweeps/CAM_BACK) by extension 'colcon_meta'
[0.927s] Level 1:colcon.colcon_core.package_identification:_identify(data_nuscenes/nuscenes/sweeps/CAM_BACK) by extensions ['ros']
[0.927s] Level 1:colcon.colcon_core.package_identification:_identify(data_nuscenes/nuscenes/sweeps/CAM_BACK) by extension 'ros'
[0.927s] Level 1:colcon.colcon_core.package_identification:_identify(data_nuscenes/nuscenes/sweeps/CAM_BACK) by extensions ['cmake', 'python']
[0.927s] Level 1:colcon.colcon_core.package_identification:_identify(data_nuscenes/nuscenes/sweeps/CAM_BACK) by extension 'cmake'
[0.927s] Level 1:colcon.colcon_core.package_identification:_identify(data_nuscenes/nuscenes/sweeps/CAM_BACK) by extension 'python'
[0.927s] Level 1:colcon.colcon_core.package_identification:_identify(data_nuscenes/nuscenes/sweeps/CAM_BACK) by extensions ['python_setup_py']
[0.927s] Level 1:colcon.colcon_core.package_identification:_identify(data_nuscenes/nuscenes/sweeps/CAM_BACK) by extension 'python_setup_py'
[0.928s] Level 1:colcon.colcon_core.package_identification:_identify(data_nuscenes/nuscenes/sweeps/CAM_BACK_LEFT) by extensions ['ignore', 'ignore_ament_install']
[0.928s] Level 1:colcon.colcon_core.package_identification:_identify(data_nuscenes/nuscenes/sweeps/CAM_BACK_LEFT) by extension 'ignore'
[0.928s] Level 1:colcon.colcon_core.package_identification:_identify(data_nuscenes/nuscenes/sweeps/CAM_BACK_LEFT) by extension 'ignore_ament_install'
[0.928s] Level 1:colcon.colcon_core.package_identification:_identify(data_nuscenes/nuscenes/sweeps/CAM_BACK_LEFT) by extensions ['colcon_pkg']
[0.928s] Level 1:colcon.colcon_core.package_identification:_identify(data_nuscenes/nuscenes/sweeps/CAM_BACK_LEFT) by extension 'colcon_pkg'
[0.928s] Level 1:colcon.colcon_core.package_identification:_identify(data_nuscenes/nuscenes/sweeps/CAM_BACK_LEFT) by extensions ['colcon_meta']
[0.928s] Level 1:colcon.colcon_core.package_identification:_identify(data_nuscenes/nuscenes/sweeps/CAM_BACK_LEFT) by extension 'colcon_meta'
[0.929s] Level 1:colcon.colcon_core.package_identification:_identify(data_nuscenes/nuscenes/sweeps/CAM_BACK_LEFT) by extensions ['ros']
[0.929s] Level 1:colcon.colcon_core.package_identification:_identify(data_nuscenes/nuscenes/sweeps/CAM_BACK_LEFT) by extension 'ros'
[0.929s] Level 1:colcon.colcon_core.package_identification:_identify(data_nuscenes/nuscenes/sweeps/CAM_BACK_LEFT) by extensions ['cmake', 'python']
[0.929s] Level 1:colcon.colcon_core.package_identification:_identify(data_nuscenes/nuscenes/sweeps/CAM_BACK_LEFT) by extension 'cmake'
[0.929s] Level 1:colcon.colcon_core.package_identification:_identify(data_nuscenes/nuscenes/sweeps/CAM_BACK_LEFT) by extension 'python'
[0.929s] Level 1:colcon.colcon_core.package_identification:_identify(data_nuscenes/nuscenes/sweeps/CAM_BACK_LEFT) by extensions ['python_setup_py']
[0.929s] Level 1:colcon.colcon_core.package_identification:_identify(data_nuscenes/nuscenes/sweeps/CAM_BACK_LEFT) by extension 'python_setup_py'
[0.930s] Level 1:colcon.colcon_core.package_identification:_identify(data_nuscenes/nuscenes/sweeps/CAM_BACK_RIGHT) by extensions ['ignore', 'ignore_ament_install']
[0.930s] Level 1:colcon.colcon_core.package_identification:_identify(data_nuscenes/nuscenes/sweeps/CAM_BACK_RIGHT) by extension 'ignore'
[0.930s] Level 1:colcon.colcon_core.package_identification:_identify(data_nuscenes/nuscenes/sweeps/CAM_BACK_RIGHT) by extension 'ignore_ament_install'
[0.930s] Level 1:colcon.colcon_core.package_identification:_identify(data_nuscenes/nuscenes/sweeps/CAM_BACK_RIGHT) by extensions ['colcon_pkg']
[0.930s] Level 1:colcon.colcon_core.package_identification:_identify(data_nuscenes/nuscenes/sweeps/CAM_BACK_RIGHT) by extension 'colcon_pkg'
[0.930s] Level 1:colcon.colcon_core.package_identification:_identify(data_nuscenes/nuscenes/sweeps/CAM_BACK_RIGHT) by extensions ['colcon_meta']
[0.930s] Level 1:colcon.colcon_core.package_identification:_identify(data_nuscenes/nuscenes/sweeps/CAM_BACK_RIGHT) by extension 'colcon_meta'
[0.930s] Level 1:colcon.colcon_core.package_identification:_identify(data_nuscenes/nuscenes/sweeps/CAM_BACK_RIGHT) by extensions ['ros']
[0.930s] Level 1:colcon.colcon_core.package_identification:_identify(data_nuscenes/nuscenes/sweeps/CAM_BACK_RIGHT) by extension 'ros'
[0.931s] Level 1:colcon.colcon_core.package_identification:_identify(data_nuscenes/nuscenes/sweeps/CAM_BACK_RIGHT) by extensions ['cmake', 'python']
[0.931s] Level 1:colcon.colcon_core.package_identification:_identify(data_nuscenes/nuscenes/sweeps/CAM_BACK_RIGHT) by extension 'cmake'
[0.931s] Level 1:colcon.colcon_core.package_identification:_identify(data_nuscenes/nuscenes/sweeps/CAM_BACK_RIGHT) by extension 'python'
[0.931s] Level 1:colcon.colcon_core.package_identification:_identify(data_nuscenes/nuscenes/sweeps/CAM_BACK_RIGHT) by extensions ['python_setup_py']
[0.931s] Level 1:colcon.colcon_core.package_identification:_identify(data_nuscenes/nuscenes/sweeps/CAM_BACK_RIGHT) by extension 'python_setup_py'
[0.932s] Level 1:colcon.colcon_core.package_identification:_identify(data_nuscenes/nuscenes/sweeps/CAM_FRONT) by extensions ['ignore', 'ignore_ament_install']
[0.932s] Level 1:colcon.colcon_core.package_identification:_identify(data_nuscenes/nuscenes/sweeps/CAM_FRONT) by extension 'ignore'
[0.932s] Level 1:colcon.colcon_core.package_identification:_identify(data_nuscenes/nuscenes/sweeps/CAM_FRONT) by extension 'ignore_ament_install'
[0.932s] Level 1:colcon.colcon_core.package_identification:_identify(data_nuscenes/nuscenes/sweeps/CAM_FRONT) by extensions ['colcon_pkg']
[0.932s] Level 1:colcon.colcon_core.package_identification:_identify(data_nuscenes/nuscenes/sweeps/CAM_FRONT) by extension 'colcon_pkg'
[0.932s] Level 1:colcon.colcon_core.package_identification:_identify(data_nuscenes/nuscenes/sweeps/CAM_FRONT) by extensions ['colcon_meta']
[0.932s] Level 1:colcon.colcon_core.package_identification:_identify(data_nuscenes/nuscenes/sweeps/CAM_FRONT) by extension 'colcon_meta'
[0.932s] Level 1:colcon.colcon_core.package_identification:_identify(data_nuscenes/nuscenes/sweeps/CAM_FRONT) by extensions ['ros']
[0.932s] Level 1:colcon.colcon_core.package_identification:_identify(data_nuscenes/nuscenes/sweeps/CAM_FRONT) by extension 'ros'
[0.932s] Level 1:colcon.colcon_core.package_identification:_identify(data_nuscenes/nuscenes/sweeps/CAM_FRONT) by extensions ['cmake', 'python']
[0.932s] Level 1:colcon.colcon_core.package_identification:_identify(data_nuscenes/nuscenes/sweeps/CAM_FRONT) by extension 'cmake'
[0.932s] Level 1:colcon.colcon_core.package_identification:_identify(data_nuscenes/nuscenes/sweeps/CAM_FRONT) by extension 'python'
[0.933s] Level 1:colcon.colcon_core.package_identification:_identify(data_nuscenes/nuscenes/sweeps/CAM_FRONT) by extensions ['python_setup_py']
[0.933s] Level 1:colcon.colcon_core.package_identification:_identify(data_nuscenes/nuscenes/sweeps/CAM_FRONT) by extension 'python_setup_py'
[0.934s] Level 1:colcon.colcon_core.package_identification:_identify(data_nuscenes/nuscenes/sweeps/CAM_FRONT_LEFT) by extensions ['ignore', 'ignore_ament_install']
[0.934s] Level 1:colcon.colcon_core.package_identification:_identify(data_nuscenes/nuscenes/sweeps/CAM_FRONT_LEFT) by extension 'ignore'
[0.934s] Level 1:colcon.colcon_core.package_identification:_identify(data_nuscenes/nuscenes/sweeps/CAM_FRONT_LEFT) by extension 'ignore_ament_install'
[0.934s] Level 1:colcon.colcon_core.package_identification:_identify(data_nuscenes/nuscenes/sweeps/CAM_FRONT_LEFT) by extensions ['colcon_pkg']
[0.934s] Level 1:colcon.colcon_core.package_identification:_identify(data_nuscenes/nuscenes/sweeps/CAM_FRONT_LEFT) by extension 'colcon_pkg'
[0.934s] Level 1:colcon.colcon_core.package_identification:_identify(data_nuscenes/nuscenes/sweeps/CAM_FRONT_LEFT) by extensions ['colcon_meta']
[0.934s] Level 1:colcon.colcon_core.package_identification:_identify(data_nuscenes/nuscenes/sweeps/CAM_FRONT_LEFT) by extension 'colcon_meta'
[0.934s] Level 1:colcon.colcon_core.package_identification:_identify(data_nuscenes/nuscenes/sweeps/CAM_FRONT_LEFT) by extensions ['ros']
[0.934s] Level 1:colcon.colcon_core.package_identification:_identify(data_nuscenes/nuscenes/sweeps/CAM_FRONT_LEFT) by extension 'ros'
[0.934s] Level 1:colcon.colcon_core.package_identification:_identify(data_nuscenes/nuscenes/sweeps/CAM_FRONT_LEFT) by extensions ['cmake', 'python']
[0.934s] Level 1:colcon.colcon_core.package_identification:_identify(data_nuscenes/nuscenes/sweeps/CAM_FRONT_LEFT) by extension 'cmake'
[0.934s] Level 1:colcon.colcon_core.package_identification:_identify(data_nuscenes/nuscenes/sweeps/CAM_FRONT_LEFT) by extension 'python'
[0.934s] Level 1:colcon.colcon_core.package_identification:_identify(data_nuscenes/nuscenes/sweeps/CAM_FRONT_LEFT) by extensions ['python_setup_py']
[0.934s] Level 1:colcon.colcon_core.package_identification:_identify(data_nuscenes/nuscenes/sweeps/CAM_FRONT_LEFT) by extension 'python_setup_py'
[0.935s] Level 1:colcon.colcon_core.package_identification:_identify(data_nuscenes/nuscenes/sweeps/CAM_FRONT_RIGHT) by extensions ['ignore', 'ignore_ament_install']
[0.936s] Level 1:colcon.colcon_core.package_identification:_identify(data_nuscenes/nuscenes/sweeps/CAM_FRONT_RIGHT) by extension 'ignore'
[0.936s] Level 1:colcon.colcon_core.package_identification:_identify(data_nuscenes/nuscenes/sweeps/CAM_FRONT_RIGHT) by extension 'ignore_ament_install'
[0.936s] Level 1:colcon.colcon_core.package_identification:_identify(data_nuscenes/nuscenes/sweeps/CAM_FRONT_RIGHT) by extensions ['colcon_pkg']
[0.936s] Level 1:colcon.colcon_core.package_identification:_identify(data_nuscenes/nuscenes/sweeps/CAM_FRONT_RIGHT) by extension 'colcon_pkg'
[0.936s] Level 1:colcon.colcon_core.package_identification:_identify(data_nuscenes/nuscenes/sweeps/CAM_FRONT_RIGHT) by extensions ['colcon_meta']
[0.936s] Level 1:colcon.colcon_core.package_identification:_identify(data_nuscenes/nuscenes/sweeps/CAM_FRONT_RIGHT) by extension 'colcon_meta'
[0.936s] Level 1:colcon.colcon_core.package_identification:_identify(data_nuscenes/nuscenes/sweeps/CAM_FRONT_RIGHT) by extensions ['ros']
[0.936s] Level 1:colcon.colcon_core.package_identification:_identify(data_nuscenes/nuscenes/sweeps/CAM_FRONT_RIGHT) by extension 'ros'
[0.936s] Level 1:colcon.colcon_core.package_identification:_identify(data_nuscenes/nuscenes/sweeps/CAM_FRONT_RIGHT) by extensions ['cmake', 'python']
[0.936s] Level 1:colcon.colcon_core.package_identification:_identify(data_nuscenes/nuscenes/sweeps/CAM_FRONT_RIGHT) by extension 'cmake'
[0.936s] Level 1:colcon.colcon_core.package_identification:_identify(data_nuscenes/nuscenes/sweeps/CAM_FRONT_RIGHT) by extension 'python'
[0.936s] Level 1:colcon.colcon_core.package_identification:_identify(data_nuscenes/nuscenes/sweeps/CAM_FRONT_RIGHT) by extensions ['python_setup_py']
[0.936s] Level 1:colcon.colcon_core.package_identification:_identify(data_nuscenes/nuscenes/sweeps/CAM_FRONT_RIGHT) by extension 'python_setup_py'
[1.129s] Level 1:colcon.colcon_core.package_identification:_identify(data_nuscenes/nuscenes/sweeps/LIDAR_TOP) by extensions ['ignore', 'ignore_ament_install']
[1.129s] Level 1:colcon.colcon_core.package_identification:_identify(data_nuscenes/nuscenes/sweeps/LIDAR_TOP) by extension 'ignore'
[1.129s] Level 1:colcon.colcon_core.package_identification:_identify(data_nuscenes/nuscenes/sweeps/LIDAR_TOP) by extension 'ignore_ament_install'
[1.129s] Level 1:colcon.colcon_core.package_identification:_identify(data_nuscenes/nuscenes/sweeps/LIDAR_TOP) by extensions ['colcon_pkg']
[1.129s] Level 1:colcon.colcon_core.package_identification:_identify(data_nuscenes/nuscenes/sweeps/LIDAR_TOP) by extension 'colcon_pkg'
[1.129s] Level 1:colcon.colcon_core.package_identification:_identify(data_nuscenes/nuscenes/sweeps/LIDAR_TOP) by extensions ['colcon_meta']
[1.129s] Level 1:colcon.colcon_core.package_identification:_identify(data_nuscenes/nuscenes/sweeps/LIDAR_TOP) by extension 'colcon_meta'
[1.129s] Level 1:colcon.colcon_core.package_identification:_identify(data_nuscenes/nuscenes/sweeps/LIDAR_TOP) by extensions ['ros']
[1.129s] Level 1:colcon.colcon_core.package_identification:_identify(data_nuscenes/nuscenes/sweeps/LIDAR_TOP) by extension 'ros'
[1.129s] Level 1:colcon.colcon_core.package_identification:_identify(data_nuscenes/nuscenes/sweeps/LIDAR_TOP) by extensions ['cmake', 'python']
[1.129s] Level 1:colcon.colcon_core.package_identification:_identify(data_nuscenes/nuscenes/sweeps/LIDAR_TOP) by extension 'cmake'
[1.130s] Level 1:colcon.colcon_core.package_identification:_identify(data_nuscenes/nuscenes/sweeps/LIDAR_TOP) by extension 'python'
[1.130s] Level 1:colcon.colcon_core.package_identification:_identify(data_nuscenes/nuscenes/sweeps/LIDAR_TOP) by extensions ['python_setup_py']
[1.130s] Level 1:colcon.colcon_core.package_identification:_identify(data_nuscenes/nuscenes/sweeps/LIDAR_TOP) by extension 'python_setup_py'
[1.135s] Level 1:colcon.colcon_core.package_identification:_identify(data_nuscenes/nuscenes/sweeps/RADAR_BACK_LEFT) by extensions ['ignore', 'ignore_ament_install']
[1.135s] Level 1:colcon.colcon_core.package_identification:_identify(data_nuscenes/nuscenes/sweeps/RADAR_BACK_LEFT) by extension 'ignore'
[1.135s] Level 1:colcon.colcon_core.package_identification:_identify(data_nuscenes/nuscenes/sweeps/RADAR_BACK_LEFT) by extension 'ignore_ament_install'
[1.135s] Level 1:colcon.colcon_core.package_identification:_identify(data_nuscenes/nuscenes/sweeps/RADAR_BACK_LEFT) by extensions ['colcon_pkg']
[1.135s] Level 1:colcon.colcon_core.package_identification:_identify(data_nuscenes/nuscenes/sweeps/RADAR_BACK_LEFT) by extension 'colcon_pkg'
[1.135s] Level 1:colcon.colcon_core.package_identification:_identify(data_nuscenes/nuscenes/sweeps/RADAR_BACK_LEFT) by extensions ['colcon_meta']
[1.136s] Level 1:colcon.colcon_core.package_identification:_identify(data_nuscenes/nuscenes/sweeps/RADAR_BACK_LEFT) by extension 'colcon_meta'
[1.136s] Level 1:colcon.colcon_core.package_identification:_identify(data_nuscenes/nuscenes/sweeps/RADAR_BACK_LEFT) by extensions ['ros']
[1.136s] Level 1:colcon.colcon_core.package_identification:_identify(data_nuscenes/nuscenes/sweeps/RADAR_BACK_LEFT) by extension 'ros'
[1.136s] Level 1:colcon.colcon_core.package_identification:_identify(data_nuscenes/nuscenes/sweeps/RADAR_BACK_LEFT) by extensions ['cmake', 'python']
[1.136s] Level 1:colcon.colcon_core.package_identification:_identify(data_nuscenes/nuscenes/sweeps/RADAR_BACK_LEFT) by extension 'cmake'
[1.136s] Level 1:colcon.colcon_core.package_identification:_identify(data_nuscenes/nuscenes/sweeps/RADAR_BACK_LEFT) by extension 'python'
[1.136s] Level 1:colcon.colcon_core.package_identification:_identify(data_nuscenes/nuscenes/sweeps/RADAR_BACK_LEFT) by extensions ['python_setup_py']
[1.136s] Level 1:colcon.colcon_core.package_identification:_identify(data_nuscenes/nuscenes/sweeps/RADAR_BACK_LEFT) by extension 'python_setup_py'
[1.137s] Level 1:colcon.colcon_core.package_identification:_identify(data_nuscenes/nuscenes/sweeps/RADAR_BACK_RIGHT) by extensions ['ignore', 'ignore_ament_install']
[1.137s] Level 1:colcon.colcon_core.package_identification:_identify(data_nuscenes/nuscenes/sweeps/RADAR_BACK_RIGHT) by extension 'ignore'
[1.137s] Level 1:colcon.colcon_core.package_identification:_identify(data_nuscenes/nuscenes/sweeps/RADAR_BACK_RIGHT) by extension 'ignore_ament_install'
[1.137s] Level 1:colcon.colcon_core.package_identification:_identify(data_nuscenes/nuscenes/sweeps/RADAR_BACK_RIGHT) by extensions ['colcon_pkg']
[1.137s] Level 1:colcon.colcon_core.package_identification:_identify(data_nuscenes/nuscenes/sweeps/RADAR_BACK_RIGHT) by extension 'colcon_pkg'
[1.137s] Level 1:colcon.colcon_core.package_identification:_identify(data_nuscenes/nuscenes/sweeps/RADAR_BACK_RIGHT) by extensions ['colcon_meta']
[1.137s] Level 1:colcon.colcon_core.package_identification:_identify(data_nuscenes/nuscenes/sweeps/RADAR_BACK_RIGHT) by extension 'colcon_meta'
[1.137s] Level 1:colcon.colcon_core.package_identification:_identify(data_nuscenes/nuscenes/sweeps/RADAR_BACK_RIGHT) by extensions ['ros']
[1.137s] Level 1:colcon.colcon_core.package_identification:_identify(data_nuscenes/nuscenes/sweeps/RADAR_BACK_RIGHT) by extension 'ros'
[1.138s] Level 1:colcon.colcon_core.package_identification:_identify(data_nuscenes/nuscenes/sweeps/RADAR_BACK_RIGHT) by extensions ['cmake', 'python']
[1.138s] Level 1:colcon.colcon_core.package_identification:_identify(data_nuscenes/nuscenes/sweeps/RADAR_BACK_RIGHT) by extension 'cmake'
[1.138s] Level 1:colcon.colcon_core.package_identification:_identify(data_nuscenes/nuscenes/sweeps/RADAR_BACK_RIGHT) by extension 'python'
[1.138s] Level 1:colcon.colcon_core.package_identification:_identify(data_nuscenes/nuscenes/sweeps/RADAR_BACK_RIGHT) by extensions ['python_setup_py']
[1.138s] Level 1:colcon.colcon_core.package_identification:_identify(data_nuscenes/nuscenes/sweeps/RADAR_BACK_RIGHT) by extension 'python_setup_py'
[1.139s] Level 1:colcon.colcon_core.package_identification:_identify(data_nuscenes/nuscenes/sweeps/RADAR_FRONT) by extensions ['ignore', 'ignore_ament_install']
[1.139s] Level 1:colcon.colcon_core.package_identification:_identify(data_nuscenes/nuscenes/sweeps/RADAR_FRONT) by extension 'ignore'
[1.139s] Level 1:colcon.colcon_core.package_identification:_identify(data_nuscenes/nuscenes/sweeps/RADAR_FRONT) by extension 'ignore_ament_install'
[1.139s] Level 1:colcon.colcon_core.package_identification:_identify(data_nuscenes/nuscenes/sweeps/RADAR_FRONT) by extensions ['colcon_pkg']
[1.139s] Level 1:colcon.colcon_core.package_identification:_identify(data_nuscenes/nuscenes/sweeps/RADAR_FRONT) by extension 'colcon_pkg'
[1.139s] Level 1:colcon.colcon_core.package_identification:_identify(data_nuscenes/nuscenes/sweeps/RADAR_FRONT) by extensions ['colcon_meta']
[1.139s] Level 1:colcon.colcon_core.package_identification:_identify(data_nuscenes/nuscenes/sweeps/RADAR_FRONT) by extension 'colcon_meta'
[1.139s] Level 1:colcon.colcon_core.package_identification:_identify(data_nuscenes/nuscenes/sweeps/RADAR_FRONT) by extensions ['ros']
[1.139s] Level 1:colcon.colcon_core.package_identification:_identify(data_nuscenes/nuscenes/sweeps/RADAR_FRONT) by extension 'ros'
[1.139s] Level 1:colcon.colcon_core.package_identification:_identify(data_nuscenes/nuscenes/sweeps/RADAR_FRONT) by extensions ['cmake', 'python']
[1.139s] Level 1:colcon.colcon_core.package_identification:_identify(data_nuscenes/nuscenes/sweeps/RADAR_FRONT) by extension 'cmake'
[1.139s] Level 1:colcon.colcon_core.package_identification:_identify(data_nuscenes/nuscenes/sweeps/RADAR_FRONT) by extension 'python'
[1.139s] Level 1:colcon.colcon_core.package_identification:_identify(data_nuscenes/nuscenes/sweeps/RADAR_FRONT) by extensions ['python_setup_py']
[1.139s] Level 1:colcon.colcon_core.package_identification:_identify(data_nuscenes/nuscenes/sweeps/RADAR_FRONT) by extension 'python_setup_py'
[1.141s] Level 1:colcon.colcon_core.package_identification:_identify(data_nuscenes/nuscenes/sweeps/RADAR_FRONT_LEFT) by extensions ['ignore', 'ignore_ament_install']
[1.141s] Level 1:colcon.colcon_core.package_identification:_identify(data_nuscenes/nuscenes/sweeps/RADAR_FRONT_LEFT) by extension 'ignore'
[1.141s] Level 1:colcon.colcon_core.package_identification:_identify(data_nuscenes/nuscenes/sweeps/RADAR_FRONT_LEFT) by extension 'ignore_ament_install'
[1.141s] Level 1:colcon.colcon_core.package_identification:_identify(data_nuscenes/nuscenes/sweeps/RADAR_FRONT_LEFT) by extensions ['colcon_pkg']
[1.141s] Level 1:colcon.colcon_core.package_identification:_identify(data_nuscenes/nuscenes/sweeps/RADAR_FRONT_LEFT) by extension 'colcon_pkg'
[1.141s] Level 1:colcon.colcon_core.package_identification:_identify(data_nuscenes/nuscenes/sweeps/RADAR_FRONT_LEFT) by extensions ['colcon_meta']
[1.141s] Level 1:colcon.colcon_core.package_identification:_identify(data_nuscenes/nuscenes/sweeps/RADAR_FRONT_LEFT) by extension 'colcon_meta'
[1.141s] Level 1:colcon.colcon_core.package_identification:_identify(data_nuscenes/nuscenes/sweeps/RADAR_FRONT_LEFT) by extensions ['ros']
[1.141s] Level 1:colcon.colcon_core.package_identification:_identify(data_nuscenes/nuscenes/sweeps/RADAR_FRONT_LEFT) by extension 'ros'
[1.141s] Level 1:colcon.colcon_core.package_identification:_identify(data_nuscenes/nuscenes/sweeps/RADAR_FRONT_LEFT) by extensions ['cmake', 'python']
[1.141s] Level 1:colcon.colcon_core.package_identification:_identify(data_nuscenes/nuscenes/sweeps/RADAR_FRONT_LEFT) by extension 'cmake'
[1.141s] Level 1:colcon.colcon_core.package_identification:_identify(data_nuscenes/nuscenes/sweeps/RADAR_FRONT_LEFT) by extension 'python'
[1.141s] Level 1:colcon.colcon_core.package_identification:_identify(data_nuscenes/nuscenes/sweeps/RADAR_FRONT_LEFT) by extensions ['python_setup_py']
[1.141s] Level 1:colcon.colcon_core.package_identification:_identify(data_nuscenes/nuscenes/sweeps/RADAR_FRONT_LEFT) by extension 'python_setup_py'
[1.143s] Level 1:colcon.colcon_core.package_identification:_identify(data_nuscenes/nuscenes/sweeps/RADAR_FRONT_RIGHT) by extensions ['ignore', 'ignore_ament_install']
[1.143s] Level 1:colcon.colcon_core.package_identification:_identify(data_nuscenes/nuscenes/sweeps/RADAR_FRONT_RIGHT) by extension 'ignore'
[1.143s] Level 1:colcon.colcon_core.package_identification:_identify(data_nuscenes/nuscenes/sweeps/RADAR_FRONT_RIGHT) by extension 'ignore_ament_install'
[1.143s] Level 1:colcon.colcon_core.package_identification:_identify(data_nuscenes/nuscenes/sweeps/RADAR_FRONT_RIGHT) by extensions ['colcon_pkg']
[1.143s] Level 1:colcon.colcon_core.package_identification:_identify(data_nuscenes/nuscenes/sweeps/RADAR_FRONT_RIGHT) by extension 'colcon_pkg'
[1.143s] Level 1:colcon.colcon_core.package_identification:_identify(data_nuscenes/nuscenes/sweeps/RADAR_FRONT_RIGHT) by extensions ['colcon_meta']
[1.143s] Level 1:colcon.colcon_core.package_identification:_identify(data_nuscenes/nuscenes/sweeps/RADAR_FRONT_RIGHT) by extension 'colcon_meta'
[1.143s] Level 1:colcon.colcon_core.package_identification:_identify(data_nuscenes/nuscenes/sweeps/RADAR_FRONT_RIGHT) by extensions ['ros']
[1.143s] Level 1:colcon.colcon_core.package_identification:_identify(data_nuscenes/nuscenes/sweeps/RADAR_FRONT_RIGHT) by extension 'ros'
[1.143s] Level 1:colcon.colcon_core.package_identification:_identify(data_nuscenes/nuscenes/sweeps/RADAR_FRONT_RIGHT) by extensions ['cmake', 'python']
[1.143s] Level 1:colcon.colcon_core.package_identification:_identify(data_nuscenes/nuscenes/sweeps/RADAR_FRONT_RIGHT) by extension 'cmake'
[1.143s] Level 1:colcon.colcon_core.package_identification:_identify(data_nuscenes/nuscenes/sweeps/RADAR_FRONT_RIGHT) by extension 'python'
[1.143s] Level 1:colcon.colcon_core.package_identification:_identify(data_nuscenes/nuscenes/sweeps/RADAR_FRONT_RIGHT) by extensions ['python_setup_py']
[1.143s] Level 1:colcon.colcon_core.package_identification:_identify(data_nuscenes/nuscenes/sweeps/RADAR_FRONT_RIGHT) by extension 'python_setup_py'
[1.143s] Level 1:colcon.colcon_core.package_identification:_identify(data_nuscenes/nuscenes/v1.0-mini) by extensions ['ignore', 'ignore_ament_install']
[1.144s] Level 1:colcon.colcon_core.package_identification:_identify(data_nuscenes/nuscenes/v1.0-mini) by extension 'ignore'
[1.144s] Level 1:colcon.colcon_core.package_identification:_identify(data_nuscenes/nuscenes/v1.0-mini) by extension 'ignore_ament_install'
[1.144s] Level 1:colcon.colcon_core.package_identification:_identify(data_nuscenes/nuscenes/v1.0-mini) by extensions ['colcon_pkg']
[1.144s] Level 1:colcon.colcon_core.package_identification:_identify(data_nuscenes/nuscenes/v1.0-mini) by extension 'colcon_pkg'
[1.144s] Level 1:colcon.colcon_core.package_identification:_identify(data_nuscenes/nuscenes/v1.0-mini) by extensions ['colcon_meta']
[1.144s] Level 1:colcon.colcon_core.package_identification:_identify(data_nuscenes/nuscenes/v1.0-mini) by extension 'colcon_meta'
[1.144s] Level 1:colcon.colcon_core.package_identification:_identify(data_nuscenes/nuscenes/v1.0-mini) by extensions ['ros']
[1.144s] Level 1:colcon.colcon_core.package_identification:_identify(data_nuscenes/nuscenes/v1.0-mini) by extension 'ros'
[1.144s] Level 1:colcon.colcon_core.package_identification:_identify(data_nuscenes/nuscenes/v1.0-mini) by extensions ['cmake', 'python']
[1.144s] Level 1:colcon.colcon_core.package_identification:_identify(data_nuscenes/nuscenes/v1.0-mini) by extension 'cmake'
[1.144s] Level 1:colcon.colcon_core.package_identification:_identify(data_nuscenes/nuscenes/v1.0-mini) by extension 'python'
[1.144s] Level 1:colcon.colcon_core.package_identification:_identify(data_nuscenes/nuscenes/v1.0-mini) by extensions ['python_setup_py']
[1.144s] Level 1:colcon.colcon_core.package_identification:_identify(data_nuscenes/nuscenes/v1.0-mini) by extension 'python_setup_py'
[1.144s] Level 1:colcon.colcon_core.package_identification:_identify(data_nuscenes/nuscenes/v1.0-test) by extensions ['ignore', 'ignore_ament_install']
[1.144s] Level 1:colcon.colcon_core.package_identification:_identify(data_nuscenes/nuscenes/v1.0-test) by extension 'ignore'
[1.144s] Level 1:colcon.colcon_core.package_identification:_identify(data_nuscenes/nuscenes/v1.0-test) by extension 'ignore_ament_install'
[1.144s] Level 1:colcon.colcon_core.package_identification:_identify(data_nuscenes/nuscenes/v1.0-test) by extensions ['colcon_pkg']
[1.144s] Level 1:colcon.colcon_core.package_identification:_identify(data_nuscenes/nuscenes/v1.0-test) by extension 'colcon_pkg'
[1.144s] Level 1:colcon.colcon_core.package_identification:_identify(data_nuscenes/nuscenes/v1.0-test) by extensions ['colcon_meta']
[1.144s] Level 1:colcon.colcon_core.package_identification:_identify(data_nuscenes/nuscenes/v1.0-test) by extension 'colcon_meta'
[1.144s] Level 1:colcon.colcon_core.package_identification:_identify(data_nuscenes/nuscenes/v1.0-test) by extensions ['ros']
[1.144s] Level 1:colcon.colcon_core.package_identification:_identify(data_nuscenes/nuscenes/v1.0-test) by extension 'ros'
[1.144s] Level 1:colcon.colcon_core.package_identification:_identify(data_nuscenes/nuscenes/v1.0-test) by extensions ['cmake', 'python']
[1.144s] Level 1:colcon.colcon_core.package_identification:_identify(data_nuscenes/nuscenes/v1.0-test) by extension 'cmake'
[1.145s] Level 1:colcon.colcon_core.package_identification:_identify(data_nuscenes/nuscenes/v1.0-test) by extension 'python'
[1.145s] Level 1:colcon.colcon_core.package_identification:_identify(data_nuscenes/nuscenes/v1.0-test) by extensions ['python_setup_py']
[1.145s] Level 1:colcon.colcon_core.package_identification:_identify(data_nuscenes/nuscenes/v1.0-test) by extension 'python_setup_py'
[1.145s] Level 1:colcon.colcon_core.package_identification:_identify(data_nuscenes/nuscenes/v1.0-trainval) by extensions ['ignore', 'ignore_ament_install']
[1.145s] Level 1:colcon.colcon_core.package_identification:_identify(data_nuscenes/nuscenes/v1.0-trainval) by extension 'ignore'
[1.145s] Level 1:colcon.colcon_core.package_identification:_identify(data_nuscenes/nuscenes/v1.0-trainval) by extension 'ignore_ament_install'
[1.145s] Level 1:colcon.colcon_core.package_identification:_identify(data_nuscenes/nuscenes/v1.0-trainval) by extensions ['colcon_pkg']
[1.145s] Level 1:colcon.colcon_core.package_identification:_identify(data_nuscenes/nuscenes/v1.0-trainval) by extension 'colcon_pkg'
[1.145s] Level 1:colcon.colcon_core.package_identification:_identify(data_nuscenes/nuscenes/v1.0-trainval) by extensions ['colcon_meta']
[1.145s] Level 1:colcon.colcon_core.package_identification:_identify(data_nuscenes/nuscenes/v1.0-trainval) by extension 'colcon_meta'
[1.145s] Level 1:colcon.colcon_core.package_identification:_identify(data_nuscenes/nuscenes/v1.0-trainval) by extensions ['ros']
[1.145s] Level 1:colcon.colcon_core.package_identification:_identify(data_nuscenes/nuscenes/v1.0-trainval) by extension 'ros'
[1.145s] Level 1:colcon.colcon_core.package_identification:_identify(data_nuscenes/nuscenes/v1.0-trainval) by extensions ['cmake', 'python']
[1.145s] Level 1:colcon.colcon_core.package_identification:_identify(data_nuscenes/nuscenes/v1.0-trainval) by extension 'cmake'
[1.145s] Level 1:colcon.colcon_core.package_identification:_identify(data_nuscenes/nuscenes/v1.0-trainval) by extension 'python'
[1.145s] Level 1:colcon.colcon_core.package_identification:_identify(data_nuscenes/nuscenes/v1.0-trainval) by extensions ['python_setup_py']
[1.145s] Level 1:colcon.colcon_core.package_identification:_identify(data_nuscenes/nuscenes/v1.0-trainval) by extension 'python_setup_py'
[1.145s] Level 1:colcon.colcon_core.package_identification:_identify(install) by extensions ['ignore', 'ignore_ament_install']
[1.145s] Level 1:colcon.colcon_core.package_identification:_identify(install) by extension 'ignore'
[1.145s] Level 1:colcon.colcon_core.package_identification:_identify(install) ignored
[1.145s] Level 1:colcon.colcon_core.package_identification:_identify(log) by extensions ['ignore', 'ignore_ament_install']
[1.146s] Level 1:colcon.colcon_core.package_identification:_identify(log) by extension 'ignore'
[1.146s] Level 1:colcon.colcon_core.package_identification:_identify(log) ignored
[1.146s] Level 1:colcon.colcon_core.package_identification:_identify(src) by extensions ['ignore', 'ignore_ament_install']
[1.146s] Level 1:colcon.colcon_core.package_identification:_identify(src) by extension 'ignore'
[1.146s] Level 1:colcon.colcon_core.package_identification:_identify(src) by extension 'ignore_ament_install'
[1.146s] Level 1:colcon.colcon_core.package_identification:_identify(src) by extensions ['colcon_pkg']
[1.146s] Level 1:colcon.colcon_core.package_identification:_identify(src) by extension 'colcon_pkg'
[1.146s] Level 1:colcon.colcon_core.package_identification:_identify(src) by extensions ['colcon_meta']
[1.146s] Level 1:colcon.colcon_core.package_identification:_identify(src) by extension 'colcon_meta'
[1.146s] Level 1:colcon.colcon_core.package_identification:_identify(src) by extensions ['ros']
[1.146s] Level 1:colcon.colcon_core.package_identification:_identify(src) by extension 'ros'
[1.146s] Level 1:colcon.colcon_core.package_identification:_identify(src) by extensions ['cmake', 'python']
[1.146s] Level 1:colcon.colcon_core.package_identification:_identify(src) by extension 'cmake'
[1.146s] Level 1:colcon.colcon_core.package_identification:_identify(src) by extension 'python'
[1.146s] Level 1:colcon.colcon_core.package_identification:_identify(src) by extensions ['python_setup_py']
[1.146s] Level 1:colcon.colcon_core.package_identification:_identify(src) by extension 'python_setup_py'
[1.146s] Level 1:colcon.colcon_core.package_identification:_identify(src/fastbev_ros) by extensions ['ignore', 'ignore_ament_install']
[1.146s] Level 1:colcon.colcon_core.package_identification:_identify(src/fastbev_ros) by extension 'ignore'
[1.146s] Level 1:colcon.colcon_core.package_identification:_identify(src/fastbev_ros) by extension 'ignore_ament_install'
[1.146s] Level 1:colcon.colcon_core.package_identification:_identify(src/fastbev_ros) by extensions ['colcon_pkg']
[1.146s] Level 1:colcon.colcon_core.package_identification:_identify(src/fastbev_ros) by extension 'colcon_pkg'
[1.146s] Level 1:colcon.colcon_core.package_identification:_identify(src/fastbev_ros) by extensions ['colcon_meta']
[1.146s] Level 1:colcon.colcon_core.package_identification:_identify(src/fastbev_ros) by extension 'colcon_meta'
[1.146s] Level 1:colcon.colcon_core.package_identification:_identify(src/fastbev_ros) by extensions ['ros']
[1.146s] Level 1:colcon.colcon_core.package_identification:_identify(src/fastbev_ros) by extension 'ros'
[1.149s] DEBUG:colcon.colcon_core.package_identification:Package 'src/fastbev_ros' with type 'ros.ament_python' and name 'fastbev_ros'
[1.149s] Level 1:colcon.colcon_core.package_identification:_identify(vis) by extensions ['ignore', 'ignore_ament_install']
[1.149s] Level 1:colcon.colcon_core.package_identification:_identify(vis) by extension 'ignore'
[1.149s] Level 1:colcon.colcon_core.package_identification:_identify(vis) by extension 'ignore_ament_install'
[1.149s] Level 1:colcon.colcon_core.package_identification:_identify(vis) by extensions ['colcon_pkg']
[1.149s] Level 1:colcon.colcon_core.package_identification:_identify(vis) by extension 'colcon_pkg'
[1.150s] Level 1:colcon.colcon_core.package_identification:_identify(vis) by extensions ['colcon_meta']
[1.150s] Level 1:colcon.colcon_core.package_identification:_identify(vis) by extension 'colcon_meta'
[1.150s] Level 1:colcon.colcon_core.package_identification:_identify(vis) by extensions ['ros']
[1.150s] Level 1:colcon.colcon_core.package_identification:_identify(vis) by extension 'ros'
[1.150s] Level 1:colcon.colcon_core.package_identification:_identify(vis) by extensions ['cmake', 'python']
[1.150s] Level 1:colcon.colcon_core.package_identification:_identify(vis) by extension 'cmake'
[1.150s] Level 1:colcon.colcon_core.package_identification:_identify(vis) by extension 'python'
[1.150s] Level 1:colcon.colcon_core.package_identification:_identify(vis) by extensions ['python_setup_py']
[1.150s] Level 1:colcon.colcon_core.package_identification:_identify(vis) by extension 'python_setup_py'
[1.150s] Level 1:colcon.colcon_core.package_discovery:discover_packages(recursive) using defaults
[1.150s] Level 1:colcon.colcon_core.package_discovery:discover_packages(ignore) discover
[1.150s] Level 1:colcon.colcon_core.package_discovery:discover_packages(ignore) using defaults
[1.150s] Level 1:colcon.colcon_core.package_discovery:discover_packages(path) discover
[1.150s] Level 1:colcon.colcon_core.package_discovery:discover_packages(path) using defaults
[1.168s] Level 1:colcon.colcon_core.package_discovery:discover_packages(prefix_path) check parameters
[1.168s] Level 1:colcon.colcon_core.package_discovery:discover_packages(prefix_path) discover
[1.170s] DEBUG:colcon.colcon_installed_package_information.package_discovery:Found 1 installed packages in /home/kenta/ros2_ws/install
[1.171s] DEBUG:colcon.colcon_installed_package_information.package_discovery:Found 273 installed packages in /opt/ros/humble
[1.173s] Level 1:colcon.colcon_core.package_discovery:discover_packages(prefix_path) using defaults
[1.205s] Level 5:colcon.colcon_core.verb:set package 'fastbev_ros' build argument 'cmake_args' from command line to 'None'
[1.206s] Level 5:colcon.colcon_core.verb:set package 'fastbev_ros' build argument 'cmake_target' from command line to 'None'
[1.206s] Level 5:colcon.colcon_core.verb:set package 'fastbev_ros' build argument 'cmake_target_skip_unavailable' from command line to 'False'
[1.206s] Level 5:colcon.colcon_core.verb:set package 'fastbev_ros' build argument 'cmake_clean_cache' from command line to 'False'
[1.206s] Level 5:colcon.colcon_core.verb:set package 'fastbev_ros' build argument 'cmake_clean_first' from command line to 'False'
[1.206s] Level 5:colcon.colcon_core.verb:set package 'fastbev_ros' build argument 'cmake_force_configure' from command line to 'False'
[1.206s] Level 5:colcon.colcon_core.verb:set package 'fastbev_ros' build argument 'ament_cmake_args' from command line to 'None'
[1.206s] Level 5:colcon.colcon_core.verb:set package 'fastbev_ros' build argument 'catkin_cmake_args' from command line to 'None'
[1.206s] Level 5:colcon.colcon_core.verb:set package 'fastbev_ros' build argument 'catkin_skip_building_tests' from command line to 'False'
[1.206s] DEBUG:colcon.colcon_core.verb:Building package 'fastbev_ros' with the following arguments: {'ament_cmake_args': None, 'build_base': '/home/kenta/ros2_ws/build/fastbev_ros', 'catkin_cmake_args': None, 'catkin_skip_building_tests': False, 'cmake_args': None, 'cmake_clean_cache': False, 'cmake_clean_first': False, 'cmake_force_configure': False, 'cmake_target': None, 'cmake_target_skip_unavailable': False, 'install_base': '/home/kenta/ros2_ws/install/fastbev_ros', 'merge_install': False, 'path': '/home/kenta/ros2_ws/src/fastbev_ros', 'symlink_install': True, 'test_result_base': None}
[1.206s] INFO:colcon.colcon_core.executor:Executing jobs using 'parallel' executor
[1.207s] DEBUG:colcon.colcon_parallel_executor.executor.parallel:run_until_complete
[1.207s] INFO:colcon.colcon_ros.task.ament_python.build:Building ROS package in '/home/kenta/ros2_ws/src/fastbev_ros' with build type 'ament_python'
[1.207s] Level 1:colcon.colcon_core.shell:create_environment_hook('fastbev_ros', 'ament_prefix_path')
[1.210s] INFO:colcon.colcon_core.plugin_system:Skipping extension 'colcon_core.shell.bat': Not used on non-Windows systems
[1.210s] INFO:colcon.colcon_core.shell:Creating environment hook '/home/kenta/ros2_ws/install/fastbev_ros/share/fastbev_ros/hook/ament_prefix_path.ps1'
[1.210s] INFO:colcon.colcon_core.shell:Creating environment descriptor '/home/kenta/ros2_ws/install/fastbev_ros/share/fastbev_ros/hook/ament_prefix_path.dsv'
[1.211s] INFO:colcon.colcon_core.shell:Creating environment hook '/home/kenta/ros2_ws/install/fastbev_ros/share/fastbev_ros/hook/ament_prefix_path.sh'
[1.211s] INFO:colcon.colcon_core.shell:Skip shell extension 'powershell' for command environment: Not usable outside of PowerShell
[1.211s] DEBUG:colcon.colcon_core.shell:Skip shell extension 'dsv' for command environment
[1.404s] INFO:colcon.colcon_core.task.python.build:Building Python package in '/home/kenta/ros2_ws/src/fastbev_ros'
[1.404s] INFO:colcon.colcon_core.shell:Skip shell extension 'powershell' for command environment: Not usable outside of PowerShell
[1.404s] DEBUG:colcon.colcon_core.shell:Skip shell extension 'dsv' for command environment
[1.666s] DEBUG:colcon.colcon_core.event_handler.log_command:Invoking command in '/home/kenta/ros2_ws/build/fastbev_ros': CONDA_PROMPT_MODIFIER=(fastbev_ros_py310) PYTHONPATH=/home/kenta/ros2_ws/build/fastbev_ros/prefix_override:/usr/lib/python3/dist-packages/colcon_core/task/python/colcon_distutils_commands:/home/kenta/ros2_ws/install/fastbev_ros/lib/python3.10/site-packages:${PYTHONPATH} /usr/bin/python3 -W ignore:setup.py install is deprecated -W ignore:easy_install command is deprecated setup.py develop --editable --build-directory /home/kenta/ros2_ws/build/fastbev_ros/build --no-deps symlink_data
[1.998s] Level 1:colcon.colcon_core.shell:create_environment_hook('fastbev_ros', 'pythonpath_develop')
[1.998s] INFO:colcon.colcon_core.shell:Creating environment hook '/home/kenta/ros2_ws/build/fastbev_ros/share/fastbev_ros/hook/pythonpath_develop.ps1'
[1.999s] DEBUG:colcon.colcon_core.event_handler.log_command:Invoked command in '/home/kenta/ros2_ws/build/fastbev_ros' returned '0': CONDA_PROMPT_MODIFIER=(fastbev_ros_py310) PYTHONPATH=/home/kenta/ros2_ws/build/fastbev_ros/prefix_override:/usr/lib/python3/dist-packages/colcon_core/task/python/colcon_distutils_commands:/home/kenta/ros2_ws/install/fastbev_ros/lib/python3.10/site-packages:${PYTHONPATH} /usr/bin/python3 -W ignore:setup.py install is deprecated -W ignore:easy_install command is deprecated setup.py develop --editable --build-directory /home/kenta/ros2_ws/build/fastbev_ros/build --no-deps symlink_data
[1.999s] INFO:colcon.colcon_core.shell:Creating environment descriptor '/home/kenta/ros2_ws/build/fastbev_ros/share/fastbev_ros/hook/pythonpath_develop.dsv'
[1.999s] INFO:colcon.colcon_core.shell:Creating environment hook '/home/kenta/ros2_ws/build/fastbev_ros/share/fastbev_ros/hook/pythonpath_develop.sh'
[2.003s] Level 1:colcon.colcon_core.environment:checking '/home/kenta/ros2_ws/install/fastbev_ros' for CMake module files
[2.003s] Level 1:colcon.colcon_core.environment:checking '/home/kenta/ros2_ws/install/fastbev_ros' for CMake config files
[2.004s] Level 1:colcon.colcon_core.environment:checking '/home/kenta/ros2_ws/install/fastbev_ros/lib'
[2.004s] Level 1:colcon.colcon_core.environment:checking '/home/kenta/ros2_ws/install/fastbev_ros/bin'
[2.004s] Level 1:colcon.colcon_core.environment:checking '/home/kenta/ros2_ws/install/fastbev_ros/lib/pkgconfig/fastbev_ros.pc'
[2.004s] Level 1:colcon.colcon_core.environment:checking '/home/kenta/ros2_ws/install/fastbev_ros/lib/python3.10/site-packages'
[2.004s] Level 1:colcon.colcon_core.shell:create_environment_hook('fastbev_ros', 'pythonpath')
[2.005s] INFO:colcon.colcon_core.shell:Creating environment hook '/home/kenta/ros2_ws/install/fastbev_ros/share/fastbev_ros/hook/pythonpath.ps1'
[2.005s] INFO:colcon.colcon_core.shell:Creating environment descriptor '/home/kenta/ros2_ws/install/fastbev_ros/share/fastbev_ros/hook/pythonpath.dsv'
[2.005s] INFO:colcon.colcon_core.shell:Creating environment hook '/home/kenta/ros2_ws/install/fastbev_ros/share/fastbev_ros/hook/pythonpath.sh'
[2.006s] Level 1:colcon.colcon_core.environment:checking '/home/kenta/ros2_ws/install/fastbev_ros/bin'
[2.006s] Level 1:colcon.colcon_core.environment:create_environment_scripts_only(fastbev_ros)
[2.006s] INFO:colcon.colcon_core.shell:Creating package script '/home/kenta/ros2_ws/install/fastbev_ros/share/fastbev_ros/package.ps1'
[2.007s] INFO:colcon.colcon_core.shell:Creating package descriptor '/home/kenta/ros2_ws/install/fastbev_ros/share/fastbev_ros/package.dsv'
[2.008s] INFO:colcon.colcon_core.shell:Creating package script '/home/kenta/ros2_ws/install/fastbev_ros/share/fastbev_ros/package.sh'
[2.008s] INFO:colcon.colcon_core.shell:Creating package script '/home/kenta/ros2_ws/install/fastbev_ros/share/fastbev_ros/package.bash'
[2.009s] INFO:colcon.colcon_core.shell:Creating package script '/home/kenta/ros2_ws/install/fastbev_ros/share/fastbev_ros/package.zsh'
[2.010s] Level 1:colcon.colcon_core.environment:create_file_with_runtime_dependencies(/home/kenta/ros2_ws/install/fastbev_ros/share/colcon-core/packages/fastbev_ros)
[2.010s] DEBUG:colcon.colcon_parallel_executor.executor.parallel:closing loop
[2.010s] DEBUG:colcon.colcon_parallel_executor.executor.parallel:loop closed
[2.010s] DEBUG:colcon.colcon_parallel_executor.executor.parallel:run_until_complete finished with '0'
[2.010s] DEBUG:colcon.colcon_core.event_reactor:joining thread
[2.016s] INFO:colcon.colcon_core.plugin_system:Skipping extension 'colcon_notification.desktop_notification.terminal_notifier': Not used on non-Darwin systems
[2.016s] INFO:colcon.colcon_core.plugin_system:Skipping extension 'colcon_notification.desktop_notification.win32': Not used on non-Windows systems
[2.016s] INFO:colcon.colcon_notification.desktop_notification:Sending desktop notification using 'notify2'
[2.025s] DEBUG:colcon.colcon_core.event_reactor:joined thread
[2.026s] INFO:colcon.colcon_core.shell:Creating prefix script '/home/kenta/ros2_ws/install/local_setup.ps1'
[2.027s] INFO:colcon.colcon_core.shell:Creating prefix util module '/home/kenta/ros2_ws/install/_local_setup_util_ps1.py'
[2.028s] INFO:colcon.colcon_core.shell:Creating prefix chain script '/home/kenta/ros2_ws/install/setup.ps1'
[2.030s] INFO:colcon.colcon_core.shell:Creating prefix script '/home/kenta/ros2_ws/install/local_setup.sh'
[2.030s] INFO:colcon.colcon_core.shell:Creating prefix util module '/home/kenta/ros2_ws/install/_local_setup_util_sh.py'
[2.031s] INFO:colcon.colcon_core.shell:Creating prefix chain script '/home/kenta/ros2_ws/install/setup.sh'
[2.032s] INFO:colcon.colcon_core.shell:Creating prefix script '/home/kenta/ros2_ws/install/local_setup.bash'
[2.032s] INFO:colcon.colcon_core.shell:Creating prefix chain script '/home/kenta/ros2_ws/install/setup.bash'
[2.033s] INFO:colcon.colcon_core.shell:Creating prefix script '/home/kenta/ros2_ws/install/local_setup.zsh'
[2.034s] INFO:colcon.colcon_core.shell:Creating prefix chain script '/home/kenta/ros2_ws/install/setup.zsh'
