running egg_info
creating ../../build/fastbev_ros/fastbev_ros.egg-info
writing ../../build/fastbev_ros/fastbev_ros.egg-info/PKG-INFO
writing dependency_links to ../../build/fastbev_ros/fastbev_ros.egg-info/dependency_links.txt
writing entry points to ../../build/fastbev_ros/fastbev_ros.egg-info/entry_points.txt
writing requirements to ../../build/fastbev_ros/fastbev_ros.egg-info/requires.txt
writing top-level names to ../../build/fastbev_ros/fastbev_ros.egg-info/top_level.txt
writing manifest file '../../build/fastbev_ros/fastbev_ros.egg-info/SOURCES.txt'
reading manifest file '../../build/fastbev_ros/fastbev_ros.egg-info/SOURCES.txt'
writing manifest file '../../build/fastbev_ros/fastbev_ros.egg-info/SOURCES.txt'
running build
running build_py
creating /home/kenta/ros2_ws/build/fastbev_ros/build
creating /home/kenta/ros2_ws/build/fastbev_ros/build/lib
creating /home/kenta/ros2_ws/build/fastbev_ros/build/lib/fastbev_ros
copying fastbev_ros/utils.py -> /home/kenta/ros2_ws/build/fastbev_ros/build/lib/fastbev_ros
copying fastbev_ros/nuscenes_sample_generator.py -> /home/kenta/ros2_ws/build/fastbev_ros/build/lib/fastbev_ros
copying fastbev_ros/__init__.py -> /home/kenta/ros2_ws/build/fastbev_ros/build/lib/fastbev_ros
copying fastbev_ros/data_node.py -> /home/kenta/ros2_ws/build/fastbev_ros/build/lib/fastbev_ros
running install
running install_lib
creating /home/kenta/ros2_ws/install/fastbev_ros/lib/python3.10/site-packages/fastbev_ros
copying /home/kenta/ros2_ws/build/fastbev_ros/build/lib/fastbev_ros/utils.py -> /home/kenta/ros2_ws/install/fastbev_ros/lib/python3.10/site-packages/fastbev_ros
copying /home/kenta/ros2_ws/build/fastbev_ros/build/lib/fastbev_ros/nuscenes_sample_generator.py -> /home/kenta/ros2_ws/install/fastbev_ros/lib/python3.10/site-packages/fastbev_ros
copying /home/kenta/ros2_ws/build/fastbev_ros/build/lib/fastbev_ros/__init__.py -> /home/kenta/ros2_ws/install/fastbev_ros/lib/python3.10/site-packages/fastbev_ros
copying /home/kenta/ros2_ws/build/fastbev_ros/build/lib/fastbev_ros/data_node.py -> /home/kenta/ros2_ws/install/fastbev_ros/lib/python3.10/site-packages/fastbev_ros
byte-compiling /home/kenta/ros2_ws/install/fastbev_ros/lib/python3.10/site-packages/fastbev_ros/utils.py to utils.cpython-310.pyc
byte-compiling /home/kenta/ros2_ws/install/fastbev_ros/lib/python3.10/site-packages/fastbev_ros/nuscenes_sample_generator.py to nuscenes_sample_generator.cpython-310.pyc
byte-compiling /home/kenta/ros2_ws/install/fastbev_ros/lib/python3.10/site-packages/fastbev_ros/__init__.py to __init__.cpython-310.pyc
byte-compiling /home/kenta/ros2_ws/install/fastbev_ros/lib/python3.10/site-packages/fastbev_ros/data_node.py to data_node.cpython-310.pyc
running install_data
creating /home/kenta/ros2_ws/install/fastbev_ros/share/ament_index
creating /home/kenta/ros2_ws/install/fastbev_ros/share/ament_index/resource_index
creating /home/kenta/ros2_ws/install/fastbev_ros/share/ament_index/resource_index/packages
copying resource/fastbev_ros -> /home/kenta/ros2_ws/install/fastbev_ros/share/ament_index/resource_index/packages
copying package.xml -> /home/kenta/ros2_ws/install/fastbev_ros/share/fastbev_ros
running install_egg_info
Copying ../../build/fastbev_ros/fastbev_ros.egg-info to /home/kenta/ros2_ws/install/fastbev_ros/lib/python3.10/site-packages/fastbev_ros-0.0.0-py3.10.egg-info
running install_scripts
Installing data_node script to /home/kenta/ros2_ws/install/fastbev_ros/lib/fastbev_ros
writing list of installed files to '/home/kenta/ros2_ws/build/fastbev_ros/install.log'
