[0.079s] DEBUG:colcon:Command line arguments: ['/usr/bin/colcon', 'build', '--packages-select', 'fastbev_ros', '--symlink-install']
[0.079s] DEBUG:colcon:Parsed command line arguments: Namespace(log_base=None, log_level=None, verb_name='build', build_base='build', install_base='install', merge_install=False, symlink_install=True, test_result_base=None, continue_on_error=False, executor='parallel', parallel_workers=16, event_handlers=None, ignore_user_meta=False, metas=['./colcon.meta'], base_paths=['.'], packages_ignore=None, packages_ignore_regex=None, paths=None, packages_up_to=None, packages_up_to_regex=None, packages_above=None, packages_above_and_dependencies=None, packages_above_depth=None, packages_select_by_dep=None, packages_skip_by_dep=None, packages_skip_up_to=None, packages_select_build_failed=False, packages_skip_build_finished=False, packages_select_test_failures=False, packages_skip_test_passed=False, packages_select=['fastbev_ros'], packages_skip=None, packages_select_regex=None, packages_skip_regex=None, packages_start=None, packages_end=None, allow_overriding=[], cmake_args=None, cmake_target=None, cmake_target_skip_unavailable=False, cmake_clean_cache=False, cmake_clean_first=False, cmake_force_configure=False, ament_cmake_args=None, catkin_cmake_args=None, catkin_skip_building_tests=False, verb_parser=<colcon_defaults.argument_parser.defaults.DefaultArgumentsDecorator object at 0x7cdb4df27910>, verb_extension=<colcon_core.verb.build.BuildVerb object at 0x7cdb4df27400>, main=<bound method BuildVerb.main of <colcon_core.verb.build.BuildVerb object at 0x7cdb4df27400>>)
[0.198s] Level 1:colcon.colcon_core.package_discovery:discover_packages(colcon_meta) check parameters
[0.198s] Level 1:colcon.colcon_core.package_discovery:discover_packages(recursive) check parameters
[0.198s] Level 1:colcon.colcon_core.package_discovery:discover_packages(ignore) check parameters
[0.198s] Level 1:colcon.colcon_core.package_discovery:discover_packages(path) check parameters
[0.198s] Level 1:colcon.colcon_core.package_discovery:discover_packages(colcon_meta) discover
[0.198s] Level 1:colcon.colcon_core.package_discovery:discover_packages(recursive) discover
[0.198s] INFO:colcon.colcon_core.package_discovery:Crawling recursively for packages in '/home/kenta/ros2_ws'
[0.198s] Level 1:colcon.colcon_core.package_identification:_identify(.) by extensions ['ignore', 'ignore_ament_install']
[0.198s] Level 1:colcon.colcon_core.package_identification:_identify(.) by extension 'ignore'
[0.198s] Level 1:colcon.colcon_core.package_identification:_identify(.) by extension 'ignore_ament_install'
[0.198s] Level 1:colcon.colcon_core.package_identification:_identify(.) by extensions ['colcon_pkg']
[0.198s] Level 1:colcon.colcon_core.package_identification:_identify(.) by extension 'colcon_pkg'
[0.198s] Level 1:colcon.colcon_core.package_identification:_identify(.) by extensions ['colcon_meta']
[0.198s] Level 1:colcon.colcon_core.package_identification:_identify(.) by extension 'colcon_meta'
[0.198s] Level 1:colcon.colcon_core.package_identification:_identify(.) by extensions ['ros']
[0.198s] Level 1:colcon.colcon_core.package_identification:_identify(.) by extension 'ros'
[0.207s] Level 1:colcon.colcon_core.package_identification:_identify(.) by extensions ['cmake', 'python']
[0.207s] Level 1:colcon.colcon_core.package_identification:_identify(.) by extension 'cmake'
[0.207s] Level 1:colcon.colcon_core.package_identification:_identify(.) by extension 'python'
[0.207s] Level 1:colcon.colcon_core.package_identification:_identify(.) by extensions ['python_setup_py']
[0.207s] Level 1:colcon.colcon_core.package_identification:_identify(.) by extension 'python_setup_py'
[0.207s] Level 1:colcon.colcon_core.package_identification:_identify(build) by extensions ['ignore', 'ignore_ament_install']
[0.207s] Level 1:colcon.colcon_core.package_identification:_identify(build) by extension 'ignore'
[0.207s] Level 1:colcon.colcon_core.package_identification:_identify(build) ignored
[0.207s] Level 1:colcon.colcon_core.package_identification:_identify(data_nuscenes) by extensions ['ignore', 'ignore_ament_install']
[0.207s] Level 1:colcon.colcon_core.package_identification:_identify(data_nuscenes) by extension 'ignore'
[0.207s] Level 1:colcon.colcon_core.package_identification:_identify(data_nuscenes) by extension 'ignore_ament_install'
[0.207s] Level 1:colcon.colcon_core.package_identification:_identify(data_nuscenes) by extensions ['colcon_pkg']
[0.207s] Level 1:colcon.colcon_core.package_identification:_identify(data_nuscenes) by extension 'colcon_pkg'
[0.207s] Level 1:colcon.colcon_core.package_identification:_identify(data_nuscenes) by extensions ['colcon_meta']
[0.207s] Level 1:colcon.colcon_core.package_identification:_identify(data_nuscenes) by extension 'colcon_meta'
[0.207s] Level 1:colcon.colcon_core.package_identification:_identify(data_nuscenes) by extensions ['ros']
[0.207s] Level 1:colcon.colcon_core.package_identification:_identify(data_nuscenes) by extension 'ros'
[0.208s] Level 1:colcon.colcon_core.package_identification:_identify(data_nuscenes) by extensions ['cmake', 'python']
[0.208s] Level 1:colcon.colcon_core.package_identification:_identify(data_nuscenes) by extension 'cmake'
[0.208s] Level 1:colcon.colcon_core.package_identification:_identify(data_nuscenes) by extension 'python'
[0.208s] Level 1:colcon.colcon_core.package_identification:_identify(data_nuscenes) by extensions ['python_setup_py']
[0.208s] Level 1:colcon.colcon_core.package_identification:_identify(data_nuscenes) by extension 'python_setup_py'
[0.211s] Level 1:colcon.colcon_core.package_identification:_identify(data_nuscenes/can_bus) by extensions ['ignore', 'ignore_ament_install']
[0.212s] Level 1:colcon.colcon_core.package_identification:_identify(data_nuscenes/can_bus) by extension 'ignore'
[0.212s] Level 1:colcon.colcon_core.package_identification:_identify(data_nuscenes/can_bus) by extension 'ignore_ament_install'
[0.212s] Level 1:colcon.colcon_core.package_identification:_identify(data_nuscenes/can_bus) by extensions ['colcon_pkg']
[0.212s] Level 1:colcon.colcon_core.package_identification:_identify(data_nuscenes/can_bus) by extension 'colcon_pkg'
[0.212s] Level 1:colcon.colcon_core.package_identification:_identify(data_nuscenes/can_bus) by extensions ['colcon_meta']
[0.212s] Level 1:colcon.colcon_core.package_identification:_identify(data_nuscenes/can_bus) by extension 'colcon_meta'
[0.212s] Level 1:colcon.colcon_core.package_identification:_identify(data_nuscenes/can_bus) by extensions ['ros']
[0.212s] Level 1:colcon.colcon_core.package_identification:_identify(data_nuscenes/can_bus) by extension 'ros'
[0.212s] Level 1:colcon.colcon_core.package_identification:_identify(data_nuscenes/can_bus) by extensions ['cmake', 'python']
[0.212s] Level 1:colcon.colcon_core.package_identification:_identify(data_nuscenes/can_bus) by extension 'cmake'
[0.212s] Level 1:colcon.colcon_core.package_identification:_identify(data_nuscenes/can_bus) by extension 'python'
[0.212s] Level 1:colcon.colcon_core.package_identification:_identify(data_nuscenes/can_bus) by extensions ['python_setup_py']
[0.212s] Level 1:colcon.colcon_core.package_identification:_identify(data_nuscenes/can_bus) by extension 'python_setup_py'
[0.212s] Level 1:colcon.colcon_core.package_identification:_identify(data_nuscenes/nuscenes) by extensions ['ignore', 'ignore_ament_install']
[0.212s] Level 1:colcon.colcon_core.package_identification:_identify(data_nuscenes/nuscenes) by extension 'ignore'
[0.212s] Level 1:colcon.colcon_core.package_identification:_identify(data_nuscenes/nuscenes) by extension 'ignore_ament_install'
[0.212s] Level 1:colcon.colcon_core.package_identification:_identify(data_nuscenes/nuscenes) by extensions ['colcon_pkg']
[0.212s] Level 1:colcon.colcon_core.package_identification:_identify(data_nuscenes/nuscenes) by extension 'colcon_pkg'
[0.212s] Level 1:colcon.colcon_core.package_identification:_identify(data_nuscenes/nuscenes) by extensions ['colcon_meta']
[0.212s] Level 1:colcon.colcon_core.package_identification:_identify(data_nuscenes/nuscenes) by extension 'colcon_meta'
[0.212s] Level 1:colcon.colcon_core.package_identification:_identify(data_nuscenes/nuscenes) by extensions ['ros']
[0.212s] Level 1:colcon.colcon_core.package_identification:_identify(data_nuscenes/nuscenes) by extension 'ros'
[0.212s] Level 1:colcon.colcon_core.package_identification:_identify(data_nuscenes/nuscenes) by extensions ['cmake', 'python']
[0.212s] Level 1:colcon.colcon_core.package_identification:_identify(data_nuscenes/nuscenes) by extension 'cmake'
[0.212s] Level 1:colcon.colcon_core.package_identification:_identify(data_nuscenes/nuscenes) by extension 'python'
[0.213s] Level 1:colcon.colcon_core.package_identification:_identify(data_nuscenes/nuscenes) by extensions ['python_setup_py']
[0.213s] Level 1:colcon.colcon_core.package_identification:_identify(data_nuscenes/nuscenes) by extension 'python_setup_py'
[0.663s] Level 1:colcon.colcon_core.package_identification:_identify(data_nuscenes/nuscenes/bevdetv3-nuscenes_gt_database) by extensions ['ignore', 'ignore_ament_install']
[0.663s] Level 1:colcon.colcon_core.package_identification:_identify(data_nuscenes/nuscenes/bevdetv3-nuscenes_gt_database) by extension 'ignore'
[0.663s] Level 1:colcon.colcon_core.package_identification:_identify(data_nuscenes/nuscenes/bevdetv3-nuscenes_gt_database) by extension 'ignore_ament_install'
[0.663s] Level 1:colcon.colcon_core.package_identification:_identify(data_nuscenes/nuscenes/bevdetv3-nuscenes_gt_database) by extensions ['colcon_pkg']
[0.663s] Level 1:colcon.colcon_core.package_identification:_identify(data_nuscenes/nuscenes/bevdetv3-nuscenes_gt_database) by extension 'colcon_pkg'
[0.663s] Level 1:colcon.colcon_core.package_identification:_identify(data_nuscenes/nuscenes/bevdetv3-nuscenes_gt_database) by extensions ['colcon_meta']
[0.663s] Level 1:colcon.colcon_core.package_identification:_identify(data_nuscenes/nuscenes/bevdetv3-nuscenes_gt_database) by extension 'colcon_meta'
[0.663s] Level 1:colcon.colcon_core.package_identification:_identify(data_nuscenes/nuscenes/bevdetv3-nuscenes_gt_database) by extensions ['ros']
[0.663s] Level 1:colcon.colcon_core.package_identification:_identify(data_nuscenes/nuscenes/bevdetv3-nuscenes_gt_database) by extension 'ros'
[0.663s] Level 1:colcon.colcon_core.package_identification:_identify(data_nuscenes/nuscenes/bevdetv3-nuscenes_gt_database) by extensions ['cmake', 'python']
[0.663s] Level 1:colcon.colcon_core.package_identification:_identify(data_nuscenes/nuscenes/bevdetv3-nuscenes_gt_database) by extension 'cmake'
[0.663s] Level 1:colcon.colcon_core.package_identification:_identify(data_nuscenes/nuscenes/bevdetv3-nuscenes_gt_database) by extension 'python'
[0.663s] Level 1:colcon.colcon_core.package_identification:_identify(data_nuscenes/nuscenes/bevdetv3-nuscenes_gt_database) by extensions ['python_setup_py']
[0.663s] Level 1:colcon.colcon_core.package_identification:_identify(data_nuscenes/nuscenes/bevdetv3-nuscenes_gt_database) by extension 'python_setup_py'
[0.677s] Level 1:colcon.colcon_core.package_identification:_identify(data_nuscenes/nuscenes/bevdetv3_full) by extensions ['ignore', 'ignore_ament_install']
[0.677s] Level 1:colcon.colcon_core.package_identification:_identify(data_nuscenes/nuscenes/bevdetv3_full) by extension 'ignore'
[0.677s] Level 1:colcon.colcon_core.package_identification:_identify(data_nuscenes/nuscenes/bevdetv3_full) by extension 'ignore_ament_install'
[0.677s] Level 1:colcon.colcon_core.package_identification:_identify(data_nuscenes/nuscenes/bevdetv3_full) by extensions ['colcon_pkg']
[0.677s] Level 1:colcon.colcon_core.package_identification:_identify(data_nuscenes/nuscenes/bevdetv3_full) by extension 'colcon_pkg'
[0.677s] Level 1:colcon.colcon_core.package_identification:_identify(data_nuscenes/nuscenes/bevdetv3_full) by extensions ['colcon_meta']
[0.677s] Level 1:colcon.colcon_core.package_identification:_identify(data_nuscenes/nuscenes/bevdetv3_full) by extension 'colcon_meta'
[0.677s] Level 1:colcon.colcon_core.package_identification:_identify(data_nuscenes/nuscenes/bevdetv3_full) by extensions ['ros']
[0.677s] Level 1:colcon.colcon_core.package_identification:_identify(data_nuscenes/nuscenes/bevdetv3_full) by extension 'ros'
[0.678s] Level 1:colcon.colcon_core.package_identification:_identify(data_nuscenes/nuscenes/bevdetv3_full) by extensions ['cmake', 'python']
[0.678s] Level 1:colcon.colcon_core.package_identification:_identify(data_nuscenes/nuscenes/bevdetv3_full) by extension 'cmake'
[0.678s] Level 1:colcon.colcon_core.package_identification:_identify(data_nuscenes/nuscenes/bevdetv3_full) by extension 'python'
[0.678s] Level 1:colcon.colcon_core.package_identification:_identify(data_nuscenes/nuscenes/bevdetv3_full) by extensions ['python_setup_py']
[0.678s] Level 1:colcon.colcon_core.package_identification:_identify(data_nuscenes/nuscenes/bevdetv3_full) by extension 'python_setup_py'
[0.678s] Level 1:colcon.colcon_core.package_identification:_identify(data_nuscenes/nuscenes/bevdetv3_full/0302) by extensions ['ignore', 'ignore_ament_install']
[0.678s] Level 1:colcon.colcon_core.package_identification:_identify(data_nuscenes/nuscenes/bevdetv3_full/0302) by extension 'ignore'
[0.678s] Level 1:colcon.colcon_core.package_identification:_identify(data_nuscenes/nuscenes/bevdetv3_full/0302) by extension 'ignore_ament_install'
[0.678s] Level 1:colcon.colcon_core.package_identification:_identify(data_nuscenes/nuscenes/bevdetv3_full/0302) by extensions ['colcon_pkg']
[0.678s] Level 1:colcon.colcon_core.package_identification:_identify(data_nuscenes/nuscenes/bevdetv3_full/0302) by extension 'colcon_pkg'
[0.678s] Level 1:colcon.colcon_core.package_identification:_identify(data_nuscenes/nuscenes/bevdetv3_full/0302) by extensions ['colcon_meta']
[0.678s] Level 1:colcon.colcon_core.package_identification:_identify(data_nuscenes/nuscenes/bevdetv3_full/0302) by extension 'colcon_meta'
[0.678s] Level 1:colcon.colcon_core.package_identification:_identify(data_nuscenes/nuscenes/bevdetv3_full/0302) by extensions ['ros']
[0.678s] Level 1:colcon.colcon_core.package_identification:_identify(data_nuscenes/nuscenes/bevdetv3_full/0302) by extension 'ros'
[0.678s] Level 1:colcon.colcon_core.package_identification:_identify(data_nuscenes/nuscenes/bevdetv3_full/0302) by extensions ['cmake', 'python']
[0.678s] Level 1:colcon.colcon_core.package_identification:_identify(data_nuscenes/nuscenes/bevdetv3_full/0302) by extension 'cmake'
[0.678s] Level 1:colcon.colcon_core.package_identification:_identify(data_nuscenes/nuscenes/bevdetv3_full/0302) by extension 'python'
[0.678s] Level 1:colcon.colcon_core.package_identification:_identify(data_nuscenes/nuscenes/bevdetv3_full/0302) by extensions ['python_setup_py']
[0.678s] Level 1:colcon.colcon_core.package_identification:_identify(data_nuscenes/nuscenes/bevdetv3_full/0302) by extension 'python_setup_py'
[0.678s] Level 1:colcon.colcon_core.package_identification:_identify(data_nuscenes/nuscenes/bevdetv3_mini) by extensions ['ignore', 'ignore_ament_install']
[0.678s] Level 1:colcon.colcon_core.package_identification:_identify(data_nuscenes/nuscenes/bevdetv3_mini) by extension 'ignore'
[0.678s] Level 1:colcon.colcon_core.package_identification:_identify(data_nuscenes/nuscenes/bevdetv3_mini) by extension 'ignore_ament_install'
[0.678s] Level 1:colcon.colcon_core.package_identification:_identify(data_nuscenes/nuscenes/bevdetv3_mini) by extensions ['colcon_pkg']
[0.678s] Level 1:colcon.colcon_core.package_identification:_identify(data_nuscenes/nuscenes/bevdetv3_mini) by extension 'colcon_pkg'
[0.679s] Level 1:colcon.colcon_core.package_identification:_identify(data_nuscenes/nuscenes/bevdetv3_mini) by extensions ['colcon_meta']
[0.679s] Level 1:colcon.colcon_core.package_identification:_identify(data_nuscenes/nuscenes/bevdetv3_mini) by extension 'colcon_meta'
[0.679s] Level 1:colcon.colcon_core.package_identification:_identify(data_nuscenes/nuscenes/bevdetv3_mini) by extensions ['ros']
[0.679s] Level 1:colcon.colcon_core.package_identification:_identify(data_nuscenes/nuscenes/bevdetv3_mini) by extension 'ros'
[0.679s] Level 1:colcon.colcon_core.package_identification:_identify(data_nuscenes/nuscenes/bevdetv3_mini) by extensions ['cmake', 'python']
[0.679s] Level 1:colcon.colcon_core.package_identification:_identify(data_nuscenes/nuscenes/bevdetv3_mini) by extension 'cmake'
[0.679s] Level 1:colcon.colcon_core.package_identification:_identify(data_nuscenes/nuscenes/bevdetv3_mini) by extension 'python'
[0.679s] Level 1:colcon.colcon_core.package_identification:_identify(data_nuscenes/nuscenes/bevdetv3_mini) by extensions ['python_setup_py']
[0.679s] Level 1:colcon.colcon_core.package_identification:_identify(data_nuscenes/nuscenes/bevdetv3_mini) by extension 'python_setup_py'
[0.679s] Level 1:colcon.colcon_core.package_identification:_identify(data_nuscenes/nuscenes/maps) by extensions ['ignore', 'ignore_ament_install']
[0.679s] Level 1:colcon.colcon_core.package_identification:_identify(data_nuscenes/nuscenes/maps) by extension 'ignore'
[0.679s] Level 1:colcon.colcon_core.package_identification:_identify(data_nuscenes/nuscenes/maps) by extension 'ignore_ament_install'
[0.679s] Level 1:colcon.colcon_core.package_identification:_identify(data_nuscenes/nuscenes/maps) by extensions ['colcon_pkg']
[0.679s] Level 1:colcon.colcon_core.package_identification:_identify(data_nuscenes/nuscenes/maps) by extension 'colcon_pkg'
[0.679s] Level 1:colcon.colcon_core.package_identification:_identify(data_nuscenes/nuscenes/maps) by extensions ['colcon_meta']
[0.679s] Level 1:colcon.colcon_core.package_identification:_identify(data_nuscenes/nuscenes/maps) by extension 'colcon_meta'
[0.679s] Level 1:colcon.colcon_core.package_identification:_identify(data_nuscenes/nuscenes/maps) by extensions ['ros']
[0.679s] Level 1:colcon.colcon_core.package_identification:_identify(data_nuscenes/nuscenes/maps) by extension 'ros'
[0.679s] Level 1:colcon.colcon_core.package_identification:_identify(data_nuscenes/nuscenes/maps) by extensions ['cmake', 'python']
[0.679s] Level 1:colcon.colcon_core.package_identification:_identify(data_nuscenes/nuscenes/maps) by extension 'cmake'
[0.679s] Level 1:colcon.colcon_core.package_identification:_identify(data_nuscenes/nuscenes/maps) by extension 'python'
[0.679s] Level 1:colcon.colcon_core.package_identification:_identify(data_nuscenes/nuscenes/maps) by extensions ['python_setup_py']
[0.679s] Level 1:colcon.colcon_core.package_identification:_identify(data_nuscenes/nuscenes/maps) by extension 'python_setup_py'
[0.679s] Level 1:colcon.colcon_core.package_identification:_identify(data_nuscenes/nuscenes/maps/basemap) by extensions ['ignore', 'ignore_ament_install']
[0.679s] Level 1:colcon.colcon_core.package_identification:_identify(data_nuscenes/nuscenes/maps/basemap) by extension 'ignore'
[0.680s] Level 1:colcon.colcon_core.package_identification:_identify(data_nuscenes/nuscenes/maps/basemap) by extension 'ignore_ament_install'
[0.680s] Level 1:colcon.colcon_core.package_identification:_identify(data_nuscenes/nuscenes/maps/basemap) by extensions ['colcon_pkg']
[0.680s] Level 1:colcon.colcon_core.package_identification:_identify(data_nuscenes/nuscenes/maps/basemap) by extension 'colcon_pkg'
[0.680s] Level 1:colcon.colcon_core.package_identification:_identify(data_nuscenes/nuscenes/maps/basemap) by extensions ['colcon_meta']
[0.680s] Level 1:colcon.colcon_core.package_identification:_identify(data_nuscenes/nuscenes/maps/basemap) by extension 'colcon_meta'
[0.680s] Level 1:colcon.colcon_core.package_identification:_identify(data_nuscenes/nuscenes/maps/basemap) by extensions ['ros']
[0.680s] Level 1:colcon.colcon_core.package_identification:_identify(data_nuscenes/nuscenes/maps/basemap) by extension 'ros'
[0.680s] Level 1:colcon.colcon_core.package_identification:_identify(data_nuscenes/nuscenes/maps/basemap) by extensions ['cmake', 'python']
[0.680s] Level 1:colcon.colcon_core.package_identification:_identify(data_nuscenes/nuscenes/maps/basemap) by extension 'cmake'
[0.680s] Level 1:colcon.colcon_core.package_identification:_identify(data_nuscenes/nuscenes/maps/basemap) by extension 'python'
[0.680s] Level 1:colcon.colcon_core.package_identification:_identify(data_nuscenes/nuscenes/maps/basemap) by extensions ['python_setup_py']
[0.680s] Level 1:colcon.colcon_core.package_identification:_identify(data_nuscenes/nuscenes/maps/basemap) by extension 'python_setup_py'
[0.680s] Level 1:colcon.colcon_core.package_identification:_identify(data_nuscenes/nuscenes/maps/expansion) by extensions ['ignore', 'ignore_ament_install']
[0.680s] Level 1:colcon.colcon_core.package_identification:_identify(data_nuscenes/nuscenes/maps/expansion) by extension 'ignore'
[0.680s] Level 1:colcon.colcon_core.package_identification:_identify(data_nuscenes/nuscenes/maps/expansion) by extension 'ignore_ament_install'
[0.680s] Level 1:colcon.colcon_core.package_identification:_identify(data_nuscenes/nuscenes/maps/expansion) by extensions ['colcon_pkg']
[0.680s] Level 1:colcon.colcon_core.package_identification:_identify(data_nuscenes/nuscenes/maps/expansion) by extension 'colcon_pkg'
[0.680s] Level 1:colcon.colcon_core.package_identification:_identify(data_nuscenes/nuscenes/maps/expansion) by extensions ['colcon_meta']
[0.680s] Level 1:colcon.colcon_core.package_identification:_identify(data_nuscenes/nuscenes/maps/expansion) by extension 'colcon_meta'
[0.680s] Level 1:colcon.colcon_core.package_identification:_identify(data_nuscenes/nuscenes/maps/expansion) by extensions ['ros']
[0.680s] Level 1:colcon.colcon_core.package_identification:_identify(data_nuscenes/nuscenes/maps/expansion) by extension 'ros'
[0.680s] Level 1:colcon.colcon_core.package_identification:_identify(data_nuscenes/nuscenes/maps/expansion) by extensions ['cmake', 'python']
[0.680s] Level 1:colcon.colcon_core.package_identification:_identify(data_nuscenes/nuscenes/maps/expansion) by extension 'cmake'
[0.680s] Level 1:colcon.colcon_core.package_identification:_identify(data_nuscenes/nuscenes/maps/expansion) by extension 'python'
[0.680s] Level 1:colcon.colcon_core.package_identification:_identify(data_nuscenes/nuscenes/maps/expansion) by extensions ['python_setup_py']
[0.681s] Level 1:colcon.colcon_core.package_identification:_identify(data_nuscenes/nuscenes/maps/expansion) by extension 'python_setup_py'
[0.681s] Level 1:colcon.colcon_core.package_identification:_identify(data_nuscenes/nuscenes/maps/nuScenes-map-expansion-v1.3) by extensions ['ignore', 'ignore_ament_install']
[0.681s] Level 1:colcon.colcon_core.package_identification:_identify(data_nuscenes/nuscenes/maps/nuScenes-map-expansion-v1.3) by extension 'ignore'
[0.681s] Level 1:colcon.colcon_core.package_identification:_identify(data_nuscenes/nuscenes/maps/nuScenes-map-expansion-v1.3) by extension 'ignore_ament_install'
[0.681s] Level 1:colcon.colcon_core.package_identification:_identify(data_nuscenes/nuscenes/maps/nuScenes-map-expansion-v1.3) by extensions ['colcon_pkg']
[0.681s] Level 1:colcon.colcon_core.package_identification:_identify(data_nuscenes/nuscenes/maps/nuScenes-map-expansion-v1.3) by extension 'colcon_pkg'
[0.681s] Level 1:colcon.colcon_core.package_identification:_identify(data_nuscenes/nuscenes/maps/nuScenes-map-expansion-v1.3) by extensions ['colcon_meta']
[0.681s] Level 1:colcon.colcon_core.package_identification:_identify(data_nuscenes/nuscenes/maps/nuScenes-map-expansion-v1.3) by extension 'colcon_meta'
[0.681s] Level 1:colcon.colcon_core.package_identification:_identify(data_nuscenes/nuscenes/maps/nuScenes-map-expansion-v1.3) by extensions ['ros']
[0.681s] Level 1:colcon.colcon_core.package_identification:_identify(data_nuscenes/nuscenes/maps/nuScenes-map-expansion-v1.3) by extension 'ros'
[0.681s] Level 1:colcon.colcon_core.package_identification:_identify(data_nuscenes/nuscenes/maps/nuScenes-map-expansion-v1.3) by extensions ['cmake', 'python']
[0.681s] Level 1:colcon.colcon_core.package_identification:_identify(data_nuscenes/nuscenes/maps/nuScenes-map-expansion-v1.3) by extension 'cmake'
[0.681s] Level 1:colcon.colcon_core.package_identification:_identify(data_nuscenes/nuscenes/maps/nuScenes-map-expansion-v1.3) by extension 'python'
[0.681s] Level 1:colcon.colcon_core.package_identification:_identify(data_nuscenes/nuscenes/maps/nuScenes-map-expansion-v1.3) by extensions ['python_setup_py']
[0.681s] Level 1:colcon.colcon_core.package_identification:_identify(data_nuscenes/nuscenes/maps/nuScenes-map-expansion-v1.3) by extension 'python_setup_py'
[0.681s] Level 1:colcon.colcon_core.package_identification:_identify(data_nuscenes/nuscenes/maps/nuScenes-map-expansion-v1.3/basemap) by extensions ['ignore', 'ignore_ament_install']
[0.681s] Level 1:colcon.colcon_core.package_identification:_identify(data_nuscenes/nuscenes/maps/nuScenes-map-expansion-v1.3/basemap) by extension 'ignore'
[0.681s] Level 1:colcon.colcon_core.package_identification:_identify(data_nuscenes/nuscenes/maps/nuScenes-map-expansion-v1.3/basemap) by extension 'ignore_ament_install'
[0.681s] Level 1:colcon.colcon_core.package_identification:_identify(data_nuscenes/nuscenes/maps/nuScenes-map-expansion-v1.3/basemap) by extensions ['colcon_pkg']
[0.681s] Level 1:colcon.colcon_core.package_identification:_identify(data_nuscenes/nuscenes/maps/nuScenes-map-expansion-v1.3/basemap) by extension 'colcon_pkg'
[0.681s] Level 1:colcon.colcon_core.package_identification:_identify(data_nuscenes/nuscenes/maps/nuScenes-map-expansion-v1.3/basemap) by extensions ['colcon_meta']
[0.681s] Level 1:colcon.colcon_core.package_identification:_identify(data_nuscenes/nuscenes/maps/nuScenes-map-expansion-v1.3/basemap) by extension 'colcon_meta'
[0.681s] Level 1:colcon.colcon_core.package_identification:_identify(data_nuscenes/nuscenes/maps/nuScenes-map-expansion-v1.3/basemap) by extensions ['ros']
[0.681s] Level 1:colcon.colcon_core.package_identification:_identify(data_nuscenes/nuscenes/maps/nuScenes-map-expansion-v1.3/basemap) by extension 'ros'
[0.682s] Level 1:colcon.colcon_core.package_identification:_identify(data_nuscenes/nuscenes/maps/nuScenes-map-expansion-v1.3/basemap) by extensions ['cmake', 'python']
[0.682s] Level 1:colcon.colcon_core.package_identification:_identify(data_nuscenes/nuscenes/maps/nuScenes-map-expansion-v1.3/basemap) by extension 'cmake'
[0.682s] Level 1:colcon.colcon_core.package_identification:_identify(data_nuscenes/nuscenes/maps/nuScenes-map-expansion-v1.3/basemap) by extension 'python'
[0.682s] Level 1:colcon.colcon_core.package_identification:_identify(data_nuscenes/nuscenes/maps/nuScenes-map-expansion-v1.3/basemap) by extensions ['python_setup_py']
[0.682s] Level 1:colcon.colcon_core.package_identification:_identify(data_nuscenes/nuscenes/maps/nuScenes-map-expansion-v1.3/basemap) by extension 'python_setup_py'
[0.682s] Level 1:colcon.colcon_core.package_identification:_identify(data_nuscenes/nuscenes/maps/nuScenes-map-expansion-v1.3/expansion) by extensions ['ignore', 'ignore_ament_install']
[0.682s] Level 1:colcon.colcon_core.package_identification:_identify(data_nuscenes/nuscenes/maps/nuScenes-map-expansion-v1.3/expansion) by extension 'ignore'
[0.682s] Level 1:colcon.colcon_core.package_identification:_identify(data_nuscenes/nuscenes/maps/nuScenes-map-expansion-v1.3/expansion) by extension 'ignore_ament_install'
[0.682s] Level 1:colcon.colcon_core.package_identification:_identify(data_nuscenes/nuscenes/maps/nuScenes-map-expansion-v1.3/expansion) by extensions ['colcon_pkg']
[0.682s] Level 1:colcon.colcon_core.package_identification:_identify(data_nuscenes/nuscenes/maps/nuScenes-map-expansion-v1.3/expansion) by extension 'colcon_pkg'
[0.682s] Level 1:colcon.colcon_core.package_identification:_identify(data_nuscenes/nuscenes/maps/nuScenes-map-expansion-v1.3/expansion) by extensions ['colcon_meta']
[0.682s] Level 1:colcon.colcon_core.package_identification:_identify(data_nuscenes/nuscenes/maps/nuScenes-map-expansion-v1.3/expansion) by extension 'colcon_meta'
[0.682s] Level 1:colcon.colcon_core.package_identification:_identify(data_nuscenes/nuscenes/maps/nuScenes-map-expansion-v1.3/expansion) by extensions ['ros']
[0.682s] Level 1:colcon.colcon_core.package_identification:_identify(data_nuscenes/nuscenes/maps/nuScenes-map-expansion-v1.3/expansion) by extension 'ros'
[0.682s] Level 1:colcon.colcon_core.package_identification:_identify(data_nuscenes/nuscenes/maps/nuScenes-map-expansion-v1.3/expansion) by extensions ['cmake', 'python']
[0.682s] Level 1:colcon.colcon_core.package_identification:_identify(data_nuscenes/nuscenes/maps/nuScenes-map-expansion-v1.3/expansion) by extension 'cmake'
[0.682s] Level 1:colcon.colcon_core.package_identification:_identify(data_nuscenes/nuscenes/maps/nuScenes-map-expansion-v1.3/expansion) by extension 'python'
[0.682s] Level 1:colcon.colcon_core.package_identification:_identify(data_nuscenes/nuscenes/maps/nuScenes-map-expansion-v1.3/expansion) by extensions ['python_setup_py']
[0.682s] Level 1:colcon.colcon_core.package_identification:_identify(data_nuscenes/nuscenes/maps/nuScenes-map-expansion-v1.3/expansion) by extension 'python_setup_py'
[0.683s] Level 1:colcon.colcon_core.package_identification:_identify(data_nuscenes/nuscenes/maps/nuScenes-map-expansion-v1.3/prediction) by extensions ['ignore', 'ignore_ament_install']
[0.683s] Level 1:colcon.colcon_core.package_identification:_identify(data_nuscenes/nuscenes/maps/nuScenes-map-expansion-v1.3/prediction) by extension 'ignore'
[0.683s] Level 1:colcon.colcon_core.package_identification:_identify(data_nuscenes/nuscenes/maps/nuScenes-map-expansion-v1.3/prediction) by extension 'ignore_ament_install'
[0.683s] Level 1:colcon.colcon_core.package_identification:_identify(data_nuscenes/nuscenes/maps/nuScenes-map-expansion-v1.3/prediction) by extensions ['colcon_pkg']
[0.683s] Level 1:colcon.colcon_core.package_identification:_identify(data_nuscenes/nuscenes/maps/nuScenes-map-expansion-v1.3/prediction) by extension 'colcon_pkg'
[0.683s] Level 1:colcon.colcon_core.package_identification:_identify(data_nuscenes/nuscenes/maps/nuScenes-map-expansion-v1.3/prediction) by extensions ['colcon_meta']
[0.683s] Level 1:colcon.colcon_core.package_identification:_identify(data_nuscenes/nuscenes/maps/nuScenes-map-expansion-v1.3/prediction) by extension 'colcon_meta'
[0.683s] Level 1:colcon.colcon_core.package_identification:_identify(data_nuscenes/nuscenes/maps/nuScenes-map-expansion-v1.3/prediction) by extensions ['ros']
[0.683s] Level 1:colcon.colcon_core.package_identification:_identify(data_nuscenes/nuscenes/maps/nuScenes-map-expansion-v1.3/prediction) by extension 'ros'
[0.683s] Level 1:colcon.colcon_core.package_identification:_identify(data_nuscenes/nuscenes/maps/nuScenes-map-expansion-v1.3/prediction) by extensions ['cmake', 'python']
[0.683s] Level 1:colcon.colcon_core.package_identification:_identify(data_nuscenes/nuscenes/maps/nuScenes-map-expansion-v1.3/prediction) by extension 'cmake'
[0.683s] Level 1:colcon.colcon_core.package_identification:_identify(data_nuscenes/nuscenes/maps/nuScenes-map-expansion-v1.3/prediction) by extension 'python'
[0.683s] Level 1:colcon.colcon_core.package_identification:_identify(data_nuscenes/nuscenes/maps/nuScenes-map-expansion-v1.3/prediction) by extensions ['python_setup_py']
[0.683s] Level 1:colcon.colcon_core.package_identification:_identify(data_nuscenes/nuscenes/maps/nuScenes-map-expansion-v1.3/prediction) by extension 'python_setup_py'
[0.683s] Level 1:colcon.colcon_core.package_identification:_identify(data_nuscenes/nuscenes/maps/prediction) by extensions ['ignore', 'ignore_ament_install']
[0.683s] Level 1:colcon.colcon_core.package_identification:_identify(data_nuscenes/nuscenes/maps/prediction) by extension 'ignore'
[0.683s] Level 1:colcon.colcon_core.package_identification:_identify(data_nuscenes/nuscenes/maps/prediction) by extension 'ignore_ament_install'
[0.683s] Level 1:colcon.colcon_core.package_identification:_identify(data_nuscenes/nuscenes/maps/prediction) by extensions ['colcon_pkg']
[0.683s] Level 1:colcon.colcon_core.package_identification:_identify(data_nuscenes/nuscenes/maps/prediction) by extension 'colcon_pkg'
[0.683s] Level 1:colcon.colcon_core.package_identification:_identify(data_nuscenes/nuscenes/maps/prediction) by extensions ['colcon_meta']
[0.683s] Level 1:colcon.colcon_core.package_identification:_identify(data_nuscenes/nuscenes/maps/prediction) by extension 'colcon_meta'
[0.684s] Level 1:colcon.colcon_core.package_identification:_identify(data_nuscenes/nuscenes/maps/prediction) by extensions ['ros']
[0.684s] Level 1:colcon.colcon_core.package_identification:_identify(data_nuscenes/nuscenes/maps/prediction) by extension 'ros'
[0.684s] Level 1:colcon.colcon_core.package_identification:_identify(data_nuscenes/nuscenes/maps/prediction) by extensions ['cmake', 'python']
[0.684s] Level 1:colcon.colcon_core.package_identification:_identify(data_nuscenes/nuscenes/maps/prediction) by extension 'cmake'
[0.684s] Level 1:colcon.colcon_core.package_identification:_identify(data_nuscenes/nuscenes/maps/prediction) by extension 'python'
[0.684s] Level 1:colcon.colcon_core.package_identification:_identify(data_nuscenes/nuscenes/maps/prediction) by extensions ['python_setup_py']
[0.684s] Level 1:colcon.colcon_core.package_identification:_identify(data_nuscenes/nuscenes/maps/prediction) by extension 'python_setup_py'
[0.684s] Level 1:colcon.colcon_core.package_identification:_identify(data_nuscenes/nuscenes/samples) by extensions ['ignore', 'ignore_ament_install']
[0.684s] Level 1:colcon.colcon_core.package_identification:_identify(data_nuscenes/nuscenes/samples) by extension 'ignore'
[0.684s] Level 1:colcon.colcon_core.package_identification:_identify(data_nuscenes/nuscenes/samples) by extension 'ignore_ament_install'
[0.684s] Level 1:colcon.colcon_core.package_identification:_identify(data_nuscenes/nuscenes/samples) by extensions ['colcon_pkg']
[0.684s] Level 1:colcon.colcon_core.package_identification:_identify(data_nuscenes/nuscenes/samples) by extension 'colcon_pkg'
[0.684s] Level 1:colcon.colcon_core.package_identification:_identify(data_nuscenes/nuscenes/samples) by extensions ['colcon_meta']
[0.684s] Level 1:colcon.colcon_core.package_identification:_identify(data_nuscenes/nuscenes/samples) by extension 'colcon_meta'
[0.684s] Level 1:colcon.colcon_core.package_identification:_identify(data_nuscenes/nuscenes/samples) by extensions ['ros']
[0.684s] Level 1:colcon.colcon_core.package_identification:_identify(data_nuscenes/nuscenes/samples) by extension 'ros'
[0.684s] Level 1:colcon.colcon_core.package_identification:_identify(data_nuscenes/nuscenes/samples) by extensions ['cmake', 'python']
[0.684s] Level 1:colcon.colcon_core.package_identification:_identify(data_nuscenes/nuscenes/samples) by extension 'cmake'
[0.684s] Level 1:colcon.colcon_core.package_identification:_identify(data_nuscenes/nuscenes/samples) by extension 'python'
[0.684s] Level 1:colcon.colcon_core.package_identification:_identify(data_nuscenes/nuscenes/samples) by extensions ['python_setup_py']
[0.684s] Level 1:colcon.colcon_core.package_identification:_identify(data_nuscenes/nuscenes/samples) by extension 'python_setup_py'
[0.702s] Level 1:colcon.colcon_core.package_identification:_identify(data_nuscenes/nuscenes/samples/CAM_BACK) by extensions ['ignore', 'ignore_ament_install']
[0.702s] Level 1:colcon.colcon_core.package_identification:_identify(data_nuscenes/nuscenes/samples/CAM_BACK) by extension 'ignore'
[0.702s] Level 1:colcon.colcon_core.package_identification:_identify(data_nuscenes/nuscenes/samples/CAM_BACK) by extension 'ignore_ament_install'
[0.703s] Level 1:colcon.colcon_core.package_identification:_identify(data_nuscenes/nuscenes/samples/CAM_BACK) by extensions ['colcon_pkg']
[0.703s] Level 1:colcon.colcon_core.package_identification:_identify(data_nuscenes/nuscenes/samples/CAM_BACK) by extension 'colcon_pkg'
[0.703s] Level 1:colcon.colcon_core.package_identification:_identify(data_nuscenes/nuscenes/samples/CAM_BACK) by extensions ['colcon_meta']
[0.703s] Level 1:colcon.colcon_core.package_identification:_identify(data_nuscenes/nuscenes/samples/CAM_BACK) by extension 'colcon_meta'
[0.703s] Level 1:colcon.colcon_core.package_identification:_identify(data_nuscenes/nuscenes/samples/CAM_BACK) by extensions ['ros']
[0.703s] Level 1:colcon.colcon_core.package_identification:_identify(data_nuscenes/nuscenes/samples/CAM_BACK) by extension 'ros'
[0.703s] Level 1:colcon.colcon_core.package_identification:_identify(data_nuscenes/nuscenes/samples/CAM_BACK) by extensions ['cmake', 'python']
[0.703s] Level 1:colcon.colcon_core.package_identification:_identify(data_nuscenes/nuscenes/samples/CAM_BACK) by extension 'cmake'
[0.703s] Level 1:colcon.colcon_core.package_identification:_identify(data_nuscenes/nuscenes/samples/CAM_BACK) by extension 'python'
[0.703s] Level 1:colcon.colcon_core.package_identification:_identify(data_nuscenes/nuscenes/samples/CAM_BACK) by extensions ['python_setup_py']
[0.703s] Level 1:colcon.colcon_core.package_identification:_identify(data_nuscenes/nuscenes/samples/CAM_BACK) by extension 'python_setup_py'
[0.723s] Level 1:colcon.colcon_core.package_identification:_identify(data_nuscenes/nuscenes/samples/CAM_BACK_LEFT) by extensions ['ignore', 'ignore_ament_install']
[0.724s] Level 1:colcon.colcon_core.package_identification:_identify(data_nuscenes/nuscenes/samples/CAM_BACK_LEFT) by extension 'ignore'
[0.724s] Level 1:colcon.colcon_core.package_identification:_identify(data_nuscenes/nuscenes/samples/CAM_BACK_LEFT) by extension 'ignore_ament_install'
[0.724s] Level 1:colcon.colcon_core.package_identification:_identify(data_nuscenes/nuscenes/samples/CAM_BACK_LEFT) by extensions ['colcon_pkg']
[0.724s] Level 1:colcon.colcon_core.package_identification:_identify(data_nuscenes/nuscenes/samples/CAM_BACK_LEFT) by extension 'colcon_pkg'
[0.724s] Level 1:colcon.colcon_core.package_identification:_identify(data_nuscenes/nuscenes/samples/CAM_BACK_LEFT) by extensions ['colcon_meta']
[0.724s] Level 1:colcon.colcon_core.package_identification:_identify(data_nuscenes/nuscenes/samples/CAM_BACK_LEFT) by extension 'colcon_meta'
[0.724s] Level 1:colcon.colcon_core.package_identification:_identify(data_nuscenes/nuscenes/samples/CAM_BACK_LEFT) by extensions ['ros']
[0.724s] Level 1:colcon.colcon_core.package_identification:_identify(data_nuscenes/nuscenes/samples/CAM_BACK_LEFT) by extension 'ros'
[0.724s] Level 1:colcon.colcon_core.package_identification:_identify(data_nuscenes/nuscenes/samples/CAM_BACK_LEFT) by extensions ['cmake', 'python']
[0.724s] Level 1:colcon.colcon_core.package_identification:_identify(data_nuscenes/nuscenes/samples/CAM_BACK_LEFT) by extension 'cmake'
[0.724s] Level 1:colcon.colcon_core.package_identification:_identify(data_nuscenes/nuscenes/samples/CAM_BACK_LEFT) by extension 'python'
[0.724s] Level 1:colcon.colcon_core.package_identification:_identify(data_nuscenes/nuscenes/samples/CAM_BACK_LEFT) by extensions ['python_setup_py']
[0.724s] Level 1:colcon.colcon_core.package_identification:_identify(data_nuscenes/nuscenes/samples/CAM_BACK_LEFT) by extension 'python_setup_py'
[0.744s] Level 1:colcon.colcon_core.package_identification:_identify(data_nuscenes/nuscenes/samples/CAM_BACK_RIGHT) by extensions ['ignore', 'ignore_ament_install']
[0.744s] Level 1:colcon.colcon_core.package_identification:_identify(data_nuscenes/nuscenes/samples/CAM_BACK_RIGHT) by extension 'ignore'
[0.744s] Level 1:colcon.colcon_core.package_identification:_identify(data_nuscenes/nuscenes/samples/CAM_BACK_RIGHT) by extension 'ignore_ament_install'
[0.744s] Level 1:colcon.colcon_core.package_identification:_identify(data_nuscenes/nuscenes/samples/CAM_BACK_RIGHT) by extensions ['colcon_pkg']
[0.744s] Level 1:colcon.colcon_core.package_identification:_identify(data_nuscenes/nuscenes/samples/CAM_BACK_RIGHT) by extension 'colcon_pkg'
[0.744s] Level 1:colcon.colcon_core.package_identification:_identify(data_nuscenes/nuscenes/samples/CAM_BACK_RIGHT) by extensions ['colcon_meta']
[0.744s] Level 1:colcon.colcon_core.package_identification:_identify(data_nuscenes/nuscenes/samples/CAM_BACK_RIGHT) by extension 'colcon_meta'
[0.744s] Level 1:colcon.colcon_core.package_identification:_identify(data_nuscenes/nuscenes/samples/CAM_BACK_RIGHT) by extensions ['ros']
[0.744s] Level 1:colcon.colcon_core.package_identification:_identify(data_nuscenes/nuscenes/samples/CAM_BACK_RIGHT) by extension 'ros'
[0.744s] Level 1:colcon.colcon_core.package_identification:_identify(data_nuscenes/nuscenes/samples/CAM_BACK_RIGHT) by extensions ['cmake', 'python']
[0.744s] Level 1:colcon.colcon_core.package_identification:_identify(data_nuscenes/nuscenes/samples/CAM_BACK_RIGHT) by extension 'cmake'
[0.744s] Level 1:colcon.colcon_core.package_identification:_identify(data_nuscenes/nuscenes/samples/CAM_BACK_RIGHT) by extension 'python'
[0.744s] Level 1:colcon.colcon_core.package_identification:_identify(data_nuscenes/nuscenes/samples/CAM_BACK_RIGHT) by extensions ['python_setup_py']
[0.744s] Level 1:colcon.colcon_core.package_identification:_identify(data_nuscenes/nuscenes/samples/CAM_BACK_RIGHT) by extension 'python_setup_py'
[0.766s] Level 1:colcon.colcon_core.package_identification:_identify(data_nuscenes/nuscenes/samples/CAM_FRONT) by extensions ['ignore', 'ignore_ament_install']
[0.766s] Level 1:colcon.colcon_core.package_identification:_identify(data_nuscenes/nuscenes/samples/CAM_FRONT) by extension 'ignore'
[0.766s] Level 1:colcon.colcon_core.package_identification:_identify(data_nuscenes/nuscenes/samples/CAM_FRONT) by extension 'ignore_ament_install'
[0.766s] Level 1:colcon.colcon_core.package_identification:_identify(data_nuscenes/nuscenes/samples/CAM_FRONT) by extensions ['colcon_pkg']
[0.766s] Level 1:colcon.colcon_core.package_identification:_identify(data_nuscenes/nuscenes/samples/CAM_FRONT) by extension 'colcon_pkg'
[0.766s] Level 1:colcon.colcon_core.package_identification:_identify(data_nuscenes/nuscenes/samples/CAM_FRONT) by extensions ['colcon_meta']
[0.766s] Level 1:colcon.colcon_core.package_identification:_identify(data_nuscenes/nuscenes/samples/CAM_FRONT) by extension 'colcon_meta'
[0.766s] Level 1:colcon.colcon_core.package_identification:_identify(data_nuscenes/nuscenes/samples/CAM_FRONT) by extensions ['ros']
[0.766s] Level 1:colcon.colcon_core.package_identification:_identify(data_nuscenes/nuscenes/samples/CAM_FRONT) by extension 'ros'
[0.766s] Level 1:colcon.colcon_core.package_identification:_identify(data_nuscenes/nuscenes/samples/CAM_FRONT) by extensions ['cmake', 'python']
[0.766s] Level 1:colcon.colcon_core.package_identification:_identify(data_nuscenes/nuscenes/samples/CAM_FRONT) by extension 'cmake'
[0.766s] Level 1:colcon.colcon_core.package_identification:_identify(data_nuscenes/nuscenes/samples/CAM_FRONT) by extension 'python'
[0.766s] Level 1:colcon.colcon_core.package_identification:_identify(data_nuscenes/nuscenes/samples/CAM_FRONT) by extensions ['python_setup_py']
[0.766s] Level 1:colcon.colcon_core.package_identification:_identify(data_nuscenes/nuscenes/samples/CAM_FRONT) by extension 'python_setup_py'
[0.789s] Level 1:colcon.colcon_core.package_identification:_identify(data_nuscenes/nuscenes/samples/CAM_FRONT_LEFT) by extensions ['ignore', 'ignore_ament_install']
[0.789s] Level 1:colcon.colcon_core.package_identification:_identify(data_nuscenes/nuscenes/samples/CAM_FRONT_LEFT) by extension 'ignore'
[0.789s] Level 1:colcon.colcon_core.package_identification:_identify(data_nuscenes/nuscenes/samples/CAM_FRONT_LEFT) by extension 'ignore_ament_install'
[0.789s] Level 1:colcon.colcon_core.package_identification:_identify(data_nuscenes/nuscenes/samples/CAM_FRONT_LEFT) by extensions ['colcon_pkg']
[0.789s] Level 1:colcon.colcon_core.package_identification:_identify(data_nuscenes/nuscenes/samples/CAM_FRONT_LEFT) by extension 'colcon_pkg'
[0.789s] Level 1:colcon.colcon_core.package_identification:_identify(data_nuscenes/nuscenes/samples/CAM_FRONT_LEFT) by extensions ['colcon_meta']
[0.789s] Level 1:colcon.colcon_core.package_identification:_identify(data_nuscenes/nuscenes/samples/CAM_FRONT_LEFT) by extension 'colcon_meta'
[0.789s] Level 1:colcon.colcon_core.package_identification:_identify(data_nuscenes/nuscenes/samples/CAM_FRONT_LEFT) by extensions ['ros']
[0.789s] Level 1:colcon.colcon_core.package_identification:_identify(data_nuscenes/nuscenes/samples/CAM_FRONT_LEFT) by extension 'ros'
[0.790s] Level 1:colcon.colcon_core.package_identification:_identify(data_nuscenes/nuscenes/samples/CAM_FRONT_LEFT) by extensions ['cmake', 'python']
[0.790s] Level 1:colcon.colcon_core.package_identification:_identify(data_nuscenes/nuscenes/samples/CAM_FRONT_LEFT) by extension 'cmake'
[0.790s] Level 1:colcon.colcon_core.package_identification:_identify(data_nuscenes/nuscenes/samples/CAM_FRONT_LEFT) by extension 'python'
[0.790s] Level 1:colcon.colcon_core.package_identification:_identify(data_nuscenes/nuscenes/samples/CAM_FRONT_LEFT) by extensions ['python_setup_py']
[0.790s] Level 1:colcon.colcon_core.package_identification:_identify(data_nuscenes/nuscenes/samples/CAM_FRONT_LEFT) by extension 'python_setup_py'
[0.813s] Level 1:colcon.colcon_core.package_identification:_identify(data_nuscenes/nuscenes/samples/CAM_FRONT_RIGHT) by extensions ['ignore', 'ignore_ament_install']
[0.813s] Level 1:colcon.colcon_core.package_identification:_identify(data_nuscenes/nuscenes/samples/CAM_FRONT_RIGHT) by extension 'ignore'
[0.813s] Level 1:colcon.colcon_core.package_identification:_identify(data_nuscenes/nuscenes/samples/CAM_FRONT_RIGHT) by extension 'ignore_ament_install'
[0.813s] Level 1:colcon.colcon_core.package_identification:_identify(data_nuscenes/nuscenes/samples/CAM_FRONT_RIGHT) by extensions ['colcon_pkg']
[0.813s] Level 1:colcon.colcon_core.package_identification:_identify(data_nuscenes/nuscenes/samples/CAM_FRONT_RIGHT) by extension 'colcon_pkg'
[0.813s] Level 1:colcon.colcon_core.package_identification:_identify(data_nuscenes/nuscenes/samples/CAM_FRONT_RIGHT) by extensions ['colcon_meta']
[0.814s] Level 1:colcon.colcon_core.package_identification:_identify(data_nuscenes/nuscenes/samples/CAM_FRONT_RIGHT) by extension 'colcon_meta'
[0.814s] Level 1:colcon.colcon_core.package_identification:_identify(data_nuscenes/nuscenes/samples/CAM_FRONT_RIGHT) by extensions ['ros']
[0.814s] Level 1:colcon.colcon_core.package_identification:_identify(data_nuscenes/nuscenes/samples/CAM_FRONT_RIGHT) by extension 'ros'
[0.814s] Level 1:colcon.colcon_core.package_identification:_identify(data_nuscenes/nuscenes/samples/CAM_FRONT_RIGHT) by extensions ['cmake', 'python']
[0.814s] Level 1:colcon.colcon_core.package_identification:_identify(data_nuscenes/nuscenes/samples/CAM_FRONT_RIGHT) by extension 'cmake'
[0.814s] Level 1:colcon.colcon_core.package_identification:_identify(data_nuscenes/nuscenes/samples/CAM_FRONT_RIGHT) by extension 'python'
[0.814s] Level 1:colcon.colcon_core.package_identification:_identify(data_nuscenes/nuscenes/samples/CAM_FRONT_RIGHT) by extensions ['python_setup_py']
[0.814s] Level 1:colcon.colcon_core.package_identification:_identify(data_nuscenes/nuscenes/samples/CAM_FRONT_RIGHT) by extension 'python_setup_py'
[0.833s] Level 1:colcon.colcon_core.package_identification:_identify(data_nuscenes/nuscenes/samples/LIDAR_TOP) by extensions ['ignore', 'ignore_ament_install']
[0.833s] Level 1:colcon.colcon_core.package_identification:_identify(data_nuscenes/nuscenes/samples/LIDAR_TOP) by extension 'ignore'
[0.833s] Level 1:colcon.colcon_core.package_identification:_identify(data_nuscenes/nuscenes/samples/LIDAR_TOP) by extension 'ignore_ament_install'
[0.833s] Level 1:colcon.colcon_core.package_identification:_identify(data_nuscenes/nuscenes/samples/LIDAR_TOP) by extensions ['colcon_pkg']
[0.833s] Level 1:colcon.colcon_core.package_identification:_identify(data_nuscenes/nuscenes/samples/LIDAR_TOP) by extension 'colcon_pkg'
[0.833s] Level 1:colcon.colcon_core.package_identification:_identify(data_nuscenes/nuscenes/samples/LIDAR_TOP) by extensions ['colcon_meta']
[0.833s] Level 1:colcon.colcon_core.package_identification:_identify(data_nuscenes/nuscenes/samples/LIDAR_TOP) by extension 'colcon_meta'
[0.833s] Level 1:colcon.colcon_core.package_identification:_identify(data_nuscenes/nuscenes/samples/LIDAR_TOP) by extensions ['ros']
[0.833s] Level 1:colcon.colcon_core.package_identification:_identify(data_nuscenes/nuscenes/samples/LIDAR_TOP) by extension 'ros'
[0.834s] Level 1:colcon.colcon_core.package_identification:_identify(data_nuscenes/nuscenes/samples/LIDAR_TOP) by extensions ['cmake', 'python']
[0.834s] Level 1:colcon.colcon_core.package_identification:_identify(data_nuscenes/nuscenes/samples/LIDAR_TOP) by extension 'cmake'
[0.834s] Level 1:colcon.colcon_core.package_identification:_identify(data_nuscenes/nuscenes/samples/LIDAR_TOP) by extension 'python'
[0.834s] Level 1:colcon.colcon_core.package_identification:_identify(data_nuscenes/nuscenes/samples/LIDAR_TOP) by extensions ['python_setup_py']
[0.834s] Level 1:colcon.colcon_core.package_identification:_identify(data_nuscenes/nuscenes/samples/LIDAR_TOP) by extension 'python_setup_py'
[0.834s] Level 1:colcon.colcon_core.package_identification:_identify(data_nuscenes/nuscenes/sweeps) by extensions ['ignore', 'ignore_ament_install']
[0.834s] Level 1:colcon.colcon_core.package_identification:_identify(data_nuscenes/nuscenes/sweeps) by extension 'ignore'
[0.834s] Level 1:colcon.colcon_core.package_identification:_identify(data_nuscenes/nuscenes/sweeps) by extension 'ignore_ament_install'
[0.835s] Level 1:colcon.colcon_core.package_identification:_identify(data_nuscenes/nuscenes/sweeps) by extensions ['colcon_pkg']
[0.835s] Level 1:colcon.colcon_core.package_identification:_identify(data_nuscenes/nuscenes/sweeps) by extension 'colcon_pkg'
[0.835s] Level 1:colcon.colcon_core.package_identification:_identify(data_nuscenes/nuscenes/sweeps) by extensions ['colcon_meta']
[0.835s] Level 1:colcon.colcon_core.package_identification:_identify(data_nuscenes/nuscenes/sweeps) by extension 'colcon_meta'
[0.835s] Level 1:colcon.colcon_core.package_identification:_identify(data_nuscenes/nuscenes/sweeps) by extensions ['ros']
[0.835s] Level 1:colcon.colcon_core.package_identification:_identify(data_nuscenes/nuscenes/sweeps) by extension 'ros'
[0.835s] Level 1:colcon.colcon_core.package_identification:_identify(data_nuscenes/nuscenes/sweeps) by extensions ['cmake', 'python']
[0.835s] Level 1:colcon.colcon_core.package_identification:_identify(data_nuscenes/nuscenes/sweeps) by extension 'cmake'
[0.835s] Level 1:colcon.colcon_core.package_identification:_identify(data_nuscenes/nuscenes/sweeps) by extension 'python'
[0.835s] Level 1:colcon.colcon_core.package_identification:_identify(data_nuscenes/nuscenes/sweeps) by extensions ['python_setup_py']
[0.835s] Level 1:colcon.colcon_core.package_identification:_identify(data_nuscenes/nuscenes/sweeps) by extension 'python_setup_py'
[0.836s] Level 1:colcon.colcon_core.package_identification:_identify(data_nuscenes/nuscenes/sweeps/CAM_BACK) by extensions ['ignore', 'ignore_ament_install']
[0.836s] Level 1:colcon.colcon_core.package_identification:_identify(data_nuscenes/nuscenes/sweeps/CAM_BACK) by extension 'ignore'
[0.836s] Level 1:colcon.colcon_core.package_identification:_identify(data_nuscenes/nuscenes/sweeps/CAM_BACK) by extension 'ignore_ament_install'
[0.836s] Level 1:colcon.colcon_core.package_identification:_identify(data_nuscenes/nuscenes/sweeps/CAM_BACK) by extensions ['colcon_pkg']
[0.836s] Level 1:colcon.colcon_core.package_identification:_identify(data_nuscenes/nuscenes/sweeps/CAM_BACK) by extension 'colcon_pkg'
[0.836s] Level 1:colcon.colcon_core.package_identification:_identify(data_nuscenes/nuscenes/sweeps/CAM_BACK) by extensions ['colcon_meta']
[0.836s] Level 1:colcon.colcon_core.package_identification:_identify(data_nuscenes/nuscenes/sweeps/CAM_BACK) by extension 'colcon_meta'
[0.836s] Level 1:colcon.colcon_core.package_identification:_identify(data_nuscenes/nuscenes/sweeps/CAM_BACK) by extensions ['ros']
[0.836s] Level 1:colcon.colcon_core.package_identification:_identify(data_nuscenes/nuscenes/sweeps/CAM_BACK) by extension 'ros'
[0.836s] Level 1:colcon.colcon_core.package_identification:_identify(data_nuscenes/nuscenes/sweeps/CAM_BACK) by extensions ['cmake', 'python']
[0.836s] Level 1:colcon.colcon_core.package_identification:_identify(data_nuscenes/nuscenes/sweeps/CAM_BACK) by extension 'cmake'
[0.836s] Level 1:colcon.colcon_core.package_identification:_identify(data_nuscenes/nuscenes/sweeps/CAM_BACK) by extension 'python'
[0.837s] Level 1:colcon.colcon_core.package_identification:_identify(data_nuscenes/nuscenes/sweeps/CAM_BACK) by extensions ['python_setup_py']
[0.837s] Level 1:colcon.colcon_core.package_identification:_identify(data_nuscenes/nuscenes/sweeps/CAM_BACK) by extension 'python_setup_py'
[0.838s] Level 1:colcon.colcon_core.package_identification:_identify(data_nuscenes/nuscenes/sweeps/CAM_BACK_LEFT) by extensions ['ignore', 'ignore_ament_install']
[0.838s] Level 1:colcon.colcon_core.package_identification:_identify(data_nuscenes/nuscenes/sweeps/CAM_BACK_LEFT) by extension 'ignore'
[0.838s] Level 1:colcon.colcon_core.package_identification:_identify(data_nuscenes/nuscenes/sweeps/CAM_BACK_LEFT) by extension 'ignore_ament_install'
[0.838s] Level 1:colcon.colcon_core.package_identification:_identify(data_nuscenes/nuscenes/sweeps/CAM_BACK_LEFT) by extensions ['colcon_pkg']
[0.838s] Level 1:colcon.colcon_core.package_identification:_identify(data_nuscenes/nuscenes/sweeps/CAM_BACK_LEFT) by extension 'colcon_pkg'
[0.838s] Level 1:colcon.colcon_core.package_identification:_identify(data_nuscenes/nuscenes/sweeps/CAM_BACK_LEFT) by extensions ['colcon_meta']
[0.838s] Level 1:colcon.colcon_core.package_identification:_identify(data_nuscenes/nuscenes/sweeps/CAM_BACK_LEFT) by extension 'colcon_meta'
[0.838s] Level 1:colcon.colcon_core.package_identification:_identify(data_nuscenes/nuscenes/sweeps/CAM_BACK_LEFT) by extensions ['ros']
[0.838s] Level 1:colcon.colcon_core.package_identification:_identify(data_nuscenes/nuscenes/sweeps/CAM_BACK_LEFT) by extension 'ros'
[0.838s] Level 1:colcon.colcon_core.package_identification:_identify(data_nuscenes/nuscenes/sweeps/CAM_BACK_LEFT) by extensions ['cmake', 'python']
[0.838s] Level 1:colcon.colcon_core.package_identification:_identify(data_nuscenes/nuscenes/sweeps/CAM_BACK_LEFT) by extension 'cmake'
[0.838s] Level 1:colcon.colcon_core.package_identification:_identify(data_nuscenes/nuscenes/sweeps/CAM_BACK_LEFT) by extension 'python'
[0.838s] Level 1:colcon.colcon_core.package_identification:_identify(data_nuscenes/nuscenes/sweeps/CAM_BACK_LEFT) by extensions ['python_setup_py']
[0.838s] Level 1:colcon.colcon_core.package_identification:_identify(data_nuscenes/nuscenes/sweeps/CAM_BACK_LEFT) by extension 'python_setup_py'
[0.839s] Level 1:colcon.colcon_core.package_identification:_identify(data_nuscenes/nuscenes/sweeps/CAM_BACK_RIGHT) by extensions ['ignore', 'ignore_ament_install']
[0.839s] Level 1:colcon.colcon_core.package_identification:_identify(data_nuscenes/nuscenes/sweeps/CAM_BACK_RIGHT) by extension 'ignore'
[0.840s] Level 1:colcon.colcon_core.package_identification:_identify(data_nuscenes/nuscenes/sweeps/CAM_BACK_RIGHT) by extension 'ignore_ament_install'
[0.840s] Level 1:colcon.colcon_core.package_identification:_identify(data_nuscenes/nuscenes/sweeps/CAM_BACK_RIGHT) by extensions ['colcon_pkg']
[0.840s] Level 1:colcon.colcon_core.package_identification:_identify(data_nuscenes/nuscenes/sweeps/CAM_BACK_RIGHT) by extension 'colcon_pkg'
[0.840s] Level 1:colcon.colcon_core.package_identification:_identify(data_nuscenes/nuscenes/sweeps/CAM_BACK_RIGHT) by extensions ['colcon_meta']
[0.840s] Level 1:colcon.colcon_core.package_identification:_identify(data_nuscenes/nuscenes/sweeps/CAM_BACK_RIGHT) by extension 'colcon_meta'
[0.840s] Level 1:colcon.colcon_core.package_identification:_identify(data_nuscenes/nuscenes/sweeps/CAM_BACK_RIGHT) by extensions ['ros']
[0.840s] Level 1:colcon.colcon_core.package_identification:_identify(data_nuscenes/nuscenes/sweeps/CAM_BACK_RIGHT) by extension 'ros'
[0.840s] Level 1:colcon.colcon_core.package_identification:_identify(data_nuscenes/nuscenes/sweeps/CAM_BACK_RIGHT) by extensions ['cmake', 'python']
[0.840s] Level 1:colcon.colcon_core.package_identification:_identify(data_nuscenes/nuscenes/sweeps/CAM_BACK_RIGHT) by extension 'cmake'
[0.840s] Level 1:colcon.colcon_core.package_identification:_identify(data_nuscenes/nuscenes/sweeps/CAM_BACK_RIGHT) by extension 'python'
[0.840s] Level 1:colcon.colcon_core.package_identification:_identify(data_nuscenes/nuscenes/sweeps/CAM_BACK_RIGHT) by extensions ['python_setup_py']
[0.840s] Level 1:colcon.colcon_core.package_identification:_identify(data_nuscenes/nuscenes/sweeps/CAM_BACK_RIGHT) by extension 'python_setup_py'
[0.841s] Level 1:colcon.colcon_core.package_identification:_identify(data_nuscenes/nuscenes/sweeps/CAM_FRONT) by extensions ['ignore', 'ignore_ament_install']
[0.841s] Level 1:colcon.colcon_core.package_identification:_identify(data_nuscenes/nuscenes/sweeps/CAM_FRONT) by extension 'ignore'
[0.841s] Level 1:colcon.colcon_core.package_identification:_identify(data_nuscenes/nuscenes/sweeps/CAM_FRONT) by extension 'ignore_ament_install'
[0.841s] Level 1:colcon.colcon_core.package_identification:_identify(data_nuscenes/nuscenes/sweeps/CAM_FRONT) by extensions ['colcon_pkg']
[0.841s] Level 1:colcon.colcon_core.package_identification:_identify(data_nuscenes/nuscenes/sweeps/CAM_FRONT) by extension 'colcon_pkg'
[0.841s] Level 1:colcon.colcon_core.package_identification:_identify(data_nuscenes/nuscenes/sweeps/CAM_FRONT) by extensions ['colcon_meta']
[0.841s] Level 1:colcon.colcon_core.package_identification:_identify(data_nuscenes/nuscenes/sweeps/CAM_FRONT) by extension 'colcon_meta'
[0.841s] Level 1:colcon.colcon_core.package_identification:_identify(data_nuscenes/nuscenes/sweeps/CAM_FRONT) by extensions ['ros']
[0.841s] Level 1:colcon.colcon_core.package_identification:_identify(data_nuscenes/nuscenes/sweeps/CAM_FRONT) by extension 'ros'
[0.841s] Level 1:colcon.colcon_core.package_identification:_identify(data_nuscenes/nuscenes/sweeps/CAM_FRONT) by extensions ['cmake', 'python']
[0.841s] Level 1:colcon.colcon_core.package_identification:_identify(data_nuscenes/nuscenes/sweeps/CAM_FRONT) by extension 'cmake'
[0.841s] Level 1:colcon.colcon_core.package_identification:_identify(data_nuscenes/nuscenes/sweeps/CAM_FRONT) by extension 'python'
[0.841s] Level 1:colcon.colcon_core.package_identification:_identify(data_nuscenes/nuscenes/sweeps/CAM_FRONT) by extensions ['python_setup_py']
[0.842s] Level 1:colcon.colcon_core.package_identification:_identify(data_nuscenes/nuscenes/sweeps/CAM_FRONT) by extension 'python_setup_py'
[0.843s] Level 1:colcon.colcon_core.package_identification:_identify(data_nuscenes/nuscenes/sweeps/CAM_FRONT_LEFT) by extensions ['ignore', 'ignore_ament_install']
[0.843s] Level 1:colcon.colcon_core.package_identification:_identify(data_nuscenes/nuscenes/sweeps/CAM_FRONT_LEFT) by extension 'ignore'
[0.843s] Level 1:colcon.colcon_core.package_identification:_identify(data_nuscenes/nuscenes/sweeps/CAM_FRONT_LEFT) by extension 'ignore_ament_install'
[0.843s] Level 1:colcon.colcon_core.package_identification:_identify(data_nuscenes/nuscenes/sweeps/CAM_FRONT_LEFT) by extensions ['colcon_pkg']
[0.843s] Level 1:colcon.colcon_core.package_identification:_identify(data_nuscenes/nuscenes/sweeps/CAM_FRONT_LEFT) by extension 'colcon_pkg'
[0.843s] Level 1:colcon.colcon_core.package_identification:_identify(data_nuscenes/nuscenes/sweeps/CAM_FRONT_LEFT) by extensions ['colcon_meta']
[0.843s] Level 1:colcon.colcon_core.package_identification:_identify(data_nuscenes/nuscenes/sweeps/CAM_FRONT_LEFT) by extension 'colcon_meta'
[0.843s] Level 1:colcon.colcon_core.package_identification:_identify(data_nuscenes/nuscenes/sweeps/CAM_FRONT_LEFT) by extensions ['ros']
[0.843s] Level 1:colcon.colcon_core.package_identification:_identify(data_nuscenes/nuscenes/sweeps/CAM_FRONT_LEFT) by extension 'ros'
[0.843s] Level 1:colcon.colcon_core.package_identification:_identify(data_nuscenes/nuscenes/sweeps/CAM_FRONT_LEFT) by extensions ['cmake', 'python']
[0.843s] Level 1:colcon.colcon_core.package_identification:_identify(data_nuscenes/nuscenes/sweeps/CAM_FRONT_LEFT) by extension 'cmake'
[0.843s] Level 1:colcon.colcon_core.package_identification:_identify(data_nuscenes/nuscenes/sweeps/CAM_FRONT_LEFT) by extension 'python'
[0.843s] Level 1:colcon.colcon_core.package_identification:_identify(data_nuscenes/nuscenes/sweeps/CAM_FRONT_LEFT) by extensions ['python_setup_py']
[0.843s] Level 1:colcon.colcon_core.package_identification:_identify(data_nuscenes/nuscenes/sweeps/CAM_FRONT_LEFT) by extension 'python_setup_py'
[0.845s] Level 1:colcon.colcon_core.package_identification:_identify(data_nuscenes/nuscenes/sweeps/CAM_FRONT_RIGHT) by extensions ['ignore', 'ignore_ament_install']
[0.845s] Level 1:colcon.colcon_core.package_identification:_identify(data_nuscenes/nuscenes/sweeps/CAM_FRONT_RIGHT) by extension 'ignore'
[0.845s] Level 1:colcon.colcon_core.package_identification:_identify(data_nuscenes/nuscenes/sweeps/CAM_FRONT_RIGHT) by extension 'ignore_ament_install'
[0.845s] Level 1:colcon.colcon_core.package_identification:_identify(data_nuscenes/nuscenes/sweeps/CAM_FRONT_RIGHT) by extensions ['colcon_pkg']
[0.845s] Level 1:colcon.colcon_core.package_identification:_identify(data_nuscenes/nuscenes/sweeps/CAM_FRONT_RIGHT) by extension 'colcon_pkg'
[0.845s] Level 1:colcon.colcon_core.package_identification:_identify(data_nuscenes/nuscenes/sweeps/CAM_FRONT_RIGHT) by extensions ['colcon_meta']
[0.845s] Level 1:colcon.colcon_core.package_identification:_identify(data_nuscenes/nuscenes/sweeps/CAM_FRONT_RIGHT) by extension 'colcon_meta'
[0.845s] Level 1:colcon.colcon_core.package_identification:_identify(data_nuscenes/nuscenes/sweeps/CAM_FRONT_RIGHT) by extensions ['ros']
[0.845s] Level 1:colcon.colcon_core.package_identification:_identify(data_nuscenes/nuscenes/sweeps/CAM_FRONT_RIGHT) by extension 'ros'
[0.845s] Level 1:colcon.colcon_core.package_identification:_identify(data_nuscenes/nuscenes/sweeps/CAM_FRONT_RIGHT) by extensions ['cmake', 'python']
[0.845s] Level 1:colcon.colcon_core.package_identification:_identify(data_nuscenes/nuscenes/sweeps/CAM_FRONT_RIGHT) by extension 'cmake'
[0.845s] Level 1:colcon.colcon_core.package_identification:_identify(data_nuscenes/nuscenes/sweeps/CAM_FRONT_RIGHT) by extension 'python'
[0.845s] Level 1:colcon.colcon_core.package_identification:_identify(data_nuscenes/nuscenes/sweeps/CAM_FRONT_RIGHT) by extensions ['python_setup_py']
[0.845s] Level 1:colcon.colcon_core.package_identification:_identify(data_nuscenes/nuscenes/sweeps/CAM_FRONT_RIGHT) by extension 'python_setup_py'
[1.022s] Level 1:colcon.colcon_core.package_identification:_identify(data_nuscenes/nuscenes/sweeps/LIDAR_TOP) by extensions ['ignore', 'ignore_ament_install']
[1.022s] Level 1:colcon.colcon_core.package_identification:_identify(data_nuscenes/nuscenes/sweeps/LIDAR_TOP) by extension 'ignore'
[1.023s] Level 1:colcon.colcon_core.package_identification:_identify(data_nuscenes/nuscenes/sweeps/LIDAR_TOP) by extension 'ignore_ament_install'
[1.023s] Level 1:colcon.colcon_core.package_identification:_identify(data_nuscenes/nuscenes/sweeps/LIDAR_TOP) by extensions ['colcon_pkg']
[1.023s] Level 1:colcon.colcon_core.package_identification:_identify(data_nuscenes/nuscenes/sweeps/LIDAR_TOP) by extension 'colcon_pkg'
[1.023s] Level 1:colcon.colcon_core.package_identification:_identify(data_nuscenes/nuscenes/sweeps/LIDAR_TOP) by extensions ['colcon_meta']
[1.023s] Level 1:colcon.colcon_core.package_identification:_identify(data_nuscenes/nuscenes/sweeps/LIDAR_TOP) by extension 'colcon_meta'
[1.023s] Level 1:colcon.colcon_core.package_identification:_identify(data_nuscenes/nuscenes/sweeps/LIDAR_TOP) by extensions ['ros']
[1.023s] Level 1:colcon.colcon_core.package_identification:_identify(data_nuscenes/nuscenes/sweeps/LIDAR_TOP) by extension 'ros'
[1.023s] Level 1:colcon.colcon_core.package_identification:_identify(data_nuscenes/nuscenes/sweeps/LIDAR_TOP) by extensions ['cmake', 'python']
[1.023s] Level 1:colcon.colcon_core.package_identification:_identify(data_nuscenes/nuscenes/sweeps/LIDAR_TOP) by extension 'cmake'
[1.023s] Level 1:colcon.colcon_core.package_identification:_identify(data_nuscenes/nuscenes/sweeps/LIDAR_TOP) by extension 'python'
[1.023s] Level 1:colcon.colcon_core.package_identification:_identify(data_nuscenes/nuscenes/sweeps/LIDAR_TOP) by extensions ['python_setup_py']
[1.023s] Level 1:colcon.colcon_core.package_identification:_identify(data_nuscenes/nuscenes/sweeps/LIDAR_TOP) by extension 'python_setup_py'
[1.029s] Level 1:colcon.colcon_core.package_identification:_identify(data_nuscenes/nuscenes/sweeps/RADAR_BACK_LEFT) by extensions ['ignore', 'ignore_ament_install']
[1.029s] Level 1:colcon.colcon_core.package_identification:_identify(data_nuscenes/nuscenes/sweeps/RADAR_BACK_LEFT) by extension 'ignore'
[1.029s] Level 1:colcon.colcon_core.package_identification:_identify(data_nuscenes/nuscenes/sweeps/RADAR_BACK_LEFT) by extension 'ignore_ament_install'
[1.029s] Level 1:colcon.colcon_core.package_identification:_identify(data_nuscenes/nuscenes/sweeps/RADAR_BACK_LEFT) by extensions ['colcon_pkg']
[1.029s] Level 1:colcon.colcon_core.package_identification:_identify(data_nuscenes/nuscenes/sweeps/RADAR_BACK_LEFT) by extension 'colcon_pkg'
[1.029s] Level 1:colcon.colcon_core.package_identification:_identify(data_nuscenes/nuscenes/sweeps/RADAR_BACK_LEFT) by extensions ['colcon_meta']
[1.029s] Level 1:colcon.colcon_core.package_identification:_identify(data_nuscenes/nuscenes/sweeps/RADAR_BACK_LEFT) by extension 'colcon_meta'
[1.029s] Level 1:colcon.colcon_core.package_identification:_identify(data_nuscenes/nuscenes/sweeps/RADAR_BACK_LEFT) by extensions ['ros']
[1.029s] Level 1:colcon.colcon_core.package_identification:_identify(data_nuscenes/nuscenes/sweeps/RADAR_BACK_LEFT) by extension 'ros'
[1.029s] Level 1:colcon.colcon_core.package_identification:_identify(data_nuscenes/nuscenes/sweeps/RADAR_BACK_LEFT) by extensions ['cmake', 'python']
[1.029s] Level 1:colcon.colcon_core.package_identification:_identify(data_nuscenes/nuscenes/sweeps/RADAR_BACK_LEFT) by extension 'cmake'
[1.029s] Level 1:colcon.colcon_core.package_identification:_identify(data_nuscenes/nuscenes/sweeps/RADAR_BACK_LEFT) by extension 'python'
[1.029s] Level 1:colcon.colcon_core.package_identification:_identify(data_nuscenes/nuscenes/sweeps/RADAR_BACK_LEFT) by extensions ['python_setup_py']
[1.029s] Level 1:colcon.colcon_core.package_identification:_identify(data_nuscenes/nuscenes/sweeps/RADAR_BACK_LEFT) by extension 'python_setup_py'
[1.031s] Level 1:colcon.colcon_core.package_identification:_identify(data_nuscenes/nuscenes/sweeps/RADAR_BACK_RIGHT) by extensions ['ignore', 'ignore_ament_install']
[1.031s] Level 1:colcon.colcon_core.package_identification:_identify(data_nuscenes/nuscenes/sweeps/RADAR_BACK_RIGHT) by extension 'ignore'
[1.031s] Level 1:colcon.colcon_core.package_identification:_identify(data_nuscenes/nuscenes/sweeps/RADAR_BACK_RIGHT) by extension 'ignore_ament_install'
[1.031s] Level 1:colcon.colcon_core.package_identification:_identify(data_nuscenes/nuscenes/sweeps/RADAR_BACK_RIGHT) by extensions ['colcon_pkg']
[1.031s] Level 1:colcon.colcon_core.package_identification:_identify(data_nuscenes/nuscenes/sweeps/RADAR_BACK_RIGHT) by extension 'colcon_pkg'
[1.031s] Level 1:colcon.colcon_core.package_identification:_identify(data_nuscenes/nuscenes/sweeps/RADAR_BACK_RIGHT) by extensions ['colcon_meta']
[1.031s] Level 1:colcon.colcon_core.package_identification:_identify(data_nuscenes/nuscenes/sweeps/RADAR_BACK_RIGHT) by extension 'colcon_meta'
[1.031s] Level 1:colcon.colcon_core.package_identification:_identify(data_nuscenes/nuscenes/sweeps/RADAR_BACK_RIGHT) by extensions ['ros']
[1.031s] Level 1:colcon.colcon_core.package_identification:_identify(data_nuscenes/nuscenes/sweeps/RADAR_BACK_RIGHT) by extension 'ros'
[1.031s] Level 1:colcon.colcon_core.package_identification:_identify(data_nuscenes/nuscenes/sweeps/RADAR_BACK_RIGHT) by extensions ['cmake', 'python']
[1.031s] Level 1:colcon.colcon_core.package_identification:_identify(data_nuscenes/nuscenes/sweeps/RADAR_BACK_RIGHT) by extension 'cmake'
[1.031s] Level 1:colcon.colcon_core.package_identification:_identify(data_nuscenes/nuscenes/sweeps/RADAR_BACK_RIGHT) by extension 'python'
[1.031s] Level 1:colcon.colcon_core.package_identification:_identify(data_nuscenes/nuscenes/sweeps/RADAR_BACK_RIGHT) by extensions ['python_setup_py']
[1.031s] Level 1:colcon.colcon_core.package_identification:_identify(data_nuscenes/nuscenes/sweeps/RADAR_BACK_RIGHT) by extension 'python_setup_py'
[1.032s] Level 1:colcon.colcon_core.package_identification:_identify(data_nuscenes/nuscenes/sweeps/RADAR_FRONT) by extensions ['ignore', 'ignore_ament_install']
[1.032s] Level 1:colcon.colcon_core.package_identification:_identify(data_nuscenes/nuscenes/sweeps/RADAR_FRONT) by extension 'ignore'
[1.033s] Level 1:colcon.colcon_core.package_identification:_identify(data_nuscenes/nuscenes/sweeps/RADAR_FRONT) by extension 'ignore_ament_install'
[1.033s] Level 1:colcon.colcon_core.package_identification:_identify(data_nuscenes/nuscenes/sweeps/RADAR_FRONT) by extensions ['colcon_pkg']
[1.033s] Level 1:colcon.colcon_core.package_identification:_identify(data_nuscenes/nuscenes/sweeps/RADAR_FRONT) by extension 'colcon_pkg'
[1.033s] Level 1:colcon.colcon_core.package_identification:_identify(data_nuscenes/nuscenes/sweeps/RADAR_FRONT) by extensions ['colcon_meta']
[1.033s] Level 1:colcon.colcon_core.package_identification:_identify(data_nuscenes/nuscenes/sweeps/RADAR_FRONT) by extension 'colcon_meta'
[1.033s] Level 1:colcon.colcon_core.package_identification:_identify(data_nuscenes/nuscenes/sweeps/RADAR_FRONT) by extensions ['ros']
[1.033s] Level 1:colcon.colcon_core.package_identification:_identify(data_nuscenes/nuscenes/sweeps/RADAR_FRONT) by extension 'ros'
[1.033s] Level 1:colcon.colcon_core.package_identification:_identify(data_nuscenes/nuscenes/sweeps/RADAR_FRONT) by extensions ['cmake', 'python']
[1.033s] Level 1:colcon.colcon_core.package_identification:_identify(data_nuscenes/nuscenes/sweeps/RADAR_FRONT) by extension 'cmake'
[1.033s] Level 1:colcon.colcon_core.package_identification:_identify(data_nuscenes/nuscenes/sweeps/RADAR_FRONT) by extension 'python'
[1.033s] Level 1:colcon.colcon_core.package_identification:_identify(data_nuscenes/nuscenes/sweeps/RADAR_FRONT) by extensions ['python_setup_py']
[1.033s] Level 1:colcon.colcon_core.package_identification:_identify(data_nuscenes/nuscenes/sweeps/RADAR_FRONT) by extension 'python_setup_py'
[1.034s] Level 1:colcon.colcon_core.package_identification:_identify(data_nuscenes/nuscenes/sweeps/RADAR_FRONT_LEFT) by extensions ['ignore', 'ignore_ament_install']
[1.035s] Level 1:colcon.colcon_core.package_identification:_identify(data_nuscenes/nuscenes/sweeps/RADAR_FRONT_LEFT) by extension 'ignore'
[1.035s] Level 1:colcon.colcon_core.package_identification:_identify(data_nuscenes/nuscenes/sweeps/RADAR_FRONT_LEFT) by extension 'ignore_ament_install'
[1.035s] Level 1:colcon.colcon_core.package_identification:_identify(data_nuscenes/nuscenes/sweeps/RADAR_FRONT_LEFT) by extensions ['colcon_pkg']
[1.035s] Level 1:colcon.colcon_core.package_identification:_identify(data_nuscenes/nuscenes/sweeps/RADAR_FRONT_LEFT) by extension 'colcon_pkg'
[1.035s] Level 1:colcon.colcon_core.package_identification:_identify(data_nuscenes/nuscenes/sweeps/RADAR_FRONT_LEFT) by extensions ['colcon_meta']
[1.035s] Level 1:colcon.colcon_core.package_identification:_identify(data_nuscenes/nuscenes/sweeps/RADAR_FRONT_LEFT) by extension 'colcon_meta'
[1.035s] Level 1:colcon.colcon_core.package_identification:_identify(data_nuscenes/nuscenes/sweeps/RADAR_FRONT_LEFT) by extensions ['ros']
[1.035s] Level 1:colcon.colcon_core.package_identification:_identify(data_nuscenes/nuscenes/sweeps/RADAR_FRONT_LEFT) by extension 'ros'
[1.035s] Level 1:colcon.colcon_core.package_identification:_identify(data_nuscenes/nuscenes/sweeps/RADAR_FRONT_LEFT) by extensions ['cmake', 'python']
[1.035s] Level 1:colcon.colcon_core.package_identification:_identify(data_nuscenes/nuscenes/sweeps/RADAR_FRONT_LEFT) by extension 'cmake'
[1.035s] Level 1:colcon.colcon_core.package_identification:_identify(data_nuscenes/nuscenes/sweeps/RADAR_FRONT_LEFT) by extension 'python'
[1.035s] Level 1:colcon.colcon_core.package_identification:_identify(data_nuscenes/nuscenes/sweeps/RADAR_FRONT_LEFT) by extensions ['python_setup_py']
[1.035s] Level 1:colcon.colcon_core.package_identification:_identify(data_nuscenes/nuscenes/sweeps/RADAR_FRONT_LEFT) by extension 'python_setup_py'
[1.037s] Level 1:colcon.colcon_core.package_identification:_identify(data_nuscenes/nuscenes/sweeps/RADAR_FRONT_RIGHT) by extensions ['ignore', 'ignore_ament_install']
[1.037s] Level 1:colcon.colcon_core.package_identification:_identify(data_nuscenes/nuscenes/sweeps/RADAR_FRONT_RIGHT) by extension 'ignore'
[1.037s] Level 1:colcon.colcon_core.package_identification:_identify(data_nuscenes/nuscenes/sweeps/RADAR_FRONT_RIGHT) by extension 'ignore_ament_install'
[1.037s] Level 1:colcon.colcon_core.package_identification:_identify(data_nuscenes/nuscenes/sweeps/RADAR_FRONT_RIGHT) by extensions ['colcon_pkg']
[1.037s] Level 1:colcon.colcon_core.package_identification:_identify(data_nuscenes/nuscenes/sweeps/RADAR_FRONT_RIGHT) by extension 'colcon_pkg'
[1.037s] Level 1:colcon.colcon_core.package_identification:_identify(data_nuscenes/nuscenes/sweeps/RADAR_FRONT_RIGHT) by extensions ['colcon_meta']
[1.037s] Level 1:colcon.colcon_core.package_identification:_identify(data_nuscenes/nuscenes/sweeps/RADAR_FRONT_RIGHT) by extension 'colcon_meta'
[1.037s] Level 1:colcon.colcon_core.package_identification:_identify(data_nuscenes/nuscenes/sweeps/RADAR_FRONT_RIGHT) by extensions ['ros']
[1.037s] Level 1:colcon.colcon_core.package_identification:_identify(data_nuscenes/nuscenes/sweeps/RADAR_FRONT_RIGHT) by extension 'ros'
[1.037s] Level 1:colcon.colcon_core.package_identification:_identify(data_nuscenes/nuscenes/sweeps/RADAR_FRONT_RIGHT) by extensions ['cmake', 'python']
[1.037s] Level 1:colcon.colcon_core.package_identification:_identify(data_nuscenes/nuscenes/sweeps/RADAR_FRONT_RIGHT) by extension 'cmake'
[1.037s] Level 1:colcon.colcon_core.package_identification:_identify(data_nuscenes/nuscenes/sweeps/RADAR_FRONT_RIGHT) by extension 'python'
[1.037s] Level 1:colcon.colcon_core.package_identification:_identify(data_nuscenes/nuscenes/sweeps/RADAR_FRONT_RIGHT) by extensions ['python_setup_py']
[1.037s] Level 1:colcon.colcon_core.package_identification:_identify(data_nuscenes/nuscenes/sweeps/RADAR_FRONT_RIGHT) by extension 'python_setup_py'
[1.037s] Level 1:colcon.colcon_core.package_identification:_identify(data_nuscenes/nuscenes/v1.0-mini) by extensions ['ignore', 'ignore_ament_install']
[1.037s] Level 1:colcon.colcon_core.package_identification:_identify(data_nuscenes/nuscenes/v1.0-mini) by extension 'ignore'
[1.037s] Level 1:colcon.colcon_core.package_identification:_identify(data_nuscenes/nuscenes/v1.0-mini) by extension 'ignore_ament_install'
[1.037s] Level 1:colcon.colcon_core.package_identification:_identify(data_nuscenes/nuscenes/v1.0-mini) by extensions ['colcon_pkg']
[1.037s] Level 1:colcon.colcon_core.package_identification:_identify(data_nuscenes/nuscenes/v1.0-mini) by extension 'colcon_pkg'
[1.038s] Level 1:colcon.colcon_core.package_identification:_identify(data_nuscenes/nuscenes/v1.0-mini) by extensions ['colcon_meta']
[1.038s] Level 1:colcon.colcon_core.package_identification:_identify(data_nuscenes/nuscenes/v1.0-mini) by extension 'colcon_meta'
[1.038s] Level 1:colcon.colcon_core.package_identification:_identify(data_nuscenes/nuscenes/v1.0-mini) by extensions ['ros']
[1.038s] Level 1:colcon.colcon_core.package_identification:_identify(data_nuscenes/nuscenes/v1.0-mini) by extension 'ros'
[1.038s] Level 1:colcon.colcon_core.package_identification:_identify(data_nuscenes/nuscenes/v1.0-mini) by extensions ['cmake', 'python']
[1.038s] Level 1:colcon.colcon_core.package_identification:_identify(data_nuscenes/nuscenes/v1.0-mini) by extension 'cmake'
[1.038s] Level 1:colcon.colcon_core.package_identification:_identify(data_nuscenes/nuscenes/v1.0-mini) by extension 'python'
[1.038s] Level 1:colcon.colcon_core.package_identification:_identify(data_nuscenes/nuscenes/v1.0-mini) by extensions ['python_setup_py']
[1.038s] Level 1:colcon.colcon_core.package_identification:_identify(data_nuscenes/nuscenes/v1.0-mini) by extension 'python_setup_py'
[1.038s] Level 1:colcon.colcon_core.package_identification:_identify(data_nuscenes/nuscenes/v1.0-test) by extensions ['ignore', 'ignore_ament_install']
[1.038s] Level 1:colcon.colcon_core.package_identification:_identify(data_nuscenes/nuscenes/v1.0-test) by extension 'ignore'
[1.038s] Level 1:colcon.colcon_core.package_identification:_identify(data_nuscenes/nuscenes/v1.0-test) by extension 'ignore_ament_install'
[1.038s] Level 1:colcon.colcon_core.package_identification:_identify(data_nuscenes/nuscenes/v1.0-test) by extensions ['colcon_pkg']
[1.038s] Level 1:colcon.colcon_core.package_identification:_identify(data_nuscenes/nuscenes/v1.0-test) by extension 'colcon_pkg'
[1.038s] Level 1:colcon.colcon_core.package_identification:_identify(data_nuscenes/nuscenes/v1.0-test) by extensions ['colcon_meta']
[1.038s] Level 1:colcon.colcon_core.package_identification:_identify(data_nuscenes/nuscenes/v1.0-test) by extension 'colcon_meta'
[1.038s] Level 1:colcon.colcon_core.package_identification:_identify(data_nuscenes/nuscenes/v1.0-test) by extensions ['ros']
[1.038s] Level 1:colcon.colcon_core.package_identification:_identify(data_nuscenes/nuscenes/v1.0-test) by extension 'ros'
[1.038s] Level 1:colcon.colcon_core.package_identification:_identify(data_nuscenes/nuscenes/v1.0-test) by extensions ['cmake', 'python']
[1.038s] Level 1:colcon.colcon_core.package_identification:_identify(data_nuscenes/nuscenes/v1.0-test) by extension 'cmake'
[1.038s] Level 1:colcon.colcon_core.package_identification:_identify(data_nuscenes/nuscenes/v1.0-test) by extension 'python'
[1.038s] Level 1:colcon.colcon_core.package_identification:_identify(data_nuscenes/nuscenes/v1.0-test) by extensions ['python_setup_py']
[1.038s] Level 1:colcon.colcon_core.package_identification:_identify(data_nuscenes/nuscenes/v1.0-test) by extension 'python_setup_py'
[1.039s] Level 1:colcon.colcon_core.package_identification:_identify(data_nuscenes/nuscenes/v1.0-trainval) by extensions ['ignore', 'ignore_ament_install']
[1.039s] Level 1:colcon.colcon_core.package_identification:_identify(data_nuscenes/nuscenes/v1.0-trainval) by extension 'ignore'
[1.039s] Level 1:colcon.colcon_core.package_identification:_identify(data_nuscenes/nuscenes/v1.0-trainval) by extension 'ignore_ament_install'
[1.039s] Level 1:colcon.colcon_core.package_identification:_identify(data_nuscenes/nuscenes/v1.0-trainval) by extensions ['colcon_pkg']
[1.039s] Level 1:colcon.colcon_core.package_identification:_identify(data_nuscenes/nuscenes/v1.0-trainval) by extension 'colcon_pkg'
[1.039s] Level 1:colcon.colcon_core.package_identification:_identify(data_nuscenes/nuscenes/v1.0-trainval) by extensions ['colcon_meta']
[1.039s] Level 1:colcon.colcon_core.package_identification:_identify(data_nuscenes/nuscenes/v1.0-trainval) by extension 'colcon_meta'
[1.039s] Level 1:colcon.colcon_core.package_identification:_identify(data_nuscenes/nuscenes/v1.0-trainval) by extensions ['ros']
[1.039s] Level 1:colcon.colcon_core.package_identification:_identify(data_nuscenes/nuscenes/v1.0-trainval) by extension 'ros'
[1.039s] Level 1:colcon.colcon_core.package_identification:_identify(data_nuscenes/nuscenes/v1.0-trainval) by extensions ['cmake', 'python']
[1.039s] Level 1:colcon.colcon_core.package_identification:_identify(data_nuscenes/nuscenes/v1.0-trainval) by extension 'cmake'
[1.039s] Level 1:colcon.colcon_core.package_identification:_identify(data_nuscenes/nuscenes/v1.0-trainval) by extension 'python'
[1.039s] Level 1:colcon.colcon_core.package_identification:_identify(data_nuscenes/nuscenes/v1.0-trainval) by extensions ['python_setup_py']
[1.039s] Level 1:colcon.colcon_core.package_identification:_identify(data_nuscenes/nuscenes/v1.0-trainval) by extension 'python_setup_py'
[1.039s] Level 1:colcon.colcon_core.package_identification:_identify(install) by extensions ['ignore', 'ignore_ament_install']
[1.039s] Level 1:colcon.colcon_core.package_identification:_identify(install) by extension 'ignore'
[1.039s] Level 1:colcon.colcon_core.package_identification:_identify(install) ignored
[1.039s] Level 1:colcon.colcon_core.package_identification:_identify(log) by extensions ['ignore', 'ignore_ament_install']
[1.039s] Level 1:colcon.colcon_core.package_identification:_identify(log) by extension 'ignore'
[1.039s] Level 1:colcon.colcon_core.package_identification:_identify(log) ignored
[1.039s] Level 1:colcon.colcon_core.package_identification:_identify(src) by extensions ['ignore', 'ignore_ament_install']
[1.040s] Level 1:colcon.colcon_core.package_identification:_identify(src) by extension 'ignore'
[1.040s] Level 1:colcon.colcon_core.package_identification:_identify(src) by extension 'ignore_ament_install'
[1.040s] Level 1:colcon.colcon_core.package_identification:_identify(src) by extensions ['colcon_pkg']
[1.040s] Level 1:colcon.colcon_core.package_identification:_identify(src) by extension 'colcon_pkg'
[1.040s] Level 1:colcon.colcon_core.package_identification:_identify(src) by extensions ['colcon_meta']
[1.040s] Level 1:colcon.colcon_core.package_identification:_identify(src) by extension 'colcon_meta'
[1.040s] Level 1:colcon.colcon_core.package_identification:_identify(src) by extensions ['ros']
[1.040s] Level 1:colcon.colcon_core.package_identification:_identify(src) by extension 'ros'
[1.040s] Level 1:colcon.colcon_core.package_identification:_identify(src) by extensions ['cmake', 'python']
[1.040s] Level 1:colcon.colcon_core.package_identification:_identify(src) by extension 'cmake'
[1.040s] Level 1:colcon.colcon_core.package_identification:_identify(src) by extension 'python'
[1.040s] Level 1:colcon.colcon_core.package_identification:_identify(src) by extensions ['python_setup_py']
[1.040s] Level 1:colcon.colcon_core.package_identification:_identify(src) by extension 'python_setup_py'
[1.040s] Level 1:colcon.colcon_core.package_identification:_identify(src/fastbev_ros) by extensions ['ignore', 'ignore_ament_install']
[1.040s] Level 1:colcon.colcon_core.package_identification:_identify(src/fastbev_ros) by extension 'ignore'
[1.040s] Level 1:colcon.colcon_core.package_identification:_identify(src/fastbev_ros) by extension 'ignore_ament_install'
[1.040s] Level 1:colcon.colcon_core.package_identification:_identify(src/fastbev_ros) by extensions ['colcon_pkg']
[1.040s] Level 1:colcon.colcon_core.package_identification:_identify(src/fastbev_ros) by extension 'colcon_pkg'
[1.040s] Level 1:colcon.colcon_core.package_identification:_identify(src/fastbev_ros) by extensions ['colcon_meta']
[1.040s] Level 1:colcon.colcon_core.package_identification:_identify(src/fastbev_ros) by extension 'colcon_meta'
[1.040s] Level 1:colcon.colcon_core.package_identification:_identify(src/fastbev_ros) by extensions ['ros']
[1.040s] Level 1:colcon.colcon_core.package_identification:_identify(src/fastbev_ros) by extension 'ros'
[1.042s] DEBUG:colcon.colcon_core.package_identification:Package 'src/fastbev_ros' with type 'ros.ament_python' and name 'fastbev_ros'
[1.042s] Level 1:colcon.colcon_core.package_identification:_identify(vis) by extensions ['ignore', 'ignore_ament_install']
[1.042s] Level 1:colcon.colcon_core.package_identification:_identify(vis) by extension 'ignore'
[1.042s] Level 1:colcon.colcon_core.package_identification:_identify(vis) by extension 'ignore_ament_install'
[1.043s] Level 1:colcon.colcon_core.package_identification:_identify(vis) by extensions ['colcon_pkg']
[1.043s] Level 1:colcon.colcon_core.package_identification:_identify(vis) by extension 'colcon_pkg'
[1.043s] Level 1:colcon.colcon_core.package_identification:_identify(vis) by extensions ['colcon_meta']
[1.043s] Level 1:colcon.colcon_core.package_identification:_identify(vis) by extension 'colcon_meta'
[1.043s] Level 1:colcon.colcon_core.package_identification:_identify(vis) by extensions ['ros']
[1.043s] Level 1:colcon.colcon_core.package_identification:_identify(vis) by extension 'ros'
[1.043s] Level 1:colcon.colcon_core.package_identification:_identify(vis) by extensions ['cmake', 'python']
[1.043s] Level 1:colcon.colcon_core.package_identification:_identify(vis) by extension 'cmake'
[1.043s] Level 1:colcon.colcon_core.package_identification:_identify(vis) by extension 'python'
[1.043s] Level 1:colcon.colcon_core.package_identification:_identify(vis) by extensions ['python_setup_py']
[1.043s] Level 1:colcon.colcon_core.package_identification:_identify(vis) by extension 'python_setup_py'
[1.043s] Level 1:colcon.colcon_core.package_discovery:discover_packages(recursive) using defaults
[1.043s] Level 1:colcon.colcon_core.package_discovery:discover_packages(ignore) discover
[1.043s] Level 1:colcon.colcon_core.package_discovery:discover_packages(ignore) using defaults
[1.043s] Level 1:colcon.colcon_core.package_discovery:discover_packages(path) discover
[1.043s] Level 1:colcon.colcon_core.package_discovery:discover_packages(path) using defaults
[1.057s] Level 1:colcon.colcon_core.package_discovery:discover_packages(prefix_path) check parameters
[1.057s] Level 1:colcon.colcon_core.package_discovery:discover_packages(prefix_path) discover
[1.058s] DEBUG:colcon.colcon_installed_package_information.package_discovery:Found 1 installed packages in /home/kenta/ros2_ws/install
[1.059s] DEBUG:colcon.colcon_installed_package_information.package_discovery:Found 273 installed packages in /opt/ros/humble
[1.060s] Level 1:colcon.colcon_core.package_discovery:discover_packages(prefix_path) using defaults
[1.093s] Level 5:colcon.colcon_core.verb:set package 'fastbev_ros' build argument 'cmake_args' from command line to 'None'
[1.093s] Level 5:colcon.colcon_core.verb:set package 'fastbev_ros' build argument 'cmake_target' from command line to 'None'
[1.093s] Level 5:colcon.colcon_core.verb:set package 'fastbev_ros' build argument 'cmake_target_skip_unavailable' from command line to 'False'
[1.093s] Level 5:colcon.colcon_core.verb:set package 'fastbev_ros' build argument 'cmake_clean_cache' from command line to 'False'
[1.093s] Level 5:colcon.colcon_core.verb:set package 'fastbev_ros' build argument 'cmake_clean_first' from command line to 'False'
[1.093s] Level 5:colcon.colcon_core.verb:set package 'fastbev_ros' build argument 'cmake_force_configure' from command line to 'False'
[1.093s] Level 5:colcon.colcon_core.verb:set package 'fastbev_ros' build argument 'ament_cmake_args' from command line to 'None'
[1.093s] Level 5:colcon.colcon_core.verb:set package 'fastbev_ros' build argument 'catkin_cmake_args' from command line to 'None'
[1.093s] Level 5:colcon.colcon_core.verb:set package 'fastbev_ros' build argument 'catkin_skip_building_tests' from command line to 'False'
[1.093s] DEBUG:colcon.colcon_core.verb:Building package 'fastbev_ros' with the following arguments: {'ament_cmake_args': None, 'build_base': '/home/kenta/ros2_ws/build/fastbev_ros', 'catkin_cmake_args': None, 'catkin_skip_building_tests': False, 'cmake_args': None, 'cmake_clean_cache': False, 'cmake_clean_first': False, 'cmake_force_configure': False, 'cmake_target': None, 'cmake_target_skip_unavailable': False, 'install_base': '/home/kenta/ros2_ws/install/fastbev_ros', 'merge_install': False, 'path': '/home/kenta/ros2_ws/src/fastbev_ros', 'symlink_install': True, 'test_result_base': None}
[1.093s] INFO:colcon.colcon_core.executor:Executing jobs using 'parallel' executor
[1.094s] DEBUG:colcon.colcon_parallel_executor.executor.parallel:run_until_complete
[1.094s] INFO:colcon.colcon_ros.task.ament_python.build:Building ROS package in '/home/kenta/ros2_ws/src/fastbev_ros' with build type 'ament_python'
[1.094s] Level 1:colcon.colcon_core.shell:create_environment_hook('fastbev_ros', 'ament_prefix_path')
[1.096s] INFO:colcon.colcon_core.plugin_system:Skipping extension 'colcon_core.shell.bat': Not used on non-Windows systems
[1.096s] INFO:colcon.colcon_core.shell:Creating environment hook '/home/kenta/ros2_ws/install/fastbev_ros/share/fastbev_ros/hook/ament_prefix_path.ps1'
[1.096s] INFO:colcon.colcon_core.shell:Creating environment descriptor '/home/kenta/ros2_ws/install/fastbev_ros/share/fastbev_ros/hook/ament_prefix_path.dsv'
[1.097s] INFO:colcon.colcon_core.shell:Creating environment hook '/home/kenta/ros2_ws/install/fastbev_ros/share/fastbev_ros/hook/ament_prefix_path.sh'
[1.097s] INFO:colcon.colcon_core.shell:Skip shell extension 'powershell' for command environment: Not usable outside of PowerShell
[1.097s] DEBUG:colcon.colcon_core.shell:Skip shell extension 'dsv' for command environment
[1.286s] INFO:colcon.colcon_core.task.python.build:Building Python package in '/home/kenta/ros2_ws/src/fastbev_ros'
[1.287s] INFO:colcon.colcon_core.shell:Skip shell extension 'powershell' for command environment: Not usable outside of PowerShell
[1.287s] DEBUG:colcon.colcon_core.shell:Skip shell extension 'dsv' for command environment
[1.524s] DEBUG:colcon.colcon_core.event_handler.log_command:Invoking command in '/home/kenta/ros2_ws/build/fastbev_ros': CONDA_PROMPT_MODIFIER=(fastbev_ros_py310) PYTHONPATH=/home/kenta/ros2_ws/build/fastbev_ros/prefix_override:/usr/lib/python3/dist-packages/colcon_core/task/python/colcon_distutils_commands:/home/kenta/ros2_ws/install/fastbev_ros/lib/python3.10/site-packages:${PYTHONPATH} /usr/bin/python3 -W ignore:setup.py install is deprecated -W ignore:easy_install command is deprecated setup.py develop --editable --build-directory /home/kenta/ros2_ws/build/fastbev_ros/build --no-deps symlink_data
[1.852s] Level 1:colcon.colcon_core.shell:create_environment_hook('fastbev_ros', 'pythonpath_develop')
[1.852s] INFO:colcon.colcon_core.shell:Creating environment hook '/home/kenta/ros2_ws/build/fastbev_ros/share/fastbev_ros/hook/pythonpath_develop.ps1'
[1.853s] DEBUG:colcon.colcon_core.event_handler.log_command:Invoked command in '/home/kenta/ros2_ws/build/fastbev_ros' returned '0': CONDA_PROMPT_MODIFIER=(fastbev_ros_py310) PYTHONPATH=/home/kenta/ros2_ws/build/fastbev_ros/prefix_override:/usr/lib/python3/dist-packages/colcon_core/task/python/colcon_distutils_commands:/home/kenta/ros2_ws/install/fastbev_ros/lib/python3.10/site-packages:${PYTHONPATH} /usr/bin/python3 -W ignore:setup.py install is deprecated -W ignore:easy_install command is deprecated setup.py develop --editable --build-directory /home/kenta/ros2_ws/build/fastbev_ros/build --no-deps symlink_data
[1.853s] INFO:colcon.colcon_core.shell:Creating environment descriptor '/home/kenta/ros2_ws/build/fastbev_ros/share/fastbev_ros/hook/pythonpath_develop.dsv'
[1.853s] INFO:colcon.colcon_core.shell:Creating environment hook '/home/kenta/ros2_ws/build/fastbev_ros/share/fastbev_ros/hook/pythonpath_develop.sh'
[1.855s] Level 1:colcon.colcon_core.environment:checking '/home/kenta/ros2_ws/install/fastbev_ros' for CMake module files
[1.855s] Level 1:colcon.colcon_core.environment:checking '/home/kenta/ros2_ws/install/fastbev_ros' for CMake config files
[1.856s] Level 1:colcon.colcon_core.environment:checking '/home/kenta/ros2_ws/install/fastbev_ros/lib'
[1.856s] Level 1:colcon.colcon_core.environment:checking '/home/kenta/ros2_ws/install/fastbev_ros/bin'
[1.856s] Level 1:colcon.colcon_core.environment:checking '/home/kenta/ros2_ws/install/fastbev_ros/lib/pkgconfig/fastbev_ros.pc'
[1.856s] Level 1:colcon.colcon_core.environment:checking '/home/kenta/ros2_ws/install/fastbev_ros/lib/python3.10/site-packages'
[1.856s] Level 1:colcon.colcon_core.shell:create_environment_hook('fastbev_ros', 'pythonpath')
[1.857s] INFO:colcon.colcon_core.shell:Creating environment hook '/home/kenta/ros2_ws/install/fastbev_ros/share/fastbev_ros/hook/pythonpath.ps1'
[1.857s] INFO:colcon.colcon_core.shell:Creating environment descriptor '/home/kenta/ros2_ws/install/fastbev_ros/share/fastbev_ros/hook/pythonpath.dsv'
[1.857s] INFO:colcon.colcon_core.shell:Creating environment hook '/home/kenta/ros2_ws/install/fastbev_ros/share/fastbev_ros/hook/pythonpath.sh'
[1.858s] Level 1:colcon.colcon_core.environment:checking '/home/kenta/ros2_ws/install/fastbev_ros/bin'
[1.858s] Level 1:colcon.colcon_core.environment:create_environment_scripts_only(fastbev_ros)
[1.858s] INFO:colcon.colcon_core.shell:Creating package script '/home/kenta/ros2_ws/install/fastbev_ros/share/fastbev_ros/package.ps1'
[1.859s] INFO:colcon.colcon_core.shell:Creating package descriptor '/home/kenta/ros2_ws/install/fastbev_ros/share/fastbev_ros/package.dsv'
[1.859s] INFO:colcon.colcon_core.shell:Creating package script '/home/kenta/ros2_ws/install/fastbev_ros/share/fastbev_ros/package.sh'
[1.860s] INFO:colcon.colcon_core.shell:Creating package script '/home/kenta/ros2_ws/install/fastbev_ros/share/fastbev_ros/package.bash'
[1.861s] INFO:colcon.colcon_core.shell:Creating package script '/home/kenta/ros2_ws/install/fastbev_ros/share/fastbev_ros/package.zsh'
[1.861s] Level 1:colcon.colcon_core.environment:create_file_with_runtime_dependencies(/home/kenta/ros2_ws/install/fastbev_ros/share/colcon-core/packages/fastbev_ros)
[1.861s] DEBUG:colcon.colcon_parallel_executor.executor.parallel:closing loop
[1.861s] DEBUG:colcon.colcon_parallel_executor.executor.parallel:loop closed
[1.861s] DEBUG:colcon.colcon_parallel_executor.executor.parallel:run_until_complete finished with '0'
[1.862s] DEBUG:colcon.colcon_core.event_reactor:joining thread
[1.865s] INFO:colcon.colcon_core.plugin_system:Skipping extension 'colcon_notification.desktop_notification.terminal_notifier': Not used on non-Darwin systems
[1.865s] INFO:colcon.colcon_core.plugin_system:Skipping extension 'colcon_notification.desktop_notification.win32': Not used on non-Windows systems
[1.866s] INFO:colcon.colcon_notification.desktop_notification:Sending desktop notification using 'notify2'
[1.874s] DEBUG:colcon.colcon_core.event_reactor:joined thread
[1.874s] INFO:colcon.colcon_core.shell:Creating prefix script '/home/kenta/ros2_ws/install/local_setup.ps1'
[1.875s] INFO:colcon.colcon_core.shell:Creating prefix util module '/home/kenta/ros2_ws/install/_local_setup_util_ps1.py'
[1.876s] INFO:colcon.colcon_core.shell:Creating prefix chain script '/home/kenta/ros2_ws/install/setup.ps1'
[1.877s] INFO:colcon.colcon_core.shell:Creating prefix script '/home/kenta/ros2_ws/install/local_setup.sh'
[1.877s] INFO:colcon.colcon_core.shell:Creating prefix util module '/home/kenta/ros2_ws/install/_local_setup_util_sh.py'
[1.878s] INFO:colcon.colcon_core.shell:Creating prefix chain script '/home/kenta/ros2_ws/install/setup.sh'
[1.878s] INFO:colcon.colcon_core.shell:Creating prefix script '/home/kenta/ros2_ws/install/local_setup.bash'
[1.879s] INFO:colcon.colcon_core.shell:Creating prefix chain script '/home/kenta/ros2_ws/install/setup.bash'
[1.880s] INFO:colcon.colcon_core.shell:Creating prefix script '/home/kenta/ros2_ws/install/local_setup.zsh'
[1.880s] INFO:colcon.colcon_core.shell:Creating prefix chain script '/home/kenta/ros2_ws/install/setup.zsh'
